{"D:\\Eduv4\\Softect\\reto1\\servlees-swap\\dist\\app\\di\\iocContainer.js": {"path":"D:\\Eduv4\\Softect\\reto1\\servlees-swap\\dist\\app\\di\\iocContainer.js","all":false,"statementMap":{"0":{"start":{"line":1,"column":0},"end":{"line":1,"column":13}},"1":{"start":{"line":2,"column":0},"end":{"line":2,"column":62}},"2":{"start":{"line":3,"column":0},"end":{"line":3,"column":719}},"3":{"start":{"line":4,"column":0},"end":{"line":4,"column":35}},"4":{"start":{"line":5,"column":0},"end":{"line":5,"column":43}},"5":{"start":{"line":6,"column":0},"end":{"line":6,"column":109}},"6":{"start":{"line":7,"column":0},"end":{"line":7,"column":109}},"7":{"start":{"line":8,"column":0},"end":{"line":8,"column":119}},"8":{"start":{"line":9,"column":0},"end":{"line":9,"column":111}},"9":{"start":{"line":10,"column":0},"end":{"line":10,"column":120}},"10":{"start":{"line":11,"column":0},"end":{"line":11,"column":107}},"11":{"start":{"line":12,"column":0},"end":{"line":12,"column":113}},"12":{"start":{"line":13,"column":0},"end":{"line":13,"column":108}},"13":{"start":{"line":14,"column":0},"end":{"line":14,"column":123}},"14":{"start":{"line":15,"column":0},"end":{"line":15,"column":108}},"15":{"start":{"line":16,"column":0},"end":{"line":16,"column":118}},"16":{"start":{"line":17,"column":0},"end":{"line":17,"column":112}},"17":{"start":{"line":18,"column":0},"end":{"line":18,"column":107}},"18":{"start":{"line":19,"column":0},"end":{"line":19,"column":106}},"19":{"start":{"line":20,"column":0},"end":{"line":20,"column":108}},"20":{"start":{"line":21,"column":0},"end":{"line":21,"column":117}},"21":{"start":{"line":22,"column":0},"end":{"line":22,"column":110}},"22":{"start":{"line":23,"column":0},"end":{"line":23,"column":122}},"23":{"start":{"line":24,"column":0},"end":{"line":24,"column":9}},"24":{"start":{"line":25,"column":0},"end":{"line":25,"column":63}},"25":{"start":{"line":26,"column":0},"end":{"line":26,"column":71}},"26":{"start":{"line":27,"column":0},"end":{"line":27,"column":91}},"27":{"start":{"line":28,"column":0},"end":{"line":28,"column":83}},"28":{"start":{"line":29,"column":0},"end":{"line":29,"column":83}},"29":{"start":{"line":30,"column":0},"end":{"line":30,"column":93}},"30":{"start":{"line":31,"column":0},"end":{"line":31,"column":83}},"31":{"start":{"line":32,"column":0},"end":{"line":32,"column":70}},"32":{"start":{"line":33,"column":0},"end":{"line":33,"column":81}},"33":{"start":{"line":34,"column":0},"end":{"line":34,"column":95}},"34":{"start":{"line":35,"column":0},"end":{"line":35,"column":43}},"35":{"start":{"line":36,"column":0},"end":{"line":36,"column":49}},"36":{"start":{"line":37,"column":0},"end":{"line":37,"column":64}},"37":{"start":{"line":38,"column":0},"end":{"line":38,"column":54}},"38":{"start":{"line":39,"column":0},"end":{"line":39,"column":106}},"39":{"start":{"line":40,"column":0},"end":{"line":40,"column":109}},"40":{"start":{"line":41,"column":0},"end":{"line":41,"column":180}},"41":{"start":{"line":42,"column":0},"end":{"line":42,"column":176}},"42":{"start":{"line":43,"column":0},"end":{"line":43,"column":183}},"43":{"start":{"line":44,"column":0},"end":{"line":44,"column":179}},"44":{"start":{"line":45,"column":0},"end":{"line":45,"column":164}},"45":{"start":{"line":46,"column":0},"end":{"line":46,"column":191}},"46":{"start":{"line":47,"column":0},"end":{"line":47,"column":300}},"47":{"start":{"line":48,"column":0},"end":{"line":48,"column":21}},"48":{"start":{"line":49,"column":0},"end":{"line":49,"column":71}},"49":{"start":{"line":50,"column":0},"end":{"line":50,"column":91}},"50":{"start":{"line":51,"column":0},"end":{"line":51,"column":83}},"51":{"start":{"line":52,"column":0},"end":{"line":52,"column":83}},"52":{"start":{"line":53,"column":0},"end":{"line":53,"column":81}},"53":{"start":{"line":54,"column":0},"end":{"line":54,"column":70}},"54":{"start":{"line":55,"column":0},"end":{"line":55,"column":81}},"55":{"start":{"line":56,"column":0},"end":{"line":56,"column":95}},"56":{"start":{"line":57,"column":0},"end":{"line":57,"column":91}},"57":{"start":{"line":58,"column":0},"end":{"line":58,"column":54}},"58":{"start":{"line":59,"column":0},"end":{"line":59,"column":106}},"59":{"start":{"line":60,"column":0},"end":{"line":60,"column":109}},"60":{"start":{"line":61,"column":0},"end":{"line":61,"column":180}},"61":{"start":{"line":62,"column":0},"end":{"line":62,"column":176}},"62":{"start":{"line":63,"column":0},"end":{"line":63,"column":181}},"63":{"start":{"line":64,"column":0},"end":{"line":64,"column":177}},"64":{"start":{"line":65,"column":0},"end":{"line":65,"column":164}},"65":{"start":{"line":66,"column":0},"end":{"line":66,"column":191}},"66":{"start":{"line":67,"column":0},"end":{"line":67,"column":299}},"67":{"start":{"line":68,"column":0},"end":{"line":68,"column":37}}},"s":{"0":4,"1":4,"2":4,"3":4,"4":4,"5":4,"6":4,"7":4,"8":4,"9":4,"10":4,"11":4,"12":4,"13":4,"14":4,"15":4,"16":4,"17":4,"18":4,"19":4,"20":4,"21":4,"22":4,"23":4,"24":4,"25":4,"26":4,"27":4,"28":4,"29":4,"30":4,"31":4,"32":4,"33":4,"34":4,"35":4,"36":4,"37":4,"38":4,"39":4,"40":4,"41":4,"42":4,"43":4,"44":4,"45":4,"46":4,"47":4,"48":4,"49":4,"50":4,"51":4,"52":4,"53":4,"54":4,"55":4,"56":4,"57":4,"58":4,"59":4,"60":4,"61":4,"62":4,"63":4,"64":4,"65":4,"66":4,"67":4},"branchMap":{"0":{"type":"branch","line":1,"loc":{"start":{"line":1,"column":0},"end":{"line":68,"column":37}},"locations":[{"start":{"line":1,"column":0},"end":{"line":68,"column":37}}]},"1":{"type":"branch","line":1,"loc":{"start":{"line":1,"column":0},"end":{"line":68,"column":37}},"locations":[{"start":{"line":1,"column":0},"end":{"line":68,"column":37}}]},"2":{"type":"branch","line":38,"loc":{"start":{"line":38,"column":48},"end":{"line":38,"column":53}},"locations":[{"start":{"line":38,"column":48},"end":{"line":38,"column":53}}]}},"b":{"0":[4],"1":[4],"2":[0]},"fnMap":{"0":{"name":"Object.<anonymous>","decl":{"start":{"line":1,"column":0},"end":{"line":68,"column":37}},"loc":{"start":{"line":1,"column":0},"end":{"line":68,"column":37}},"line":1}},"f":{"0":4}}
,"D:\\Eduv4\\Softect\\reto1\\servlees-swap\\dist\\app\\handlers\\planets\\createPlanet.js": {"path":"D:\\Eduv4\\Softect\\reto1\\servlees-swap\\dist\\app\\handlers\\planets\\createPlanet.js","all":false,"statementMap":{"0":{"start":{"line":1,"column":0},"end":{"line":1,"column":13}},"1":{"start":{"line":2,"column":0},"end":{"line":2,"column":97}},"2":{"start":{"line":3,"column":0},"end":{"line":3,"column":33}},"3":{"start":{"line":4,"column":0},"end":{"line":4,"column":53}},"4":{"start":{"line":5,"column":0},"end":{"line":5,"column":88}},"5":{"start":{"line":6,"column":0},"end":{"line":6,"column":68}},"6":{"start":{"line":7,"column":0},"end":{"line":7,"column":5}},"7":{"start":{"line":8,"column":0},"end":{"line":8,"column":39}},"8":{"start":{"line":9,"column":0},"end":{"line":9,"column":29}},"9":{"start":{"line":10,"column":0},"end":{"line":10,"column":33}},"10":{"start":{"line":11,"column":0},"end":{"line":11,"column":17}},"11":{"start":{"line":12,"column":0},"end":{"line":12,"column":4}},"12":{"start":{"line":13,"column":0},"end":{"line":13,"column":96}},"13":{"start":{"line":14,"column":0},"end":{"line":14,"column":72}},"14":{"start":{"line":15,"column":0},"end":{"line":15,"column":21}},"15":{"start":{"line":16,"column":0},"end":{"line":16,"column":21}},"16":{"start":{"line":17,"column":0},"end":{"line":17,"column":3}},"17":{"start":{"line":18,"column":0},"end":{"line":18,"column":66}},"18":{"start":{"line":19,"column":0},"end":{"line":19,"column":42}},"19":{"start":{"line":20,"column":0},"end":{"line":20,"column":20}},"20":{"start":{"line":21,"column":0},"end":{"line":21,"column":141}},"21":{"start":{"line":22,"column":0},"end":{"line":22,"column":36}},"22":{"start":{"line":23,"column":0},"end":{"line":23,"column":18}},"23":{"start":{"line":24,"column":0},"end":{"line":24,"column":2}},"24":{"start":{"line":25,"column":0},"end":{"line":25,"column":90}},"25":{"start":{"line":26,"column":0},"end":{"line":26,"column":112}},"26":{"start":{"line":27,"column":0},"end":{"line":27,"column":64}},"27":{"start":{"line":28,"column":0},"end":{"line":28,"column":99}},"28":{"start":{"line":29,"column":0},"end":{"line":29,"column":102}},"29":{"start":{"line":30,"column":0},"end":{"line":30,"column":118}},"30":{"start":{"line":31,"column":0},"end":{"line":31,"column":78}},"31":{"start":{"line":32,"column":0},"end":{"line":32,"column":7}},"32":{"start":{"line":33,"column":0},"end":{"line":33,"column":2}},"33":{"start":{"line":34,"column":0},"end":{"line":34,"column":62}},"34":{"start":{"line":35,"column":0},"end":{"line":35,"column":25}},"35":{"start":{"line":36,"column":0},"end":{"line":36,"column":106}},"36":{"start":{"line":37,"column":0},"end":{"line":37,"column":70}},"37":{"start":{"line":38,"column":0},"end":{"line":38,"column":75}},"38":{"start":{"line":39,"column":0},"end":{"line":39,"column":9}},"39":{"start":{"line":40,"column":0},"end":{"line":40,"column":26}},"40":{"start":{"line":41,"column":0},"end":{"line":41,"column":20}},"41":{"start":{"line":42,"column":0},"end":{"line":42,"column":32}},"42":{"start":{"line":43,"column":0},"end":{"line":43,"column":78}},"43":{"start":{"line":44,"column":0},"end":{"line":44,"column":14}},"44":{"start":{"line":45,"column":0},"end":{"line":45,"column":9}},"45":{"start":{"line":46,"column":0},"end":{"line":46,"column":44}},"46":{"start":{"line":47,"column":0},"end":{"line":47,"column":88}},"47":{"start":{"line":48,"column":0},"end":{"line":48,"column":109}},"48":{"start":{"line":49,"column":0},"end":{"line":49,"column":83}},"49":{"start":{"line":50,"column":0},"end":{"line":50,"column":16}},"50":{"start":{"line":51,"column":0},"end":{"line":51,"column":28}},"51":{"start":{"line":52,"column":0},"end":{"line":52,"column":34}},"52":{"start":{"line":53,"column":0},"end":{"line":53,"column":52}},"53":{"start":{"line":54,"column":0},"end":{"line":54,"column":30}},"54":{"start":{"line":55,"column":0},"end":{"line":55,"column":15}},"55":{"start":{"line":56,"column":0},"end":{"line":56,"column":10}},"56":{"start":{"line":57,"column":0},"end":{"line":57,"column":5}},"57":{"start":{"line":58,"column":0},"end":{"line":58,"column":19}},"58":{"start":{"line":59,"column":0},"end":{"line":59,"column":16}},"59":{"start":{"line":60,"column":0},"end":{"line":60,"column":28}},"60":{"start":{"line":61,"column":0},"end":{"line":61,"column":34}},"61":{"start":{"line":62,"column":0},"end":{"line":62,"column":73}},"62":{"start":{"line":63,"column":0},"end":{"line":63,"column":87}},"63":{"start":{"line":64,"column":0},"end":{"line":64,"column":15}},"64":{"start":{"line":65,"column":0},"end":{"line":65,"column":10}},"65":{"start":{"line":66,"column":0},"end":{"line":66,"column":5}},"66":{"start":{"line":67,"column":0},"end":{"line":67,"column":3}},"67":{"start":{"line":68,"column":0},"end":{"line":68,"column":26}}},"s":{"0":1,"1":1,"2":0,"3":0,"4":0,"5":0,"6":0,"7":0,"8":1,"9":0,"10":0,"11":1,"12":1,"13":0,"14":1,"15":0,"16":1,"17":1,"18":1,"19":0,"20":0,"21":0,"22":0,"23":1,"24":1,"25":3,"26":3,"27":3,"28":3,"29":3,"30":3,"31":3,"32":1,"33":1,"34":1,"35":1,"36":1,"37":1,"38":3,"39":3,"40":1,"41":1,"42":1,"43":1,"44":1,"45":2,"46":2,"47":2,"48":2,"49":1,"50":1,"51":1,"52":1,"53":1,"54":1,"55":1,"56":1,"57":1,"58":1,"59":1,"60":1,"61":1,"62":1,"63":1,"64":1,"65":1,"66":1,"67":1},"branchMap":{"0":{"type":"branch","line":1,"loc":{"start":{"line":1,"column":0},"end":{"line":68,"column":26}},"locations":[{"start":{"line":1,"column":0},"end":{"line":68,"column":26}}]},"1":{"type":"branch","line":1,"loc":{"start":{"line":1,"column":0},"end":{"line":68,"column":26}},"locations":[{"start":{"line":1,"column":0},"end":{"line":68,"column":26}}]},"2":{"type":"branch","line":9,"loc":{"start":{"line":9,"column":3},"end":{"line":12,"column":2}},"locations":[{"start":{"line":9,"column":3},"end":{"line":12,"column":2}}]},"3":{"type":"branch","line":15,"loc":{"start":{"line":15,"column":3},"end":{"line":17,"column":1}},"locations":[{"start":{"line":15,"column":3},"end":{"line":17,"column":1}}]},"4":{"type":"branch","line":2,"loc":{"start":{"line":2,"column":74},"end":{"line":9,"column":1}},"locations":[{"start":{"line":2,"column":74},"end":{"line":9,"column":1}}]},"5":{"type":"branch","line":9,"loc":{"start":{"line":9,"column":6},"end":{"line":12,"column":1}},"locations":[{"start":{"line":9,"column":6},"end":{"line":12,"column":1}}]},"6":{"type":"branch","line":13,"loc":{"start":{"line":13,"column":80},"end":{"line":15,"column":1}},"locations":[{"start":{"line":13,"column":80},"end":{"line":15,"column":1}}]},"7":{"type":"branch","line":18,"loc":{"start":{"line":18,"column":50},"end":{"line":24,"column":1}},"locations":[{"start":{"line":18,"column":50},"end":{"line":24,"column":1}}]},"8":{"type":"branch","line":20,"loc":{"start":{"line":20,"column":-1},"end":{"line":24,"column":0}},"locations":[{"start":{"line":20,"column":-1},"end":{"line":24,"column":0}}]},"9":{"type":"branch","line":25,"loc":{"start":{"line":25,"column":44},"end":{"line":33,"column":1}},"locations":[{"start":{"line":25,"column":44},"end":{"line":33,"column":1}}]},"10":{"type":"branch","line":26,"loc":{"start":{"line":26,"column":4},"end":{"line":26,"column":112}},"locations":[{"start":{"line":26,"column":4},"end":{"line":26,"column":112}}]},"11":{"type":"branch","line":26,"loc":{"start":{"line":26,"column":62},"end":{"line":26,"column":109}},"locations":[{"start":{"line":26,"column":62},"end":{"line":26,"column":109}}]},"12":{"type":"branch","line":27,"loc":{"start":{"line":27,"column":36},"end":{"line":32,"column":5}},"locations":[{"start":{"line":27,"column":36},"end":{"line":32,"column":5}}]},"13":{"type":"branch","line":28,"loc":{"start":{"line":28,"column":8},"end":{"line":28,"column":99}},"locations":[{"start":{"line":28,"column":8},"end":{"line":28,"column":99}}]},"14":{"type":"branch","line":28,"loc":{"start":{"line":28,"column":73},"end":{"line":28,"column":97}},"locations":[{"start":{"line":28,"column":73},"end":{"line":28,"column":97}}]},"15":{"type":"branch","line":29,"loc":{"start":{"line":29,"column":8},"end":{"line":29,"column":102}},"locations":[{"start":{"line":29,"column":8},"end":{"line":29,"column":102}}]},"16":{"type":"branch","line":29,"loc":{"start":{"line":29,"column":76},"end":{"line":29,"column":100}},"locations":[{"start":{"line":29,"column":76},"end":{"line":29,"column":100}}]},"17":{"type":"branch","line":30,"loc":{"start":{"line":30,"column":8},"end":{"line":30,"column":118}},"locations":[{"start":{"line":30,"column":8},"end":{"line":30,"column":118}}]},"18":{"type":"branch","line":30,"loc":{"start":{"line":30,"column":44},"end":{"line":30,"column":67}},"locations":[{"start":{"line":30,"column":44},"end":{"line":30,"column":67}}]},"19":{"type":"branch","line":30,"loc":{"start":{"line":30,"column":68},"end":{"line":30,"column":115}},"locations":[{"start":{"line":30,"column":68},"end":{"line":30,"column":115}}]},"20":{"type":"branch","line":38,"loc":{"start":{"line":38,"column":16},"end":{"line":67,"column":2}},"locations":[{"start":{"line":38,"column":16},"end":{"line":67,"column":2}}]},"21":{"type":"branch","line":38,"loc":{"start":{"line":38,"column":61},"end":{"line":67,"column":1}},"locations":[{"start":{"line":38,"column":61},"end":{"line":67,"column":1}}]},"22":{"type":"branch","line":40,"loc":{"start":{"line":40,"column":25},"end":{"line":45,"column":9}},"locations":[{"start":{"line":40,"column":25},"end":{"line":45,"column":9}}]},"23":{"type":"branch","line":46,"loc":{"start":{"line":46,"column":-1},"end":{"line":49,"column":83}},"locations":[{"start":{"line":46,"column":-1},"end":{"line":49,"column":83}}]},"24":{"type":"branch","line":50,"loc":{"start":{"line":50,"column":-1},"end":{"line":66,"column":5}},"locations":[{"start":{"line":50,"column":-1},"end":{"line":66,"column":5}}]},"25":{"type":"branch","line":63,"loc":{"start":{"line":63,"column":69},"end":{"line":63,"column":86}},"locations":[{"start":{"line":63,"column":69},"end":{"line":63,"column":86}}]}},"b":{"0":[1],"1":[1],"2":[0],"3":[0],"4":[0],"5":[0],"6":[0],"7":[1],"8":[0],"9":[3],"10":[2],"11":[0],"12":[3],"13":[1],"14":[0],"15":[1],"16":[0],"17":[5],"18":[3],"19":[2],"20":[3],"21":[3],"22":[1],"23":[2],"24":[1],"25":[0]},"fnMap":{"0":{"name":"Object.<anonymous>","decl":{"start":{"line":1,"column":0},"end":{"line":68,"column":26}},"loc":{"start":{"line":1,"column":0},"end":{"line":68,"column":26}},"line":1},"1":{"name":"Object.<anonymous>.__setModuleDefault","decl":{"start":{"line":15,"column":5},"end":{"line":17,"column":1}},"loc":{"start":{"line":15,"column":5},"end":{"line":17,"column":1}},"line":15},"2":{"name":"Object.<anonymous>.__importStar","decl":{"start":{"line":18,"column":50},"end":{"line":24,"column":1}},"loc":{"start":{"line":18,"column":50},"end":{"line":24,"column":1}},"line":18},"3":{"name":"Object.<anonymous>.__awaiter","decl":{"start":{"line":25,"column":44},"end":{"line":33,"column":1}},"loc":{"start":{"line":25,"column":44},"end":{"line":33,"column":1}},"line":25},"4":{"name":"adopt","decl":{"start":{"line":26,"column":4},"end":{"line":26,"column":112}},"loc":{"start":{"line":26,"column":4},"end":{"line":26,"column":112}},"line":26},"5":{"name":"fulfilled","decl":{"start":{"line":28,"column":8},"end":{"line":28,"column":99}},"loc":{"start":{"line":28,"column":8},"end":{"line":28,"column":99}},"line":28},"6":{"name":"rejected","decl":{"start":{"line":29,"column":8},"end":{"line":29,"column":102}},"loc":{"start":{"line":29,"column":8},"end":{"line":29,"column":102}},"line":29},"7":{"name":"step","decl":{"start":{"line":30,"column":8},"end":{"line":30,"column":118}},"loc":{"start":{"line":30,"column":8},"end":{"line":30,"column":118}},"line":30},"8":{"name":"handler","decl":{"start":{"line":38,"column":16},"end":{"line":67,"column":2}},"loc":{"start":{"line":38,"column":16},"end":{"line":67,"column":2}},"line":38}},"f":{"0":1,"1":0,"2":1,"3":3,"4":2,"5":1,"6":1,"7":5,"8":3}}
,"D:\\Eduv4\\Softect\\reto1\\servlees-swap\\dist\\app\\handlers\\planets\\getPlanets.js": {"path":"D:\\Eduv4\\Softect\\reto1\\servlees-swap\\dist\\app\\handlers\\planets\\getPlanets.js","all":false,"statementMap":{"0":{"start":{"line":1,"column":0},"end":{"line":1,"column":13}},"1":{"start":{"line":2,"column":0},"end":{"line":2,"column":97}},"2":{"start":{"line":3,"column":0},"end":{"line":3,"column":33}},"3":{"start":{"line":4,"column":0},"end":{"line":4,"column":53}},"4":{"start":{"line":5,"column":0},"end":{"line":5,"column":88}},"5":{"start":{"line":6,"column":0},"end":{"line":6,"column":68}},"6":{"start":{"line":7,"column":0},"end":{"line":7,"column":5}},"7":{"start":{"line":8,"column":0},"end":{"line":8,"column":39}},"8":{"start":{"line":9,"column":0},"end":{"line":9,"column":29}},"9":{"start":{"line":10,"column":0},"end":{"line":10,"column":33}},"10":{"start":{"line":11,"column":0},"end":{"line":11,"column":17}},"11":{"start":{"line":12,"column":0},"end":{"line":12,"column":4}},"12":{"start":{"line":13,"column":0},"end":{"line":13,"column":96}},"13":{"start":{"line":14,"column":0},"end":{"line":14,"column":72}},"14":{"start":{"line":15,"column":0},"end":{"line":15,"column":21}},"15":{"start":{"line":16,"column":0},"end":{"line":16,"column":21}},"16":{"start":{"line":17,"column":0},"end":{"line":17,"column":3}},"17":{"start":{"line":18,"column":0},"end":{"line":18,"column":66}},"18":{"start":{"line":19,"column":0},"end":{"line":19,"column":42}},"19":{"start":{"line":20,"column":0},"end":{"line":20,"column":20}},"20":{"start":{"line":21,"column":0},"end":{"line":21,"column":141}},"21":{"start":{"line":22,"column":0},"end":{"line":22,"column":36}},"22":{"start":{"line":23,"column":0},"end":{"line":23,"column":18}},"23":{"start":{"line":24,"column":0},"end":{"line":24,"column":2}},"24":{"start":{"line":25,"column":0},"end":{"line":25,"column":90}},"25":{"start":{"line":26,"column":0},"end":{"line":26,"column":112}},"26":{"start":{"line":27,"column":0},"end":{"line":27,"column":64}},"27":{"start":{"line":28,"column":0},"end":{"line":28,"column":99}},"28":{"start":{"line":29,"column":0},"end":{"line":29,"column":102}},"29":{"start":{"line":30,"column":0},"end":{"line":30,"column":118}},"30":{"start":{"line":31,"column":0},"end":{"line":31,"column":78}},"31":{"start":{"line":32,"column":0},"end":{"line":32,"column":7}},"32":{"start":{"line":33,"column":0},"end":{"line":33,"column":2}},"33":{"start":{"line":34,"column":0},"end":{"line":34,"column":62}},"34":{"start":{"line":35,"column":0},"end":{"line":35,"column":25}},"35":{"start":{"line":36,"column":0},"end":{"line":36,"column":70}},"36":{"start":{"line":37,"column":0},"end":{"line":37,"column":70}},"37":{"start":{"line":38,"column":0},"end":{"line":38,"column":9}},"38":{"start":{"line":39,"column":0},"end":{"line":39,"column":109}},"39":{"start":{"line":40,"column":0},"end":{"line":40,"column":66}},"40":{"start":{"line":41,"column":0},"end":{"line":41,"column":79}},"41":{"start":{"line":42,"column":0},"end":{"line":42,"column":16}},"42":{"start":{"line":43,"column":0},"end":{"line":43,"column":28}},"43":{"start":{"line":44,"column":0},"end":{"line":44,"column":46}},"44":{"start":{"line":45,"column":0},"end":{"line":45,"column":10}},"45":{"start":{"line":46,"column":0},"end":{"line":46,"column":5}},"46":{"start":{"line":47,"column":0},"end":{"line":47,"column":19}},"47":{"start":{"line":48,"column":0},"end":{"line":48,"column":16}},"48":{"start":{"line":49,"column":0},"end":{"line":49,"column":28}},"49":{"start":{"line":50,"column":0},"end":{"line":50,"column":34}},"50":{"start":{"line":51,"column":0},"end":{"line":51,"column":77}},"51":{"start":{"line":52,"column":0},"end":{"line":52,"column":87}},"52":{"start":{"line":53,"column":0},"end":{"line":53,"column":15}},"53":{"start":{"line":54,"column":0},"end":{"line":54,"column":10}},"54":{"start":{"line":55,"column":0},"end":{"line":55,"column":5}},"55":{"start":{"line":56,"column":0},"end":{"line":56,"column":3}},"56":{"start":{"line":57,"column":0},"end":{"line":57,"column":26}}},"s":{"0":1,"1":1,"2":0,"3":0,"4":0,"5":0,"6":0,"7":0,"8":1,"9":0,"10":0,"11":1,"12":1,"13":0,"14":1,"15":0,"16":1,"17":1,"18":1,"19":0,"20":0,"21":0,"22":0,"23":1,"24":1,"25":2,"26":2,"27":2,"28":2,"29":2,"30":2,"31":2,"32":1,"33":1,"34":1,"35":1,"36":1,"37":2,"38":2,"39":2,"40":1,"41":1,"42":1,"43":1,"44":1,"45":1,"46":1,"47":1,"48":1,"49":1,"50":1,"51":1,"52":1,"53":1,"54":1,"55":1,"56":1},"branchMap":{"0":{"type":"branch","line":1,"loc":{"start":{"line":1,"column":0},"end":{"line":57,"column":26}},"locations":[{"start":{"line":1,"column":0},"end":{"line":57,"column":26}}]},"1":{"type":"branch","line":1,"loc":{"start":{"line":1,"column":0},"end":{"line":57,"column":26}},"locations":[{"start":{"line":1,"column":0},"end":{"line":57,"column":26}}]},"2":{"type":"branch","line":9,"loc":{"start":{"line":9,"column":3},"end":{"line":12,"column":2}},"locations":[{"start":{"line":9,"column":3},"end":{"line":12,"column":2}}]},"3":{"type":"branch","line":15,"loc":{"start":{"line":15,"column":3},"end":{"line":17,"column":1}},"locations":[{"start":{"line":15,"column":3},"end":{"line":17,"column":1}}]},"4":{"type":"branch","line":2,"loc":{"start":{"line":2,"column":74},"end":{"line":9,"column":1}},"locations":[{"start":{"line":2,"column":74},"end":{"line":9,"column":1}}]},"5":{"type":"branch","line":9,"loc":{"start":{"line":9,"column":6},"end":{"line":12,"column":1}},"locations":[{"start":{"line":9,"column":6},"end":{"line":12,"column":1}}]},"6":{"type":"branch","line":13,"loc":{"start":{"line":13,"column":80},"end":{"line":15,"column":1}},"locations":[{"start":{"line":13,"column":80},"end":{"line":15,"column":1}}]},"7":{"type":"branch","line":18,"loc":{"start":{"line":18,"column":50},"end":{"line":24,"column":1}},"locations":[{"start":{"line":18,"column":50},"end":{"line":24,"column":1}}]},"8":{"type":"branch","line":20,"loc":{"start":{"line":20,"column":-1},"end":{"line":24,"column":0}},"locations":[{"start":{"line":20,"column":-1},"end":{"line":24,"column":0}}]},"9":{"type":"branch","line":25,"loc":{"start":{"line":25,"column":44},"end":{"line":33,"column":1}},"locations":[{"start":{"line":25,"column":44},"end":{"line":33,"column":1}}]},"10":{"type":"branch","line":26,"loc":{"start":{"line":26,"column":4},"end":{"line":26,"column":112}},"locations":[{"start":{"line":26,"column":4},"end":{"line":26,"column":112}}]},"11":{"type":"branch","line":26,"loc":{"start":{"line":26,"column":62},"end":{"line":26,"column":109}},"locations":[{"start":{"line":26,"column":62},"end":{"line":26,"column":109}}]},"12":{"type":"branch","line":27,"loc":{"start":{"line":27,"column":36},"end":{"line":32,"column":5}},"locations":[{"start":{"line":27,"column":36},"end":{"line":32,"column":5}}]},"13":{"type":"branch","line":28,"loc":{"start":{"line":28,"column":8},"end":{"line":28,"column":99}},"locations":[{"start":{"line":28,"column":8},"end":{"line":28,"column":99}}]},"14":{"type":"branch","line":28,"loc":{"start":{"line":28,"column":73},"end":{"line":28,"column":97}},"locations":[{"start":{"line":28,"column":73},"end":{"line":28,"column":97}}]},"15":{"type":"branch","line":29,"loc":{"start":{"line":29,"column":8},"end":{"line":29,"column":102}},"locations":[{"start":{"line":29,"column":8},"end":{"line":29,"column":102}}]},"16":{"type":"branch","line":29,"loc":{"start":{"line":29,"column":76},"end":{"line":29,"column":100}},"locations":[{"start":{"line":29,"column":76},"end":{"line":29,"column":100}}]},"17":{"type":"branch","line":30,"loc":{"start":{"line":30,"column":8},"end":{"line":30,"column":118}},"locations":[{"start":{"line":30,"column":8},"end":{"line":30,"column":118}}]},"18":{"type":"branch","line":30,"loc":{"start":{"line":30,"column":44},"end":{"line":30,"column":67}},"locations":[{"start":{"line":30,"column":44},"end":{"line":30,"column":67}}]},"19":{"type":"branch","line":30,"loc":{"start":{"line":30,"column":68},"end":{"line":30,"column":115}},"locations":[{"start":{"line":30,"column":68},"end":{"line":30,"column":115}}]},"20":{"type":"branch","line":37,"loc":{"start":{"line":37,"column":16},"end":{"line":56,"column":2}},"locations":[{"start":{"line":37,"column":16},"end":{"line":56,"column":2}}]},"21":{"type":"branch","line":37,"loc":{"start":{"line":37,"column":56},"end":{"line":56,"column":1}},"locations":[{"start":{"line":37,"column":56},"end":{"line":56,"column":1}}]},"22":{"type":"branch","line":41,"loc":{"start":{"line":41,"column":-1},"end":{"line":55,"column":5}},"locations":[{"start":{"line":41,"column":-1},"end":{"line":55,"column":5}}]},"23":{"type":"branch","line":52,"loc":{"start":{"line":52,"column":69},"end":{"line":52,"column":86}},"locations":[{"start":{"line":52,"column":69},"end":{"line":52,"column":86}}]},"24":{"type":"branch","line":41,"loc":{"start":{"line":41,"column":40},"end":{"line":41,"column":77}},"locations":[{"start":{"line":41,"column":40},"end":{"line":41,"column":77}}]}},"b":{"0":[1],"1":[1],"2":[0],"3":[0],"4":[0],"5":[0],"6":[0],"7":[1],"8":[0],"9":[2],"10":[2],"11":[0],"12":[2],"13":[1],"14":[0],"15":[1],"16":[0],"17":[4],"18":[2],"19":[2],"20":[2],"21":[2],"22":[1],"23":[0],"24":[2]},"fnMap":{"0":{"name":"Object.<anonymous>","decl":{"start":{"line":1,"column":0},"end":{"line":57,"column":26}},"loc":{"start":{"line":1,"column":0},"end":{"line":57,"column":26}},"line":1},"1":{"name":"Object.<anonymous>.__setModuleDefault","decl":{"start":{"line":15,"column":5},"end":{"line":17,"column":1}},"loc":{"start":{"line":15,"column":5},"end":{"line":17,"column":1}},"line":15},"2":{"name":"Object.<anonymous>.__importStar","decl":{"start":{"line":18,"column":50},"end":{"line":24,"column":1}},"loc":{"start":{"line":18,"column":50},"end":{"line":24,"column":1}},"line":18},"3":{"name":"Object.<anonymous>.__awaiter","decl":{"start":{"line":25,"column":44},"end":{"line":33,"column":1}},"loc":{"start":{"line":25,"column":44},"end":{"line":33,"column":1}},"line":25},"4":{"name":"adopt","decl":{"start":{"line":26,"column":4},"end":{"line":26,"column":112}},"loc":{"start":{"line":26,"column":4},"end":{"line":26,"column":112}},"line":26},"5":{"name":"fulfilled","decl":{"start":{"line":28,"column":8},"end":{"line":28,"column":99}},"loc":{"start":{"line":28,"column":8},"end":{"line":28,"column":99}},"line":28},"6":{"name":"rejected","decl":{"start":{"line":29,"column":8},"end":{"line":29,"column":102}},"loc":{"start":{"line":29,"column":8},"end":{"line":29,"column":102}},"line":29},"7":{"name":"step","decl":{"start":{"line":30,"column":8},"end":{"line":30,"column":118}},"loc":{"start":{"line":30,"column":8},"end":{"line":30,"column":118}},"line":30},"8":{"name":"handler","decl":{"start":{"line":37,"column":16},"end":{"line":56,"column":2}},"loc":{"start":{"line":37,"column":16},"end":{"line":56,"column":2}},"line":37}},"f":{"0":1,"1":0,"2":1,"3":2,"4":2,"5":1,"6":1,"7":4,"8":2}}
,"D:\\Eduv4\\Softect\\reto1\\servlees-swap\\dist\\app\\handlers\\planets\\getPlanetsSWApi.js": {"path":"D:\\Eduv4\\Softect\\reto1\\servlees-swap\\dist\\app\\handlers\\planets\\getPlanetsSWApi.js","all":false,"statementMap":{"0":{"start":{"line":1,"column":0},"end":{"line":1,"column":13}},"1":{"start":{"line":2,"column":0},"end":{"line":2,"column":97}},"2":{"start":{"line":3,"column":0},"end":{"line":3,"column":33}},"3":{"start":{"line":4,"column":0},"end":{"line":4,"column":53}},"4":{"start":{"line":5,"column":0},"end":{"line":5,"column":88}},"5":{"start":{"line":6,"column":0},"end":{"line":6,"column":68}},"6":{"start":{"line":7,"column":0},"end":{"line":7,"column":5}},"7":{"start":{"line":8,"column":0},"end":{"line":8,"column":39}},"8":{"start":{"line":9,"column":0},"end":{"line":9,"column":29}},"9":{"start":{"line":10,"column":0},"end":{"line":10,"column":33}},"10":{"start":{"line":11,"column":0},"end":{"line":11,"column":17}},"11":{"start":{"line":12,"column":0},"end":{"line":12,"column":4}},"12":{"start":{"line":13,"column":0},"end":{"line":13,"column":96}},"13":{"start":{"line":14,"column":0},"end":{"line":14,"column":72}},"14":{"start":{"line":15,"column":0},"end":{"line":15,"column":21}},"15":{"start":{"line":16,"column":0},"end":{"line":16,"column":21}},"16":{"start":{"line":17,"column":0},"end":{"line":17,"column":3}},"17":{"start":{"line":18,"column":0},"end":{"line":18,"column":66}},"18":{"start":{"line":19,"column":0},"end":{"line":19,"column":42}},"19":{"start":{"line":20,"column":0},"end":{"line":20,"column":20}},"20":{"start":{"line":21,"column":0},"end":{"line":21,"column":141}},"21":{"start":{"line":22,"column":0},"end":{"line":22,"column":36}},"22":{"start":{"line":23,"column":0},"end":{"line":23,"column":18}},"23":{"start":{"line":24,"column":0},"end":{"line":24,"column":2}},"24":{"start":{"line":25,"column":0},"end":{"line":25,"column":90}},"25":{"start":{"line":26,"column":0},"end":{"line":26,"column":112}},"26":{"start":{"line":27,"column":0},"end":{"line":27,"column":64}},"27":{"start":{"line":28,"column":0},"end":{"line":28,"column":99}},"28":{"start":{"line":29,"column":0},"end":{"line":29,"column":102}},"29":{"start":{"line":30,"column":0},"end":{"line":30,"column":118}},"30":{"start":{"line":31,"column":0},"end":{"line":31,"column":78}},"31":{"start":{"line":32,"column":0},"end":{"line":32,"column":7}},"32":{"start":{"line":33,"column":0},"end":{"line":33,"column":2}},"33":{"start":{"line":34,"column":0},"end":{"line":34,"column":62}},"34":{"start":{"line":35,"column":0},"end":{"line":35,"column":25}},"35":{"start":{"line":36,"column":0},"end":{"line":36,"column":70}},"36":{"start":{"line":37,"column":0},"end":{"line":37,"column":75}},"37":{"start":{"line":38,"column":0},"end":{"line":38,"column":11}},"38":{"start":{"line":39,"column":0},"end":{"line":39,"column":9}},"39":{"start":{"line":40,"column":0},"end":{"line":40,"column":109}},"40":{"start":{"line":41,"column":0},"end":{"line":41,"column":103}},"41":{"start":{"line":42,"column":0},"end":{"line":42,"column":24}},"42":{"start":{"line":43,"column":0},"end":{"line":43,"column":20}},"43":{"start":{"line":44,"column":0},"end":{"line":44,"column":32}},"44":{"start":{"line":45,"column":0},"end":{"line":45,"column":73}},"45":{"start":{"line":46,"column":0},"end":{"line":46,"column":14}},"46":{"start":{"line":47,"column":0},"end":{"line":47,"column":9}},"47":{"start":{"line":48,"column":0},"end":{"line":48,"column":89}},"48":{"start":{"line":49,"column":0},"end":{"line":49,"column":16}},"49":{"start":{"line":50,"column":0},"end":{"line":50,"column":28}},"50":{"start":{"line":51,"column":0},"end":{"line":51,"column":41}},"51":{"start":{"line":52,"column":0},"end":{"line":52,"column":10}},"52":{"start":{"line":53,"column":0},"end":{"line":53,"column":5}},"53":{"start":{"line":54,"column":0},"end":{"line":54,"column":19}},"54":{"start":{"line":55,"column":0},"end":{"line":55,"column":16}},"55":{"start":{"line":56,"column":0},"end":{"line":56,"column":28}},"56":{"start":{"line":57,"column":0},"end":{"line":57,"column":34}},"57":{"start":{"line":58,"column":0},"end":{"line":58,"column":85}},"58":{"start":{"line":59,"column":0},"end":{"line":59,"column":87}},"59":{"start":{"line":60,"column":0},"end":{"line":60,"column":15}},"60":{"start":{"line":61,"column":0},"end":{"line":61,"column":10}},"61":{"start":{"line":62,"column":0},"end":{"line":62,"column":5}},"62":{"start":{"line":63,"column":0},"end":{"line":63,"column":3}},"63":{"start":{"line":64,"column":0},"end":{"line":64,"column":26}}},"s":{"0":1,"1":1,"2":0,"3":0,"4":0,"5":0,"6":0,"7":0,"8":1,"9":0,"10":0,"11":1,"12":1,"13":0,"14":1,"15":0,"16":1,"17":1,"18":1,"19":0,"20":0,"21":0,"22":0,"23":1,"24":1,"25":3,"26":3,"27":3,"28":3,"29":3,"30":3,"31":3,"32":1,"33":1,"34":1,"35":1,"36":1,"37":3,"38":3,"39":3,"40":3,"41":3,"42":1,"43":1,"44":1,"45":1,"46":1,"47":2,"48":1,"49":1,"50":1,"51":1,"52":1,"53":1,"54":1,"55":1,"56":1,"57":1,"58":1,"59":1,"60":1,"61":1,"62":1,"63":1},"branchMap":{"0":{"type":"branch","line":1,"loc":{"start":{"line":1,"column":0},"end":{"line":64,"column":26}},"locations":[{"start":{"line":1,"column":0},"end":{"line":64,"column":26}}]},"1":{"type":"branch","line":1,"loc":{"start":{"line":1,"column":0},"end":{"line":64,"column":26}},"locations":[{"start":{"line":1,"column":0},"end":{"line":64,"column":26}}]},"2":{"type":"branch","line":9,"loc":{"start":{"line":9,"column":3},"end":{"line":12,"column":2}},"locations":[{"start":{"line":9,"column":3},"end":{"line":12,"column":2}}]},"3":{"type":"branch","line":15,"loc":{"start":{"line":15,"column":3},"end":{"line":17,"column":1}},"locations":[{"start":{"line":15,"column":3},"end":{"line":17,"column":1}}]},"4":{"type":"branch","line":2,"loc":{"start":{"line":2,"column":74},"end":{"line":9,"column":1}},"locations":[{"start":{"line":2,"column":74},"end":{"line":9,"column":1}}]},"5":{"type":"branch","line":9,"loc":{"start":{"line":9,"column":6},"end":{"line":12,"column":1}},"locations":[{"start":{"line":9,"column":6},"end":{"line":12,"column":1}}]},"6":{"type":"branch","line":13,"loc":{"start":{"line":13,"column":80},"end":{"line":15,"column":1}},"locations":[{"start":{"line":13,"column":80},"end":{"line":15,"column":1}}]},"7":{"type":"branch","line":18,"loc":{"start":{"line":18,"column":50},"end":{"line":24,"column":1}},"locations":[{"start":{"line":18,"column":50},"end":{"line":24,"column":1}}]},"8":{"type":"branch","line":20,"loc":{"start":{"line":20,"column":-1},"end":{"line":24,"column":0}},"locations":[{"start":{"line":20,"column":-1},"end":{"line":24,"column":0}}]},"9":{"type":"branch","line":25,"loc":{"start":{"line":25,"column":44},"end":{"line":33,"column":1}},"locations":[{"start":{"line":25,"column":44},"end":{"line":33,"column":1}}]},"10":{"type":"branch","line":26,"loc":{"start":{"line":26,"column":4},"end":{"line":26,"column":112}},"locations":[{"start":{"line":26,"column":4},"end":{"line":26,"column":112}}]},"11":{"type":"branch","line":26,"loc":{"start":{"line":26,"column":62},"end":{"line":26,"column":109}},"locations":[{"start":{"line":26,"column":62},"end":{"line":26,"column":109}}]},"12":{"type":"branch","line":27,"loc":{"start":{"line":27,"column":36},"end":{"line":32,"column":5}},"locations":[{"start":{"line":27,"column":36},"end":{"line":32,"column":5}}]},"13":{"type":"branch","line":28,"loc":{"start":{"line":28,"column":8},"end":{"line":28,"column":99}},"locations":[{"start":{"line":28,"column":8},"end":{"line":28,"column":99}}]},"14":{"type":"branch","line":28,"loc":{"start":{"line":28,"column":73},"end":{"line":28,"column":97}},"locations":[{"start":{"line":28,"column":73},"end":{"line":28,"column":97}}]},"15":{"type":"branch","line":29,"loc":{"start":{"line":29,"column":8},"end":{"line":29,"column":102}},"locations":[{"start":{"line":29,"column":8},"end":{"line":29,"column":102}}]},"16":{"type":"branch","line":29,"loc":{"start":{"line":29,"column":76},"end":{"line":29,"column":100}},"locations":[{"start":{"line":29,"column":76},"end":{"line":29,"column":100}}]},"17":{"type":"branch","line":30,"loc":{"start":{"line":30,"column":8},"end":{"line":30,"column":118}},"locations":[{"start":{"line":30,"column":8},"end":{"line":30,"column":118}}]},"18":{"type":"branch","line":30,"loc":{"start":{"line":30,"column":44},"end":{"line":30,"column":67}},"locations":[{"start":{"line":30,"column":44},"end":{"line":30,"column":67}}]},"19":{"type":"branch","line":30,"loc":{"start":{"line":30,"column":68},"end":{"line":30,"column":115}},"locations":[{"start":{"line":30,"column":68},"end":{"line":30,"column":115}}]},"20":{"type":"branch","line":37,"loc":{"start":{"line":37,"column":16},"end":{"line":63,"column":2}},"locations":[{"start":{"line":37,"column":16},"end":{"line":63,"column":2}}]},"21":{"type":"branch","line":37,"loc":{"start":{"line":37,"column":61},"end":{"line":63,"column":1}},"locations":[{"start":{"line":37,"column":61},"end":{"line":63,"column":1}}]},"22":{"type":"branch","line":41,"loc":{"start":{"line":41,"column":69},"end":{"line":41,"column":85}},"locations":[{"start":{"line":41,"column":69},"end":{"line":41,"column":85}}]},"23":{"type":"branch","line":41,"loc":{"start":{"line":41,"column":86},"end":{"line":41,"column":94}},"locations":[{"start":{"line":41,"column":86},"end":{"line":41,"column":94}}]},"24":{"type":"branch","line":41,"loc":{"start":{"line":41,"column":95},"end":{"line":41,"column":102}},"locations":[{"start":{"line":41,"column":95},"end":{"line":41,"column":102}}]},"25":{"type":"branch","line":42,"loc":{"start":{"line":42,"column":23},"end":{"line":47,"column":9}},"locations":[{"start":{"line":42,"column":23},"end":{"line":47,"column":9}}]},"26":{"type":"branch","line":48,"loc":{"start":{"line":48,"column":-1},"end":{"line":48,"column":89}},"locations":[{"start":{"line":48,"column":-1},"end":{"line":48,"column":89}}]},"27":{"type":"branch","line":49,"loc":{"start":{"line":49,"column":-1},"end":{"line":62,"column":5}},"locations":[{"start":{"line":49,"column":-1},"end":{"line":62,"column":5}}]},"28":{"type":"branch","line":59,"loc":{"start":{"line":59,"column":69},"end":{"line":59,"column":86}},"locations":[{"start":{"line":59,"column":69},"end":{"line":59,"column":86}}]}},"b":{"0":[1],"1":[1],"2":[0],"3":[0],"4":[0],"5":[0],"6":[0],"7":[1],"8":[0],"9":[3],"10":[2],"11":[0],"12":[3],"13":[1],"14":[0],"15":[1],"16":[0],"17":[5],"18":[3],"19":[2],"20":[3],"21":[3],"22":[2],"23":[1],"24":[2],"25":[1],"26":[2],"27":[1],"28":[0]},"fnMap":{"0":{"name":"Object.<anonymous>","decl":{"start":{"line":1,"column":0},"end":{"line":64,"column":26}},"loc":{"start":{"line":1,"column":0},"end":{"line":64,"column":26}},"line":1},"1":{"name":"Object.<anonymous>.__setModuleDefault","decl":{"start":{"line":15,"column":5},"end":{"line":17,"column":1}},"loc":{"start":{"line":15,"column":5},"end":{"line":17,"column":1}},"line":15},"2":{"name":"Object.<anonymous>.__importStar","decl":{"start":{"line":18,"column":50},"end":{"line":24,"column":1}},"loc":{"start":{"line":18,"column":50},"end":{"line":24,"column":1}},"line":18},"3":{"name":"Object.<anonymous>.__awaiter","decl":{"start":{"line":25,"column":44},"end":{"line":33,"column":1}},"loc":{"start":{"line":25,"column":44},"end":{"line":33,"column":1}},"line":25},"4":{"name":"adopt","decl":{"start":{"line":26,"column":4},"end":{"line":26,"column":112}},"loc":{"start":{"line":26,"column":4},"end":{"line":26,"column":112}},"line":26},"5":{"name":"fulfilled","decl":{"start":{"line":28,"column":8},"end":{"line":28,"column":99}},"loc":{"start":{"line":28,"column":8},"end":{"line":28,"column":99}},"line":28},"6":{"name":"rejected","decl":{"start":{"line":29,"column":8},"end":{"line":29,"column":102}},"loc":{"start":{"line":29,"column":8},"end":{"line":29,"column":102}},"line":29},"7":{"name":"step","decl":{"start":{"line":30,"column":8},"end":{"line":30,"column":118}},"loc":{"start":{"line":30,"column":8},"end":{"line":30,"column":118}},"line":30},"8":{"name":"handler","decl":{"start":{"line":37,"column":16},"end":{"line":63,"column":2}},"loc":{"start":{"line":37,"column":16},"end":{"line":63,"column":2}},"line":37}},"f":{"0":1,"1":0,"2":1,"3":3,"4":2,"5":1,"6":1,"7":5,"8":3}}
,"D:\\Eduv4\\Softect\\reto1\\servlees-swap\\dist\\contexts\\people\\application\\commands\\CreatePeopleCommand.js": {"path":"D:\\Eduv4\\Softect\\reto1\\servlees-swap\\dist\\contexts\\people\\application\\commands\\CreatePeopleCommand.js","all":false,"statementMap":{"0":{"start":{"line":1,"column":0},"end":{"line":1,"column":13}},"1":{"start":{"line":2,"column":0},"end":{"line":2,"column":62}},"2":{"start":{"line":3,"column":0},"end":{"line":3,"column":37}},"3":{"start":{"line":4,"column":0},"end":{"line":4,"column":27}},"4":{"start":{"line":5,"column":0},"end":{"line":5,"column":29}},"5":{"start":{"line":6,"column":0},"end":{"line":6,"column":37}},"6":{"start":{"line":7,"column":0},"end":{"line":7,"column":5}},"7":{"start":{"line":8,"column":0},"end":{"line":8,"column":16}},"8":{"start":{"line":9,"column":0},"end":{"line":9,"column":38}},"9":{"start":{"line":10,"column":0},"end":{"line":10,"column":74}},"10":{"start":{"line":11,"column":0},"end":{"line":11,"column":9}},"11":{"start":{"line":12,"column":0},"end":{"line":12,"column":5}},"12":{"start":{"line":13,"column":0},"end":{"line":13,"column":1}},"13":{"start":{"line":14,"column":0},"end":{"line":14,"column":50}}},"s":{"0":4,"1":4,"2":4,"3":4,"4":4,"5":0,"6":0,"7":4,"8":0,"9":0,"10":0,"11":0,"12":4,"13":4},"branchMap":{"0":{"type":"branch","line":1,"loc":{"start":{"line":1,"column":0},"end":{"line":14,"column":50}},"locations":[{"start":{"line":1,"column":0},"end":{"line":14,"column":50}}]},"1":{"type":"branch","line":1,"loc":{"start":{"line":1,"column":0},"end":{"line":14,"column":50}},"locations":[{"start":{"line":1,"column":0},"end":{"line":14,"column":50}}]}},"b":{"0":[4],"1":[4]},"fnMap":{"0":{"name":"Object.<anonymous>","decl":{"start":{"line":1,"column":0},"end":{"line":14,"column":50}},"loc":{"start":{"line":1,"column":0},"end":{"line":14,"column":50}},"line":1},"1":{"name":"CreatePeopleCommand","decl":{"start":{"line":5,"column":4},"end":{"line":7,"column":5}},"loc":{"start":{"line":5,"column":4},"end":{"line":7,"column":5}},"line":5},"2":{"name":"validate","decl":{"start":{"line":8,"column":4},"end":{"line":12,"column":5}},"loc":{"start":{"line":8,"column":4},"end":{"line":12,"column":5}},"line":8}},"f":{"0":4,"1":0,"2":0}}
,"D:\\Eduv4\\Softect\\reto1\\servlees-swap\\dist\\contexts\\people\\application\\commands\\CreatePeopleCommandHandler.js": {"path":"D:\\Eduv4\\Softect\\reto1\\servlees-swap\\dist\\contexts\\people\\application\\commands\\CreatePeopleCommandHandler.js","all":false,"statementMap":{"0":{"start":{"line":1,"column":0},"end":{"line":1,"column":13}},"1":{"start":{"line":2,"column":0},"end":{"line":2,"column":137}},"2":{"start":{"line":3,"column":0},"end":{"line":3,"column":123}},"3":{"start":{"line":4,"column":0},"end":{"line":4,"column":101}},"4":{"start":{"line":5,"column":0},"end":{"line":5,"column":92}},"5":{"start":{"line":6,"column":0},"end":{"line":6,"column":109}},"6":{"start":{"line":7,"column":0},"end":{"line":7,"column":24}},"7":{"start":{"line":8,"column":0},"end":{"line":8,"column":54}},"8":{"start":{"line":9,"column":0},"end":{"line":9,"column":25}},"9":{"start":{"line":10,"column":0},"end":{"line":10,"column":81}},"10":{"start":{"line":11,"column":0},"end":{"line":11,"column":80}},"11":{"start":{"line":12,"column":0},"end":{"line":12,"column":182}},"12":{"start":{"line":13,"column":0},"end":{"line":13,"column":135}},"13":{"start":{"line":14,"column":0},"end":{"line":14,"column":34}},"14":{"start":{"line":15,"column":0},"end":{"line":15,"column":44}},"15":{"start":{"line":16,"column":0},"end":{"line":16,"column":102}},"16":{"start":{"line":17,"column":0},"end":{"line":17,"column":59}},"17":{"start":{"line":18,"column":0},"end":{"line":18,"column":59}},"18":{"start":{"line":19,"column":0},"end":{"line":19,"column":65}},"19":{"start":{"line":20,"column":0},"end":{"line":20,"column":9}},"20":{"start":{"line":21,"column":0},"end":{"line":21,"column":38}},"21":{"start":{"line":22,"column":0},"end":{"line":22,"column":58}},"22":{"start":{"line":23,"column":0},"end":{"line":23,"column":37}},"23":{"start":{"line":24,"column":0},"end":{"line":24,"column":9}},"24":{"start":{"line":25,"column":0},"end":{"line":25,"column":5}},"25":{"start":{"line":26,"column":0},"end":{"line":26,"column":74}},"26":{"start":{"line":27,"column":0},"end":{"line":27,"column":16}},"27":{"start":{"line":28,"column":0},"end":{"line":28,"column":2}},"28":{"start":{"line":29,"column":0},"end":{"line":29,"column":101}},"29":{"start":{"line":30,"column":0},"end":{"line":30,"column":40}},"30":{"start":{"line":31,"column":0},"end":{"line":31,"column":51}},"31":{"start":{"line":32,"column":0},"end":{"line":32,"column":96}},"32":{"start":{"line":33,"column":0},"end":{"line":33,"column":5}},"33":{"start":{"line":34,"column":0},"end":{"line":34,"column":37}},"34":{"start":{"line":35,"column":0},"end":{"line":35,"column":2}},"35":{"start":{"line":36,"column":0},"end":{"line":36,"column":90}},"36":{"start":{"line":37,"column":0},"end":{"line":37,"column":112}},"37":{"start":{"line":38,"column":0},"end":{"line":38,"column":64}},"38":{"start":{"line":39,"column":0},"end":{"line":39,"column":99}},"39":{"start":{"line":40,"column":0},"end":{"line":40,"column":102}},"40":{"start":{"line":41,"column":0},"end":{"line":41,"column":118}},"41":{"start":{"line":42,"column":0},"end":{"line":42,"column":78}},"42":{"start":{"line":43,"column":0},"end":{"line":43,"column":7}},"43":{"start":{"line":44,"column":0},"end":{"line":44,"column":2}},"44":{"start":{"line":45,"column":0},"end":{"line":45,"column":88}},"45":{"start":{"line":46,"column":0},"end":{"line":46,"column":99}},"46":{"start":{"line":47,"column":0},"end":{"line":47,"column":121}},"47":{"start":{"line":48,"column":0},"end":{"line":48,"column":2}},"48":{"start":{"line":49,"column":0},"end":{"line":49,"column":62}},"49":{"start":{"line":50,"column":0},"end":{"line":50,"column":44}},"50":{"start":{"line":51,"column":0},"end":{"line":51,"column":35}},"51":{"start":{"line":52,"column":0},"end":{"line":52,"column":43}},"52":{"start":{"line":53,"column":0},"end":{"line":53,"column":41}},"53":{"start":{"line":54,"column":0},"end":{"line":54,"column":53}},"54":{"start":{"line":55,"column":0},"end":{"line":55,"column":25}},"55":{"start":{"line":56,"column":0},"end":{"line":56,"column":37}},"56":{"start":{"line":57,"column":0},"end":{"line":57,"column":19}},"57":{"start":{"line":58,"column":0},"end":{"line":58,"column":57}},"58":{"start":{"line":59,"column":0},"end":{"line":59,"column":39}},"59":{"start":{"line":60,"column":0},"end":{"line":60,"column":53}},"60":{"start":{"line":61,"column":0},"end":{"line":61,"column":9}},"61":{"start":{"line":62,"column":0},"end":{"line":62,"column":25}},"62":{"start":{"line":63,"column":0},"end":{"line":63,"column":65}},"63":{"start":{"line":64,"column":0},"end":{"line":64,"column":21}},"64":{"start":{"line":65,"column":0},"end":{"line":65,"column":60}},"65":{"start":{"line":66,"column":0},"end":{"line":66,"column":50}},"66":{"start":{"line":67,"column":0},"end":{"line":67,"column":56}},"67":{"start":{"line":68,"column":0},"end":{"line":68,"column":58}},"68":{"start":{"line":69,"column":0},"end":{"line":69,"column":54}},"69":{"start":{"line":70,"column":0},"end":{"line":70,"column":68}},"70":{"start":{"line":71,"column":0},"end":{"line":71,"column":65}},"71":{"start":{"line":72,"column":0},"end":{"line":72,"column":64}},"72":{"start":{"line":73,"column":0},"end":{"line":73,"column":70}},"73":{"start":{"line":74,"column":0},"end":{"line":74,"column":58}},"74":{"start":{"line":75,"column":0},"end":{"line":75,"column":76}},"75":{"start":{"line":76,"column":0},"end":{"line":76,"column":59}},"76":{"start":{"line":77,"column":0},"end":{"line":77,"column":58}},"77":{"start":{"line":78,"column":0},"end":{"line":78,"column":23}},"78":{"start":{"line":79,"column":0},"end":{"line":79,"column":82}},"79":{"start":{"line":80,"column":0},"end":{"line":80,"column":28}},"80":{"start":{"line":81,"column":0},"end":{"line":81,"column":37}},"81":{"start":{"line":82,"column":0},"end":{"line":82,"column":32}},"82":{"start":{"line":83,"column":0},"end":{"line":83,"column":42}},"83":{"start":{"line":84,"column":0},"end":{"line":84,"column":46}},"84":{"start":{"line":85,"column":0},"end":{"line":85,"column":64}},"85":{"start":{"line":86,"column":0},"end":{"line":86,"column":47}},"86":{"start":{"line":87,"column":0},"end":{"line":87,"column":46}},"87":{"start":{"line":88,"column":0},"end":{"line":88,"column":25}},"88":{"start":{"line":89,"column":0},"end":{"line":89,"column":22}},"89":{"start":{"line":90,"column":0},"end":{"line":90,"column":17}},"90":{"start":{"line":91,"column":0},"end":{"line":91,"column":31}},"91":{"start":{"line":92,"column":0},"end":{"line":92,"column":93}},"92":{"start":{"line":93,"column":0},"end":{"line":93,"column":28}},"93":{"start":{"line":94,"column":0},"end":{"line":94,"column":38}},"94":{"start":{"line":95,"column":0},"end":{"line":95,"column":32}},"95":{"start":{"line":96,"column":0},"end":{"line":96,"column":43}},"96":{"start":{"line":97,"column":0},"end":{"line":97,"column":46}},"97":{"start":{"line":98,"column":0},"end":{"line":98,"column":45}},"98":{"start":{"line":99,"column":0},"end":{"line":99,"column":25}},"99":{"start":{"line":100,"column":0},"end":{"line":100,"column":22}},"100":{"start":{"line":101,"column":0},"end":{"line":101,"column":17}},"101":{"start":{"line":102,"column":0},"end":{"line":102,"column":15}},"102":{"start":{"line":103,"column":0},"end":{"line":103,"column":9}},"103":{"start":{"line":104,"column":0},"end":{"line":104,"column":6}},"104":{"start":{"line":105,"column":0},"end":{"line":105,"column":64}},"105":{"start":{"line":106,"column":0},"end":{"line":106,"column":12}},"106":{"start":{"line":107,"column":0},"end":{"line":107,"column":105}},"107":{"start":{"line":108,"column":0},"end":{"line":108,"column":181}},"108":{"start":{"line":109,"column":0},"end":{"line":109,"column":73}},"109":{"start":{"line":110,"column":0},"end":{"line":110,"column":150}},"110":{"start":{"line":111,"column":0},"end":{"line":111,"column":63}},"111":{"start":{"line":112,"column":0},"end":{"line":112,"column":9}},"112":{"start":{"line":113,"column":0},"end":{"line":113,"column":51}},"113":{"start":{"line":114,"column":0},"end":{"line":114,"column":5}},"114":{"start":{"line":115,"column":0},"end":{"line":115,"column":64}}},"s":{"0":4,"1":4,"2":4,"3":4,"4":4,"5":4,"6":4,"7":4,"8":4,"9":4,"10":4,"11":0,"12":4,"13":4,"14":0,"15":0,"16":0,"17":0,"18":0,"19":0,"20":4,"21":0,"22":0,"23":0,"24":4,"25":4,"26":4,"27":4,"28":4,"29":4,"30":4,"31":0,"32":0,"33":4,"34":4,"35":4,"36":0,"37":0,"38":0,"39":0,"40":0,"41":0,"42":0,"43":4,"44":4,"45":4,"46":4,"47":4,"48":4,"49":4,"50":4,"51":4,"52":4,"53":4,"54":4,"55":4,"56":4,"57":4,"58":4,"59":4,"60":4,"61":4,"62":0,"63":0,"64":0,"65":0,"66":0,"67":0,"68":0,"69":0,"70":0,"71":0,"72":0,"73":0,"74":0,"75":0,"76":0,"77":0,"78":0,"79":0,"80":0,"81":0,"82":0,"83":0,"84":0,"85":0,"86":0,"87":0,"88":0,"89":0,"90":0,"91":0,"92":0,"93":0,"94":0,"95":0,"96":0,"97":0,"98":0,"99":0,"100":0,"101":0,"102":0,"103":4,"104":4,"105":4,"106":4,"107":4,"108":4,"109":4,"110":4,"111":4,"112":4,"113":4,"114":4},"branchMap":{"0":{"type":"branch","line":1,"loc":{"start":{"line":1,"column":0},"end":{"line":115,"column":64}},"locations":[{"start":{"line":1,"column":0},"end":{"line":115,"column":64}}]},"1":{"type":"branch","line":1,"loc":{"start":{"line":1,"column":0},"end":{"line":115,"column":64}},"locations":[{"start":{"line":1,"column":0},"end":{"line":115,"column":64}}]},"2":{"type":"branch","line":2,"loc":{"start":{"line":2,"column":50},"end":{"line":28,"column":1}},"locations":[{"start":{"line":2,"column":50},"end":{"line":28,"column":1}}]},"3":{"type":"branch","line":4,"loc":{"start":{"line":4,"column":55},"end":{"line":4,"column":62}},"locations":[{"start":{"line":4,"column":55},"end":{"line":4,"column":62}}]},"4":{"type":"branch","line":4,"loc":{"start":{"line":4,"column":83},"end":{"line":4,"column":90}},"locations":[{"start":{"line":4,"column":83},"end":{"line":4,"column":90}}]},"5":{"type":"branch","line":5,"loc":{"start":{"line":5,"column":31},"end":{"line":5,"column":38}},"locations":[{"start":{"line":5,"column":31},"end":{"line":5,"column":38}}]},"6":{"type":"branch","line":5,"loc":{"start":{"line":5,"column":39},"end":{"line":5,"column":84}},"locations":[{"start":{"line":5,"column":39},"end":{"line":5,"column":84}}]},"7":{"type":"branch","line":6,"loc":{"start":{"line":6,"column":34},"end":{"line":6,"column":108}},"locations":[{"start":{"line":6,"column":34},"end":{"line":6,"column":108}}]},"8":{"type":"branch","line":10,"loc":{"start":{"line":10,"column":33},"end":{"line":10,"column":81}},"locations":[{"start":{"line":10,"column":33},"end":{"line":10,"column":81}}]},"9":{"type":"branch","line":10,"loc":{"start":{"line":10,"column":61},"end":{"line":10,"column":65}},"locations":[{"start":{"line":10,"column":61},"end":{"line":10,"column":65}}]},"10":{"type":"branch","line":11,"loc":{"start":{"line":11,"column":40},"end":{"line":13,"column":106}},"locations":[{"start":{"line":11,"column":40},"end":{"line":13,"column":106}}]},"11":{"type":"branch","line":14,"loc":{"start":{"line":14,"column":33},"end":{"line":20,"column":9}},"locations":[{"start":{"line":14,"column":33},"end":{"line":20,"column":9}}]},"12":{"type":"branch","line":21,"loc":{"start":{"line":21,"column":37},"end":{"line":24,"column":9}},"locations":[{"start":{"line":21,"column":37},"end":{"line":24,"column":9}}]},"13":{"type":"branch","line":26,"loc":{"start":{"line":26,"column":16},"end":{"line":26,"column":74}},"locations":[{"start":{"line":26,"column":16},"end":{"line":26,"column":74}}]},"14":{"type":"branch","line":3,"loc":{"start":{"line":3,"column":4},"end":{"line":3,"column":123}},"locations":[{"start":{"line":3,"column":4},"end":{"line":3,"column":123}}]},"15":{"type":"branch","line":3,"loc":{"start":{"line":3,"column":42},"end":{"line":3,"column":68}},"locations":[{"start":{"line":3,"column":42},"end":{"line":3,"column":68}}]},"16":{"type":"branch","line":3,"loc":{"start":{"line":3,"column":70},"end":{"line":3,"column":111}},"locations":[{"start":{"line":3,"column":70},"end":{"line":3,"column":111}}]},"17":{"type":"branch","line":29,"loc":{"start":{"line":29,"column":60},"end":{"line":35,"column":1}},"locations":[{"start":{"line":29,"column":60},"end":{"line":35,"column":1}}]},"18":{"type":"branch","line":31,"loc":{"start":{"line":31,"column":50},"end":{"line":33,"column":5}},"locations":[{"start":{"line":31,"column":50},"end":{"line":33,"column":5}}]},"19":{"type":"branch","line":34,"loc":{"start":{"line":34,"column":20},"end":{"line":34,"column":27}},"locations":[{"start":{"line":34,"column":20},"end":{"line":34,"column":27}}]},"20":{"type":"branch","line":45,"loc":{"start":{"line":45,"column":60},"end":{"line":48,"column":1}},"locations":[{"start":{"line":45,"column":60},"end":{"line":48,"column":1}}]},"21":{"type":"branch","line":46,"loc":{"start":{"line":46,"column":34},"end":{"line":46,"column":99}},"locations":[{"start":{"line":46,"column":34},"end":{"line":46,"column":99}}]},"22":{"type":"branch","line":47,"loc":{"start":{"line":47,"column":80},"end":{"line":47,"column":110}},"locations":[{"start":{"line":47,"column":80},"end":{"line":47,"column":110}}]},"23":{"type":"branch","line":53,"loc":{"start":{"line":53,"column":34},"end":{"line":114,"column":1}},"locations":[{"start":{"line":53,"column":34},"end":{"line":114,"column":1}}]},"24":{"type":"branch","line":59,"loc":{"start":{"line":59,"column":8},"end":{"line":61,"column":9}},"locations":[{"start":{"line":59,"column":8},"end":{"line":61,"column":9}}]},"25":{"type":"branch","line":106,"loc":{"start":{"line":106,"column":5},"end":{"line":112,"column":5}},"locations":[{"start":{"line":106,"column":5},"end":{"line":112,"column":5}}]},"26":{"type":"branch","line":107,"loc":{"start":{"line":107,"column":74},"end":{"line":107,"column":95}},"locations":[{"start":{"line":107,"column":74},"end":{"line":107,"column":95}}]},"27":{"type":"branch","line":110,"loc":{"start":{"line":110,"column":23},"end":{"line":110,"column":150}},"locations":[{"start":{"line":110,"column":23},"end":{"line":110,"column":150}}]}},"b":{"0":[4],"1":[4],"2":[4],"3":[0],"4":[0],"5":[0],"6":[0],"7":[0],"8":[12],"9":[0],"10":[0],"11":[0],"12":[0],"13":[0],"14":[4],"15":[0],"16":[0],"17":[4],"18":[0],"19":[0],"20":[4],"21":[0],"22":[0],"23":[4],"24":[4],"25":[4],"26":[0],"27":[0]},"fnMap":{"0":{"name":"Object.<anonymous>","decl":{"start":{"line":1,"column":0},"end":{"line":115,"column":64}},"loc":{"start":{"line":1,"column":0},"end":{"line":115,"column":64}},"line":1},"1":{"name":"Object.<anonymous>.__esDecorate","decl":{"start":{"line":2,"column":50},"end":{"line":28,"column":1}},"loc":{"start":{"line":2,"column":50},"end":{"line":28,"column":1}},"line":2},"2":{"name":"accept","decl":{"start":{"line":3,"column":4},"end":{"line":3,"column":123}},"loc":{"start":{"line":3,"column":4},"end":{"line":3,"column":123}},"line":3},"3":{"name":"context.addInitializer","decl":{"start":{"line":12,"column":33},"end":{"line":12,"column":181}},"loc":{"start":{"line":12,"column":33},"end":{"line":12,"column":181}},"line":12},"4":{"name":"Object.<anonymous>.__runInitializers","decl":{"start":{"line":29,"column":60},"end":{"line":35,"column":1}},"loc":{"start":{"line":29,"column":60},"end":{"line":35,"column":1}},"line":29},"5":{"name":"Object.<anonymous>.__awaiter","decl":{"start":{"line":36,"column":44},"end":{"line":44,"column":1}},"loc":{"start":{"line":36,"column":44},"end":{"line":44,"column":1}},"line":36},"6":{"name":"Object.<anonymous>.__setFunctionName","decl":{"start":{"line":45,"column":60},"end":{"line":48,"column":1}},"loc":{"start":{"line":45,"column":60},"end":{"line":48,"column":1}},"line":45},"7":{"name":"_classThis","decl":{"start":{"line":59,"column":8},"end":{"line":61,"column":9}},"loc":{"start":{"line":59,"column":8},"end":{"line":61,"column":9}},"line":59},"8":{"name":"handle","decl":{"start":{"line":62,"column":8},"end":{"line":103,"column":9}},"loc":{"start":{"line":62,"column":8},"end":{"line":103,"column":9}},"line":62}},"f":{"0":4,"1":4,"2":4,"3":0,"4":4,"5":0,"6":4,"7":4,"8":0}}
,"D:\\Eduv4\\Softect\\reto1\\servlees-swap\\dist\\contexts\\people\\application\\dtos\\People.js": {"path":"D:\\Eduv4\\Softect\\reto1\\servlees-swap\\dist\\contexts\\people\\application\\dtos\\People.js","all":false,"statementMap":{"0":{"start":{"line":1,"column":0},"end":{"line":1,"column":13}},"1":{"start":{"line":2,"column":0},"end":{"line":2,"column":17}},"2":{"start":{"line":3,"column":0},"end":{"line":3,"column":62}},"3":{"start":{"line":4,"column":0},"end":{"line":4,"column":24}},"4":{"start":{"line":5,"column":0},"end":{"line":5,"column":14}},"5":{"start":{"line":6,"column":0},"end":{"line":6,"column":23}},"6":{"start":{"line":7,"column":0},"end":{"line":7,"column":26}},"7":{"start":{"line":8,"column":0},"end":{"line":8,"column":30}},"8":{"start":{"line":9,"column":0},"end":{"line":9,"column":34}},"9":{"start":{"line":10,"column":0},"end":{"line":10,"column":30}},"10":{"start":{"line":11,"column":0},"end":{"line":11,"column":42}},"11":{"start":{"line":12,"column":0},"end":{"line":12,"column":42}},"12":{"start":{"line":13,"column":0},"end":{"line":13,"column":40}},"13":{"start":{"line":14,"column":0},"end":{"line":14,"column":42}},"14":{"start":{"line":15,"column":0},"end":{"line":15,"column":34}},"15":{"start":{"line":16,"column":0},"end":{"line":16,"column":50}},"16":{"start":{"line":17,"column":0},"end":{"line":17,"column":36}},"17":{"start":{"line":18,"column":0},"end":{"line":18,"column":34}},"18":{"start":{"line":19,"column":0},"end":{"line":19,"column":5}},"19":{"start":{"line":20,"column":0},"end":{"line":20,"column":1}},"20":{"start":{"line":21,"column":0},"end":{"line":21,"column":24}}},"s":{"0":5,"1":5,"2":5,"3":5,"4":5,"5":5,"6":2,"7":2,"8":2,"9":2,"10":2,"11":2,"12":2,"13":2,"14":2,"15":2,"16":2,"17":2,"18":2,"19":5,"20":5},"branchMap":{"0":{"type":"branch","line":1,"loc":{"start":{"line":1,"column":0},"end":{"line":21,"column":24}},"locations":[{"start":{"line":1,"column":0},"end":{"line":21,"column":24}}]},"1":{"type":"branch","line":1,"loc":{"start":{"line":1,"column":0},"end":{"line":21,"column":24}},"locations":[{"start":{"line":1,"column":0},"end":{"line":21,"column":24}}]},"2":{"type":"branch","line":6,"loc":{"start":{"line":6,"column":4},"end":{"line":19,"column":5}},"locations":[{"start":{"line":6,"column":4},"end":{"line":19,"column":5}}]}},"b":{"0":[5],"1":[5],"2":[2]},"fnMap":{"0":{"name":"Object.<anonymous>","decl":{"start":{"line":1,"column":0},"end":{"line":21,"column":24}},"loc":{"start":{"line":1,"column":0},"end":{"line":21,"column":24}},"line":1},"1":{"name":"People","decl":{"start":{"line":6,"column":4},"end":{"line":19,"column":5}},"loc":{"start":{"line":6,"column":4},"end":{"line":19,"column":5}},"line":6}},"f":{"0":5,"1":2}}
,"D:\\Eduv4\\Softect\\reto1\\servlees-swap\\dist\\contexts\\people\\application\\dtos\\PeopleDataEnglishApp.js": {"path":"D:\\Eduv4\\Softect\\reto1\\servlees-swap\\dist\\contexts\\people\\application\\dtos\\PeopleDataEnglishApp.js","all":false,"statementMap":{"0":{"start":{"line":1,"column":0},"end":{"line":1,"column":13}},"1":{"start":{"line":2,"column":0},"end":{"line":2,"column":31}},"2":{"start":{"line":3,"column":0},"end":{"line":3,"column":62}},"3":{"start":{"line":4,"column":0},"end":{"line":4,"column":38}},"4":{"start":{"line":5,"column":0},"end":{"line":5,"column":28}},"5":{"start":{"line":6,"column":0},"end":{"line":6,"column":23}},"6":{"start":{"line":7,"column":0},"end":{"line":7,"column":26}},"7":{"start":{"line":8,"column":0},"end":{"line":8,"column":30}},"8":{"start":{"line":9,"column":0},"end":{"line":9,"column":34}},"9":{"start":{"line":10,"column":0},"end":{"line":10,"column":30}},"10":{"start":{"line":11,"column":0},"end":{"line":11,"column":40}},"11":{"start":{"line":12,"column":0},"end":{"line":12,"column":40}},"12":{"start":{"line":13,"column":0},"end":{"line":13,"column":38}},"13":{"start":{"line":14,"column":0},"end":{"line":14,"column":40}},"14":{"start":{"line":15,"column":0},"end":{"line":15,"column":34}},"15":{"start":{"line":16,"column":0},"end":{"line":16,"column":48}},"16":{"start":{"line":17,"column":0},"end":{"line":17,"column":36}},"17":{"start":{"line":18,"column":0},"end":{"line":18,"column":34}},"18":{"start":{"line":19,"column":0},"end":{"line":19,"column":5}},"19":{"start":{"line":20,"column":0},"end":{"line":20,"column":1}},"20":{"start":{"line":21,"column":0},"end":{"line":21,"column":52}}},"s":{"0":4,"1":4,"2":4,"3":4,"4":4,"5":4,"6":0,"7":0,"8":0,"9":0,"10":0,"11":0,"12":0,"13":0,"14":0,"15":0,"16":0,"17":0,"18":0,"19":4,"20":4},"branchMap":{"0":{"type":"branch","line":1,"loc":{"start":{"line":1,"column":0},"end":{"line":21,"column":52}},"locations":[{"start":{"line":1,"column":0},"end":{"line":21,"column":52}}]},"1":{"type":"branch","line":1,"loc":{"start":{"line":1,"column":0},"end":{"line":21,"column":52}},"locations":[{"start":{"line":1,"column":0},"end":{"line":21,"column":52}}]}},"b":{"0":[4],"1":[4]},"fnMap":{"0":{"name":"Object.<anonymous>","decl":{"start":{"line":1,"column":0},"end":{"line":21,"column":52}},"loc":{"start":{"line":1,"column":0},"end":{"line":21,"column":52}},"line":1},"1":{"name":"PeopleDataEnglishApp","decl":{"start":{"line":6,"column":4},"end":{"line":19,"column":5}},"loc":{"start":{"line":6,"column":4},"end":{"line":19,"column":5}},"line":6}},"f":{"0":4,"1":0}}
,"D:\\Eduv4\\Softect\\reto1\\servlees-swap\\dist\\contexts\\people\\application\\dtos\\PeopleDataSpanishApp.js": {"path":"D:\\Eduv4\\Softect\\reto1\\servlees-swap\\dist\\contexts\\people\\application\\dtos\\PeopleDataSpanishApp.js","all":false,"statementMap":{"0":{"start":{"line":1,"column":0},"end":{"line":1,"column":13}},"1":{"start":{"line":2,"column":0},"end":{"line":2,"column":62}},"2":{"start":{"line":3,"column":0},"end":{"line":3,"column":38}},"3":{"start":{"line":4,"column":0},"end":{"line":4,"column":28}},"4":{"start":{"line":5,"column":0},"end":{"line":5,"column":23}},"5":{"start":{"line":6,"column":0},"end":{"line":6,"column":26}},"6":{"start":{"line":7,"column":0},"end":{"line":7,"column":34}},"7":{"start":{"line":8,"column":0},"end":{"line":8,"column":34}},"8":{"start":{"line":9,"column":0},"end":{"line":9,"column":30}},"9":{"start":{"line":10,"column":0},"end":{"line":10,"column":46}},"10":{"start":{"line":11,"column":0},"end":{"line":11,"column":40}},"11":{"start":{"line":12,"column":0},"end":{"line":12,"column":40}},"12":{"start":{"line":13,"column":0},"end":{"line":13,"column":50}},"13":{"start":{"line":14,"column":0},"end":{"line":14,"column":34}},"14":{"start":{"line":15,"column":0},"end":{"line":15,"column":54}},"15":{"start":{"line":16,"column":0},"end":{"line":16,"column":34}},"16":{"start":{"line":17,"column":0},"end":{"line":17,"column":36}},"17":{"start":{"line":18,"column":0},"end":{"line":18,"column":5}},"18":{"start":{"line":19,"column":0},"end":{"line":19,"column":1}},"19":{"start":{"line":20,"column":0},"end":{"line":20,"column":52}}},"s":{"0":5,"1":5,"2":5,"3":5,"4":5,"5":2,"6":2,"7":2,"8":2,"9":2,"10":2,"11":2,"12":2,"13":2,"14":2,"15":2,"16":2,"17":2,"18":5,"19":5},"branchMap":{"0":{"type":"branch","line":1,"loc":{"start":{"line":1,"column":0},"end":{"line":20,"column":52}},"locations":[{"start":{"line":1,"column":0},"end":{"line":20,"column":52}}]},"1":{"type":"branch","line":1,"loc":{"start":{"line":1,"column":0},"end":{"line":20,"column":52}},"locations":[{"start":{"line":1,"column":0},"end":{"line":20,"column":52}}]},"2":{"type":"branch","line":5,"loc":{"start":{"line":5,"column":4},"end":{"line":18,"column":5}},"locations":[{"start":{"line":5,"column":4},"end":{"line":18,"column":5}}]}},"b":{"0":[5],"1":[5],"2":[2]},"fnMap":{"0":{"name":"Object.<anonymous>","decl":{"start":{"line":1,"column":0},"end":{"line":20,"column":52}},"loc":{"start":{"line":1,"column":0},"end":{"line":20,"column":52}},"line":1},"1":{"name":"PeopleDataSpanishApp","decl":{"start":{"line":5,"column":4},"end":{"line":18,"column":5}},"loc":{"start":{"line":5,"column":4},"end":{"line":18,"column":5}},"line":5}},"f":{"0":5,"1":2}}
,"D:\\Eduv4\\Softect\\reto1\\servlees-swap\\dist\\contexts\\people\\application\\queries\\GetPeopleQueryHandler.js": {"path":"D:\\Eduv4\\Softect\\reto1\\servlees-swap\\dist\\contexts\\people\\application\\queries\\GetPeopleQueryHandler.js","all":false,"statementMap":{"0":{"start":{"line":1,"column":0},"end":{"line":1,"column":13}},"1":{"start":{"line":2,"column":0},"end":{"line":2,"column":137}},"2":{"start":{"line":3,"column":0},"end":{"line":3,"column":123}},"3":{"start":{"line":4,"column":0},"end":{"line":4,"column":101}},"4":{"start":{"line":5,"column":0},"end":{"line":5,"column":92}},"5":{"start":{"line":6,"column":0},"end":{"line":6,"column":109}},"6":{"start":{"line":7,"column":0},"end":{"line":7,"column":24}},"7":{"start":{"line":8,"column":0},"end":{"line":8,"column":54}},"8":{"start":{"line":9,"column":0},"end":{"line":9,"column":25}},"9":{"start":{"line":10,"column":0},"end":{"line":10,"column":81}},"10":{"start":{"line":11,"column":0},"end":{"line":11,"column":80}},"11":{"start":{"line":12,"column":0},"end":{"line":12,"column":182}},"12":{"start":{"line":13,"column":0},"end":{"line":13,"column":135}},"13":{"start":{"line":14,"column":0},"end":{"line":14,"column":34}},"14":{"start":{"line":15,"column":0},"end":{"line":15,"column":44}},"15":{"start":{"line":16,"column":0},"end":{"line":16,"column":102}},"16":{"start":{"line":17,"column":0},"end":{"line":17,"column":59}},"17":{"start":{"line":18,"column":0},"end":{"line":18,"column":59}},"18":{"start":{"line":19,"column":0},"end":{"line":19,"column":65}},"19":{"start":{"line":20,"column":0},"end":{"line":20,"column":9}},"20":{"start":{"line":21,"column":0},"end":{"line":21,"column":38}},"21":{"start":{"line":22,"column":0},"end":{"line":22,"column":58}},"22":{"start":{"line":23,"column":0},"end":{"line":23,"column":37}},"23":{"start":{"line":24,"column":0},"end":{"line":24,"column":9}},"24":{"start":{"line":25,"column":0},"end":{"line":25,"column":5}},"25":{"start":{"line":26,"column":0},"end":{"line":26,"column":74}},"26":{"start":{"line":27,"column":0},"end":{"line":27,"column":16}},"27":{"start":{"line":28,"column":0},"end":{"line":28,"column":2}},"28":{"start":{"line":29,"column":0},"end":{"line":29,"column":101}},"29":{"start":{"line":30,"column":0},"end":{"line":30,"column":40}},"30":{"start":{"line":31,"column":0},"end":{"line":31,"column":51}},"31":{"start":{"line":32,"column":0},"end":{"line":32,"column":96}},"32":{"start":{"line":33,"column":0},"end":{"line":33,"column":5}},"33":{"start":{"line":34,"column":0},"end":{"line":34,"column":37}},"34":{"start":{"line":35,"column":0},"end":{"line":35,"column":2}},"35":{"start":{"line":36,"column":0},"end":{"line":36,"column":90}},"36":{"start":{"line":37,"column":0},"end":{"line":37,"column":112}},"37":{"start":{"line":38,"column":0},"end":{"line":38,"column":64}},"38":{"start":{"line":39,"column":0},"end":{"line":39,"column":99}},"39":{"start":{"line":40,"column":0},"end":{"line":40,"column":102}},"40":{"start":{"line":41,"column":0},"end":{"line":41,"column":118}},"41":{"start":{"line":42,"column":0},"end":{"line":42,"column":78}},"42":{"start":{"line":43,"column":0},"end":{"line":43,"column":7}},"43":{"start":{"line":44,"column":0},"end":{"line":44,"column":2}},"44":{"start":{"line":45,"column":0},"end":{"line":45,"column":88}},"45":{"start":{"line":46,"column":0},"end":{"line":46,"column":99}},"46":{"start":{"line":47,"column":0},"end":{"line":47,"column":121}},"47":{"start":{"line":48,"column":0},"end":{"line":48,"column":2}},"48":{"start":{"line":49,"column":0},"end":{"line":49,"column":62}},"49":{"start":{"line":50,"column":0},"end":{"line":50,"column":39}},"50":{"start":{"line":51,"column":0},"end":{"line":51,"column":35}},"51":{"start":{"line":52,"column":0},"end":{"line":52,"column":36}},"52":{"start":{"line":53,"column":0},"end":{"line":53,"column":53}},"53":{"start":{"line":54,"column":0},"end":{"line":54,"column":25}},"54":{"start":{"line":55,"column":0},"end":{"line":55,"column":37}},"55":{"start":{"line":56,"column":0},"end":{"line":56,"column":19}},"56":{"start":{"line":57,"column":0},"end":{"line":57,"column":52}},"57":{"start":{"line":58,"column":0},"end":{"line":58,"column":32}},"58":{"start":{"line":59,"column":0},"end":{"line":59,"column":39}},"59":{"start":{"line":60,"column":0},"end":{"line":60,"column":9}},"60":{"start":{"line":61,"column":0},"end":{"line":61,"column":24}},"61":{"start":{"line":62,"column":0},"end":{"line":62,"column":65}},"62":{"start":{"line":63,"column":0},"end":{"line":63,"column":21}},"63":{"start":{"line":64,"column":0},"end":{"line":64,"column":77}},"64":{"start":{"line":65,"column":0},"end":{"line":65,"column":43}},"65":{"start":{"line":66,"column":0},"end":{"line":66,"column":17}},"66":{"start":{"line":67,"column":0},"end":{"line":67,"column":31}},"67":{"start":{"line":68,"column":0},"end":{"line":68,"column":32}},"68":{"start":{"line":69,"column":0},"end":{"line":69,"column":17}},"69":{"start":{"line":70,"column":0},"end":{"line":70,"column":15}},"70":{"start":{"line":71,"column":0},"end":{"line":71,"column":9}},"71":{"start":{"line":72,"column":0},"end":{"line":72,"column":6}},"72":{"start":{"line":73,"column":0},"end":{"line":73,"column":59}},"73":{"start":{"line":74,"column":0},"end":{"line":74,"column":12}},"74":{"start":{"line":75,"column":0},"end":{"line":75,"column":105}},"75":{"start":{"line":76,"column":0},"end":{"line":76,"column":181}},"76":{"start":{"line":77,"column":0},"end":{"line":77,"column":68}},"77":{"start":{"line":78,"column":0},"end":{"line":78,"column":150}},"78":{"start":{"line":79,"column":0},"end":{"line":79,"column":63}},"79":{"start":{"line":80,"column":0},"end":{"line":80,"column":9}},"80":{"start":{"line":81,"column":0},"end":{"line":81,"column":46}},"81":{"start":{"line":82,"column":0},"end":{"line":82,"column":5}},"82":{"start":{"line":83,"column":0},"end":{"line":83,"column":54}}},"s":{"0":4,"1":4,"2":4,"3":4,"4":4,"5":4,"6":4,"7":4,"8":4,"9":4,"10":4,"11":0,"12":4,"13":4,"14":0,"15":0,"16":0,"17":0,"18":0,"19":0,"20":4,"21":0,"22":0,"23":0,"24":4,"25":4,"26":4,"27":4,"28":4,"29":4,"30":4,"31":0,"32":0,"33":4,"34":4,"35":4,"36":0,"37":0,"38":0,"39":0,"40":0,"41":0,"42":0,"43":4,"44":4,"45":4,"46":4,"47":4,"48":4,"49":4,"50":4,"51":4,"52":4,"53":4,"54":4,"55":4,"56":4,"57":4,"58":4,"59":4,"60":4,"61":0,"62":0,"63":0,"64":0,"65":0,"66":0,"67":0,"68":0,"69":0,"70":0,"71":4,"72":4,"73":4,"74":4,"75":4,"76":4,"77":4,"78":4,"79":4,"80":4,"81":4,"82":4},"branchMap":{"0":{"type":"branch","line":1,"loc":{"start":{"line":1,"column":0},"end":{"line":83,"column":54}},"locations":[{"start":{"line":1,"column":0},"end":{"line":83,"column":54}}]},"1":{"type":"branch","line":1,"loc":{"start":{"line":1,"column":0},"end":{"line":83,"column":54}},"locations":[{"start":{"line":1,"column":0},"end":{"line":83,"column":54}}]},"2":{"type":"branch","line":2,"loc":{"start":{"line":2,"column":50},"end":{"line":28,"column":1}},"locations":[{"start":{"line":2,"column":50},"end":{"line":28,"column":1}}]},"3":{"type":"branch","line":4,"loc":{"start":{"line":4,"column":55},"end":{"line":4,"column":62}},"locations":[{"start":{"line":4,"column":55},"end":{"line":4,"column":62}}]},"4":{"type":"branch","line":4,"loc":{"start":{"line":4,"column":83},"end":{"line":4,"column":90}},"locations":[{"start":{"line":4,"column":83},"end":{"line":4,"column":90}}]},"5":{"type":"branch","line":5,"loc":{"start":{"line":5,"column":31},"end":{"line":5,"column":38}},"locations":[{"start":{"line":5,"column":31},"end":{"line":5,"column":38}}]},"6":{"type":"branch","line":5,"loc":{"start":{"line":5,"column":39},"end":{"line":5,"column":84}},"locations":[{"start":{"line":5,"column":39},"end":{"line":5,"column":84}}]},"7":{"type":"branch","line":6,"loc":{"start":{"line":6,"column":34},"end":{"line":6,"column":108}},"locations":[{"start":{"line":6,"column":34},"end":{"line":6,"column":108}}]},"8":{"type":"branch","line":10,"loc":{"start":{"line":10,"column":33},"end":{"line":10,"column":81}},"locations":[{"start":{"line":10,"column":33},"end":{"line":10,"column":81}}]},"9":{"type":"branch","line":10,"loc":{"start":{"line":10,"column":61},"end":{"line":10,"column":65}},"locations":[{"start":{"line":10,"column":61},"end":{"line":10,"column":65}}]},"10":{"type":"branch","line":11,"loc":{"start":{"line":11,"column":40},"end":{"line":13,"column":106}},"locations":[{"start":{"line":11,"column":40},"end":{"line":13,"column":106}}]},"11":{"type":"branch","line":14,"loc":{"start":{"line":14,"column":33},"end":{"line":20,"column":9}},"locations":[{"start":{"line":14,"column":33},"end":{"line":20,"column":9}}]},"12":{"type":"branch","line":21,"loc":{"start":{"line":21,"column":37},"end":{"line":24,"column":9}},"locations":[{"start":{"line":21,"column":37},"end":{"line":24,"column":9}}]},"13":{"type":"branch","line":26,"loc":{"start":{"line":26,"column":16},"end":{"line":26,"column":74}},"locations":[{"start":{"line":26,"column":16},"end":{"line":26,"column":74}}]},"14":{"type":"branch","line":3,"loc":{"start":{"line":3,"column":4},"end":{"line":3,"column":123}},"locations":[{"start":{"line":3,"column":4},"end":{"line":3,"column":123}}]},"15":{"type":"branch","line":3,"loc":{"start":{"line":3,"column":42},"end":{"line":3,"column":68}},"locations":[{"start":{"line":3,"column":42},"end":{"line":3,"column":68}}]},"16":{"type":"branch","line":3,"loc":{"start":{"line":3,"column":70},"end":{"line":3,"column":111}},"locations":[{"start":{"line":3,"column":70},"end":{"line":3,"column":111}}]},"17":{"type":"branch","line":29,"loc":{"start":{"line":29,"column":60},"end":{"line":35,"column":1}},"locations":[{"start":{"line":29,"column":60},"end":{"line":35,"column":1}}]},"18":{"type":"branch","line":31,"loc":{"start":{"line":31,"column":50},"end":{"line":33,"column":5}},"locations":[{"start":{"line":31,"column":50},"end":{"line":33,"column":5}}]},"19":{"type":"branch","line":34,"loc":{"start":{"line":34,"column":20},"end":{"line":34,"column":27}},"locations":[{"start":{"line":34,"column":20},"end":{"line":34,"column":27}}]},"20":{"type":"branch","line":45,"loc":{"start":{"line":45,"column":60},"end":{"line":48,"column":1}},"locations":[{"start":{"line":45,"column":60},"end":{"line":48,"column":1}}]},"21":{"type":"branch","line":46,"loc":{"start":{"line":46,"column":34},"end":{"line":46,"column":99}},"locations":[{"start":{"line":46,"column":34},"end":{"line":46,"column":99}}]},"22":{"type":"branch","line":47,"loc":{"start":{"line":47,"column":80},"end":{"line":47,"column":110}},"locations":[{"start":{"line":47,"column":80},"end":{"line":47,"column":110}}]},"23":{"type":"branch","line":52,"loc":{"start":{"line":52,"column":29},"end":{"line":82,"column":1}},"locations":[{"start":{"line":52,"column":29},"end":{"line":82,"column":1}}]},"24":{"type":"branch","line":58,"loc":{"start":{"line":58,"column":8},"end":{"line":60,"column":9}},"locations":[{"start":{"line":58,"column":8},"end":{"line":60,"column":9}}]},"25":{"type":"branch","line":74,"loc":{"start":{"line":74,"column":5},"end":{"line":80,"column":5}},"locations":[{"start":{"line":74,"column":5},"end":{"line":80,"column":5}}]},"26":{"type":"branch","line":75,"loc":{"start":{"line":75,"column":74},"end":{"line":75,"column":95}},"locations":[{"start":{"line":75,"column":74},"end":{"line":75,"column":95}}]},"27":{"type":"branch","line":78,"loc":{"start":{"line":78,"column":23},"end":{"line":78,"column":150}},"locations":[{"start":{"line":78,"column":23},"end":{"line":78,"column":150}}]}},"b":{"0":[4],"1":[4],"2":[4],"3":[0],"4":[0],"5":[0],"6":[0],"7":[0],"8":[12],"9":[0],"10":[0],"11":[0],"12":[0],"13":[0],"14":[4],"15":[0],"16":[0],"17":[4],"18":[0],"19":[0],"20":[4],"21":[0],"22":[0],"23":[4],"24":[4],"25":[4],"26":[0],"27":[0]},"fnMap":{"0":{"name":"Object.<anonymous>","decl":{"start":{"line":1,"column":0},"end":{"line":83,"column":54}},"loc":{"start":{"line":1,"column":0},"end":{"line":83,"column":54}},"line":1},"1":{"name":"Object.<anonymous>.__esDecorate","decl":{"start":{"line":2,"column":50},"end":{"line":28,"column":1}},"loc":{"start":{"line":2,"column":50},"end":{"line":28,"column":1}},"line":2},"2":{"name":"accept","decl":{"start":{"line":3,"column":4},"end":{"line":3,"column":123}},"loc":{"start":{"line":3,"column":4},"end":{"line":3,"column":123}},"line":3},"3":{"name":"context.addInitializer","decl":{"start":{"line":12,"column":33},"end":{"line":12,"column":181}},"loc":{"start":{"line":12,"column":33},"end":{"line":12,"column":181}},"line":12},"4":{"name":"Object.<anonymous>.__runInitializers","decl":{"start":{"line":29,"column":60},"end":{"line":35,"column":1}},"loc":{"start":{"line":29,"column":60},"end":{"line":35,"column":1}},"line":29},"5":{"name":"Object.<anonymous>.__awaiter","decl":{"start":{"line":36,"column":44},"end":{"line":44,"column":1}},"loc":{"start":{"line":36,"column":44},"end":{"line":44,"column":1}},"line":36},"6":{"name":"Object.<an
[...]
ne":3,"column":84}},"3":{"start":{"line":4,"column":0},"end":{"line":4,"column":33}},"4":{"start":{"line":5,"column":0},"end":{"line":5,"column":0}},"5":{"start":{"line":6,"column":0},"end":{"line":6,"column":10}},"6":{"start":{"line":7,"column":0},"end":{"line":7,"column":58}},"7":{"start":{"line":8,"column":0},"end":{"line":8,"column":28}},"8":{"start":{"line":9,"column":0},"end":{"line":9,"column":0}},"9":{"start":{"line":10,"column":0},"end":{"line":10,"column":34}},"10":{"start":{"line":11,"column":0},"end":{"line":11,"column":31}},"11":{"start":{"line":12,"column":0},"end":{"line":12,"column":5}},"12":{"start":{"line":13,"column":0},"end":{"line":13,"column":0}},"13":{"start":{"line":14,"column":0},"end":{"line":14,"column":77}},"14":{"start":{"line":15,"column":0},"end":{"line":15,"column":13}},"15":{"start":{"line":16,"column":0},"end":{"line":16,"column":107}},"16":{"start":{"line":17,"column":0},"end":{"line":17,"column":42}},"17":{"start":{"line":18,"column":0},"end":{"line":18,"column":37}},"18":{"start":{"line":19,"column":0},"end":{"line":19,"column":20}},"19":{"start":{"line":20,"column":0},"end":{"line":20,"column":85}},"20":{"start":{"line":21,"column":0},"end":{"line":21,"column":13}},"21":{"start":{"line":22,"column":0},"end":{"line":22,"column":25}},"22":{"start":{"line":23,"column":0},"end":{"line":23,"column":44}},"23":{"start":{"line":24,"column":0},"end":{"line":24,"column":80}},"24":{"start":{"line":25,"column":0},"end":{"line":25,"column":13}},"25":{"start":{"line":26,"column":0},"end":{"line":26,"column":24}},"26":{"start":{"line":27,"column":0},"end":{"line":27,"column":9}},"27":{"start":{"line":28,"column":0},"end":{"line":28,"column":5}},"28":{"start":{"line":29,"column":0},"end":{"line":29,"column":1}}},"s":{"0":1,"1":1,"2":1,"3":1,"4":1,"5":1,"6":1,"7":1,"8":1,"9":1,"10":1,"11":1,"12":1,"13":1,"14":0,"15":0,"16":0,"17":0,"18":0,"19":0,"20":0,"21":0,"22":0,"23":0,"24":0,"25":0,"26":0,"27":0,"28":1},"branchMap":{"0":{"type":"branch","line":10,"loc":{"start":{"line":10,"column":4},"end":{"line":12,"column":5}},"locations":[{"start":{"line":10,"column":4},"end":{"line":12,"column":5}}]}},"b":{"0":[1]},"fnMap":{"0":{"name":"_classThis","decl":{"start":{"line":10,"column":4},"end":{"line":12,"column":5}},"loc":{"start":{"line":10,"column":4},"end":{"line":12,"column":5}},"line":10},"1":{"name":"getPlanet","decl":{"start":{"line":14,"column":17},"end":{"line":28,"column":5}},"loc":{"start":{"line":14,"column":17},"end":{"line":28,"column":5}},"line":14}},"f":{"0":1,"1":0}}
,"D:\\Eduv4\\Softect\\reto1\\servlees-swap\\src\\contexts\\planets\\infraestructure\\repositories\\PlanetRepository.ts": {"path":"D:\\Eduv4\\Softect\\reto1\\servlees-swap\\src\\contexts\\planets\\infraestructure\\repositories\\PlanetRepository.ts","all":false,"statementMap":{"0":{"start":{"line":1,"column":0},"end":{"line":1,"column":45}},"1":{"start":{"line":2,"column":0},"end":{"line":2,"column":78}},"2":{"start":{"line":3,"column":0},"end":{"line":3,"column":55}},"3":{"start":{"line":4,"column":0},"end":{"line":4,"column":0}},"4":{"start":{"line":5,"column":0},"end":{"line":5,"column":60}},"5":{"start":{"line":6,"column":0},"end":{"line":6,"column":33}},"6":{"start":{"line":7,"column":0},"end":{"line":7,"column":0}},"7":{"start":{"line":8,"column":0},"end":{"line":8,"column":39}},"8":{"start":{"line":9,"column":0},"end":{"line":9,"column":29}},"9":{"start":{"line":10,"column":0},"end":{"line":10,"column":5}},"10":{"start":{"line":11,"column":0},"end":{"line":11,"column":0}},"11":{"start":{"line":12,"column":0},"end":{"line":12,"column":56}},"12":{"start":{"line":13,"column":0},"end":{"line":13,"column":60}},"13":{"start":{"line":14,"column":0},"end":{"line":14,"column":22}},"14":{"start":{"line":15,"column":0},"end":{"line":15,"column":43}},"15":{"start":{"line":16,"column":0},"end":{"line":16,"column":63}},"16":{"start":{"line":17,"column":0},"end":{"line":17,"column":61}},"17":{"start":{"line":18,"column":0},"end":{"line":18,"column":49}},"18":{"start":{"line":19,"column":0},"end":{"line":19,"column":45}},"19":{"start":{"line":20,"column":0},"end":{"line":20,"column":48}},"20":{"start":{"line":21,"column":0},"end":{"line":21,"column":47}},"21":{"start":{"line":22,"column":0},"end":{"line":22,"column":61}},"22":{"start":{"line":23,"column":0},"end":{"line":23,"column":51}},"23":{"start":{"line":24,"column":0},"end":{"line":24,"column":17}},"24":{"start":{"line":25,"column":0},"end":{"line":25,"column":14}},"25":{"start":{"line":26,"column":0},"end":{"line":26,"column":0}},"26":{"start":{"line":27,"column":0},"end":{"line":27,"column":39}},"27":{"start":{"line":28,"column":0},"end":{"line":28,"column":8}},"28":{"start":{"line":29,"column":0},"end":{"line":29,"column":53}},"29":{"start":{"line":30,"column":0},"end":{"line":30,"column":78}},"30":{"start":{"line":31,"column":0},"end":{"line":31,"column":55}},"31":{"start":{"line":32,"column":0},"end":{"line":32,"column":9}},"32":{"start":{"line":33,"column":0},"end":{"line":33,"column":4}},"33":{"start":{"line":34,"column":0},"end":{"line":34,"column":57}},"34":{"start":{"line":35,"column":0},"end":{"line":35,"column":19}},"35":{"start":{"line":36,"column":0},"end":{"line":36,"column":40}},"36":{"start":{"line":37,"column":0},"end":{"line":37,"column":60}},"37":{"start":{"line":38,"column":0},"end":{"line":38,"column":58}},"38":{"start":{"line":39,"column":0},"end":{"line":39,"column":46}},"39":{"start":{"line":40,"column":0},"end":{"line":40,"column":42}},"40":{"start":{"line":41,"column":0},"end":{"line":41,"column":45}},"41":{"start":{"line":42,"column":0},"end":{"line":42,"column":44}},"42":{"start":{"line":43,"column":0},"end":{"line":43,"column":58}},"43":{"start":{"line":44,"column":0},"end":{"line":44,"column":48}},"44":{"start":{"line":45,"column":0},"end":{"line":45,"column":14}},"45":{"start":{"line":46,"column":0},"end":{"line":46,"column":11}},"46":{"start":{"line":47,"column":0},"end":{"line":47,"column":4}},"47":{"start":{"line":48,"column":0},"end":{"line":48,"column":36}},"48":{"start":{"line":49,"column":0},"end":{"line":49,"column":5}},"49":{"start":{"line":50,"column":0},"end":{"line":50,"column":4}},"50":{"start":{"line":51,"column":0},"end":{"line":51,"column":0}},"51":{"start":{"line":52,"column":0},"end":{"line":52,"column":56}},"52":{"start":{"line":53,"column":0},"end":{"line":53,"column":61}},"53":{"start":{"line":54,"column":0},"end":{"line":54,"column":30}},"54":{"start":{"line":55,"column":0},"end":{"line":55,"column":11}},"55":{"start":{"line":56,"column":0},"end":{"line":56,"column":0}},"56":{"start":{"line":57,"column":0},"end":{"line":57,"column":21}},"57":{"start":{"line":58,"column":0},"end":{"line":58,"column":31}},"58":{"start":{"line":59,"column":0},"end":{"line":59,"column":36}},"59":{"start":{"line":60,"column":0},"end":{"line":60,"column":56}},"60":{"start":{"line":61,"column":0},"end":{"line":61,"column":54}},"61":{"start":{"line":62,"column":0},"end":{"line":62,"column":42}},"62":{"start":{"line":63,"column":0},"end":{"line":63,"column":38}},"63":{"start":{"line":64,"column":0},"end":{"line":64,"column":41}},"64":{"start":{"line":65,"column":0},"end":{"line":65,"column":40}},"65":{"start":{"line":66,"column":0},"end":{"line":66,"column":54}},"66":{"start":{"line":67,"column":0},"end":{"line":67,"column":79}},"67":{"start":{"line":68,"column":0},"end":{"line":68,"column":0}},"68":{"start":{"line":69,"column":0},"end":{"line":69,"column":15}},"69":{"start":{"line":70,"column":0},"end":{"line":70,"column":9}},"70":{"start":{"line":71,"column":0},"end":{"line":71,"column":0}},"71":{"start":{"line":72,"column":0},"end":{"line":72,"column":20}},"72":{"start":{"line":73,"column":0},"end":{"line":73,"column":5}},"73":{"start":{"line":74,"column":0},"end":{"line":74,"column":0}},"74":{"start":{"line":75,"column":0},"end":{"line":75,"column":40}},"75":{"start":{"line":76,"column":0},"end":{"line":76,"column":65}},"76":{"start":{"line":77,"column":0},"end":{"line":77,"column":48}},"77":{"start":{"line":78,"column":0},"end":{"line":78,"column":27}},"78":{"start":{"line":79,"column":0},"end":{"line":79,"column":47}},"79":{"start":{"line":80,"column":0},"end":{"line":80,"column":45}},"80":{"start":{"line":81,"column":0},"end":{"line":81,"column":33}},"81":{"start":{"line":82,"column":0},"end":{"line":82,"column":29}},"82":{"start":{"line":83,"column":0},"end":{"line":83,"column":32}},"83":{"start":{"line":84,"column":0},"end":{"line":84,"column":31}},"84":{"start":{"line":85,"column":0},"end":{"line":85,"column":45}},"85":{"start":{"line":86,"column":0},"end":{"line":86,"column":65}},"86":{"start":{"line":87,"column":0},"end":{"line":87,"column":12}},"87":{"start":{"line":88,"column":0},"end":{"line":88,"column":5}},"88":{"start":{"line":89,"column":0},"end":{"line":89,"column":1}}},"s":{"0":1,"1":1,"2":1,"3":1,"4":1,"5":1,"6":1,"7":1,"8":1,"9":1,"10":1,"11":1,"12":1,"13":1,"14":1,"15":1,"16":1,"17":1,"18":1,"19":1,"20":1,"21":1,"22":1,"23":1,"24":1,"25":1,"26":1,"27":1,"28":1,"29":0,"30":0,"31":0,"32":0,"33":0,"34":0,"35":0,"36":0,"37":0,"38":0,"39":0,"40":0,"41":0,"42":0,"43":0,"44":0,"45":0,"46":0,"47":0,"48":0,"49":1,"50":1,"51":1,"52":0,"53":0,"54":0,"55":0,"56":0,"57":0,"58":0,"59":0,"60":0,"61":0,"62":0,"63":0,"64":0,"65":0,"66":0,"67":0,"68":0,"69":0,"70":0,"71":0,"72":0,"73":1,"74":1,"75":0,"76":0,"77":0,"78":0,"79":0,"80":0,"81":0,"82":0,"83":0,"84":0,"85":0,"86":0,"87":0,"88":1},"branchMap":{"0":{"type":"branch","line":8,"loc":{"start":{"line":8,"column":4},"end":{"line":10,"column":5}},"locations":[{"start":{"line":8,"column":4},"end":{"line":10,"column":5}}]}},"b":{"0":[1]},"fnMap":{"0":{"name":"PlanetRepository","decl":{"start":{"line":8,"column":4},"end":{"line":10,"column":5}},"loc":{"start":{"line":8,"column":4},"end":{"line":10,"column":5}},"line":8},"1":{"name":"save","decl":{"start":{"line":29,"column":10},"end":{"line":49,"column":5}},"loc":{"start":{"line":29,"column":10},"end":{"line":49,"column":5}},"line":29},"2":{"name":"findById","decl":{"start":{"line":52,"column":10},"end":{"line":73,"column":5}},"loc":{"start":{"line":52,"column":10},"end":{"line":73,"column":5}},"line":52},"3":{"name":"findAll","decl":{"start":{"line":75,"column":10},"end":{"line":88,"column":5}},"loc":{"start":{"line":75,"column":10},"end":{"line":88,"column":5}},"line":75}},"f":{"0":1,"1":0,"2":0,"3":0}}
,"D:\\Eduv4\\Softect\\reto1\\servlees-swap\\src\\tests\\app\\handlers\\planets\\data\\planetTestData.ts": {"path":"D:\\Eduv4\\Softect\\reto1\\servlees-swap\\src\\tests\\app\\handlers\\planets\\data\\planetTestData.ts","all":false,"statementMap":{"0":{"start":{"line":1,"column":0},"end":{"line":1,"column":81}},"1":{"start":{"line":2,"column":0},"end":{"line":2,"column":0}},"2":{"start":{"line":3,"column":0},"end":{"line":3,"column":31}},"3":{"start":{"line":4,"column":0},"end":{"line":4,"column":21}},"4":{"start":{"line":5,"column":0},"end":{"line":5,"column":24}},"5":{"start":{"line":6,"column":0},"end":{"line":6,"column":24}},"6":{"start":{"line":7,"column":0},"end":{"line":7,"column":20}},"7":{"start":{"line":8,"column":0},"end":{"line":8,"column":22}},"8":{"start":{"line":9,"column":0},"end":{"line":9,"column":27}},"9":{"start":{"line":10,"column":0},"end":{"line":10,"column":45}},"10":{"start":{"line":11,"column":0},"end":{"line":11,"column":24}},"11":{"start":{"line":12,"column":0},"end":{"line":12,"column":25}},"12":{"start":{"line":13,"column":0},"end":{"line":13,"column":4}},"13":{"start":{"line":14,"column":0},"end":{"line":14,"column":2}},"14":{"start":{"line":15,"column":0},"end":{"line":15,"column":32}},"15":{"start":{"line":16,"column":0},"end":{"line":16,"column":185}},"16":{"start":{"line":17,"column":0},"end":{"line":17,"column":174}},"17":{"start":{"line":18,"column":0},"end":{"line":18,"column":2}}},"s":{"0":1,"1":1,"2":1,"3":1,"4":1,"5":1,"6":1,"7":1,"8":1,"9":1,"10":1,"11":1,"12":1,"13":1,"14":1,"15":1,"16":1,"17":1},"branchMap":{},"b":{},"fnMap":{},"f":{}}
,"D:\\Eduv4\\Softect\\reto1\\servlees-swap\\src\\tests\\app\\handlers\\planets\\mocks\\mockPlanetRegistryService.ts": {"path":"D:\\Eduv4\\Softect\\reto1\\servlees-swap\\src\\tests\\app\\handlers\\planets\\mocks\\mockPlanetRegistryService.ts","all":false,"statementMap":{"0":{"start":{"line":1,"column":0},"end":{"line":1,"column":119}},"1":{"start":{"line":2,"column":0},"end":{"line":2,"column":0}},"2":{"start":{"line":3,"column":0},"end":{"line":3,"column":79}},"3":{"start":{"line":4,"column":0},"end":{"line":4,"column":26}},"4":{"start":{"line":5,"column":0},"end":{"line":5,"column":25}},"5":{"start":{"line":6,"column":0},"end":{"line":6,"column":31}},"6":{"start":{"line":7,"column":0},"end":{"line":7,"column":2}}},"s":{"0":1,"1":1,"2":1,"3":1,"4":1,"5":1,"6":1},"branchMap":{},"b":{},"fnMap":{},"f":{}}
,"D:\\Eduv4\\Softect\\reto1\\servlees-swap\\src\\tests\\app\\handlers\\planets\\utils\\testFunctions.ts": {"path":"D:\\Eduv4\\Softect\\reto1\\servlees-swap\\src\\tests\\app\\handlers\\planets\\utils\\testFunctions.ts","all":false,"statementMap":{"0":{"start":{"line":1,"column":0},"end":{"line":1,"column":74}},"1":{"start":{"line":2,"column":0},"end":{"line":2,"column":42}},"2":{"start":{"line":3,"column":0},"end":{"line":3,"column":57}},"3":{"start":{"line":4,"column":0},"end":{"line":4,"column":79}},"4":{"start":{"line":5,"column":0},"end":{"line":5,"column":81}},"5":{"start":{"line":6,"column":0},"end":{"line":6,"column":75}},"6":{"start":{"line":7,"column":0},"end":{"line":7,"column":0}},"7":{"start":{"line":8,"column":0},"end":{"line":8,"column":49}},"8":{"start":{"line":9,"column":0},"end":{"line":9,"column":48}},"9":{"start":{"line":10,"column":0},"end":{"line":10,"column":75}},"10":{"start":{"line":11,"column":0},"end":{"line":11,"column":0}},"11":{"start":{"line":12,"column":0},"end":{"line":12,"column":17}},"12":{"start":{"line":13,"column":0},"end":{"line":13,"column":41}},"13":{"start":{"line":14,"column":0},"end":{"line":14,"column":39}},"14":{"start":{"line":15,"column":0},"end":{"line":15,"column":0}},"15":{"start":{"line":16,"column":0},"end":{"line":16,"column":79}},"16":{"start":{"line":17,"column":0},"end":{"line":17,"column":1}},"17":{"start":{"line":18,"column":0},"end":{"line":18,"column":0}},"18":{"start":{"line":19,"column":0},"end":{"line":19,"column":69}},"19":{"start":{"line":20,"column":0},"end":{"line":20,"column":40}},"20":{"start":{"line":21,"column":0},"end":{"line":21,"column":70}},"21":{"start":{"line":22,"column":0},"end":{"line":22,"column":0}},"22":{"start":{"line":23,"column":0},"end":{"line":23,"column":17}},"23":{"start":{"line":24,"column":0},"end":{"line":24,"column":41}},"24":{"start":{"line":25,"column":0},"end":{"line":25,"column":39}},"25":{"start":{"line":26,"column":0},"end":{"line":26,"column":0}},"26":{"start":{"line":27,"column":0},"end":{"line":27,"column":79}},"27":{"start":{"line":28,"column":0},"end":{"line":28,"column":1}}},"s":{"0":1,"1":1,"2":1,"3":1,"4":1,"5":1,"6":1,"7":1,"8":1,"9":1,"10":1,"11":1,"12":1,"13":1,"14":1,"15":1,"16":1,"17":1,"18":1,"19":1,"20":1,"21":1,"22":1,"23":1,"24":1,"25":1,"26":1,"27":1},"branchMap":{"0":{"type":"branch","line":8,"loc":{"start":{"line":8,"column":0},"end":{"line":17,"column":1}},"locations":[{"start":{"line":8,"column":0},"end":{"line":17,"column":1}}]},"1":{"type":"branch","line":19,"loc":{"start":{"line":19,"column":0},"end":{"line":28,"column":1}},"locations":[{"start":{"line":19,"column":0},"end":{"line":28,"column":1}}]}},"b":{"0":[1],"1":[1]},"fnMap":{"0":{"name":"testCreatePlanetSuccess","decl":{"start":{"line":8,"column":0},"end":{"line":17,"column":1}},"loc":{"start":{"line":8,"column":0},"end":{"line":17,"column":1}},"line":8},"1":{"name":"testCreatePlanetFailure","decl":{"start":{"line":19,"column":0},"end":{"line":28,"column":1}},"loc":{"start":{"line":19,"column":0},"end":{"line":28,"column":1}},"line":19}},"f":{"0":1,"1":1}}
,"D:\\Eduv4\\Softect\\reto1\\servlees-swap\\src\\tests\\app\\handlers\\planets\\utils\\testUtils.ts": {"path":"D:\\Eduv4\\Softect\\reto1\\servlees-swap\\src\\tests\\app\\handlers\\planets\\utils\\testUtils.ts","all":false,"statementMap":{"0":{"start":{"line":1,"column":0},"end":{"line":1,"column":37}},"1":{"start":{"line":2,"column":0},"end":{"line":2,"column":79}},"2":{"start":{"line":3,"column":0},"end":{"line":3,"column":59}},"3":{"start":{"line":4,"column":0},"end":{"line":4,"column":0}},"4":{"start":{"line":5,"column":0},"end":{"line":5,"column":60}},"5":{"start":{"line":6,"column":0},"end":{"line":6,"column":37}},"6":{"start":{"line":7,"column":0},"end":{"line":7,"column":42}},"7":{"start":{"line":8,"column":0},"end":{"line":8,"column":33}},"8":{"start":{"line":9,"column":0},"end":{"line":9,"column":25}},"9":{"start":{"line":10,"column":0},"end":{"line":10,"column":81}},"10":{"start":{"line":11,"column":0},"end":{"line":11,"column":27}},"11":{"start":{"line":12,"column":0},"end":{"line":12,"column":30}},"12":{"start":{"line":13,"column":0},"end":{"line":13,"column":30}},"13":{"start":{"line":14,"column":0},"end":{"line":14,"column":32}},"14":{"start":{"line":15,"column":0},"end":{"line":15,"column":41}},"15":{"start":{"line":16,"column":0},"end":{"line":16,"column":19}},"16":{"start":{"line":17,"column":0},"end":{"line":17,"column":19}},"17":{"start":{"line":18,"column":0},"end":{"line":18,"column":22}},"18":{"start":{"line":19,"column":0},"end":{"line":19,"column":2}},"19":{"start":{"line":20,"column":0},"end":{"line":20,"column":0}},"20":{"start":{"line":21,"column":0},"end":{"line":21,"column":57}},"21":{"start":{"line":22,"column":0},"end":{"line":22,"column":41}},"22":{"start":{"line":23,"column":0},"end":{"line":23,"column":22}},"23":{"start":{"line":24,"column":0},"end":{"line":24,"column":81}},"24":{"start":{"line":25,"column":0},"end":{"line":25,"column":77}},"25":{"start":{"line":26,"column":0},"end":{"line":26,"column":7}},"26":{"start":{"line":27,"column":0},"end":{"line":27,"column":0}},"27":{"start":{"line":28,"column":0},"end":{"line":28,"column":21}},"28":{"start":{"line":29,"column":0},"end":{"line":29,"column":51}},"29":{"start":{"line":30,"column":0},"end":{"line":30,"column":29}},"30":{"start":{"line":31,"column":0},"end":{"line":31,"column":7}},"31":{"start":{"line":32,"column":0},"end":{"line":32,"column":2}}},"s":{"0":1,"1":1,"2":1,"3":1,"4":1,"5":1,"6":1,"7":1,"8":1,"9":1,"10":1,"11":1,"12":1,"13":1,"14":1,"15":1,"16":1,"17":1,"18":1,"19":1,"20":1,"21":1,"22":3,"23":8,"24":8,"25":3,"26":3,"27":3,"28":8,"29":8,"30":3,"31":3},"branchMap":{"0":{"type":"branch","line":22,"loc":{"start":{"line":22,"column":34},"end":{"line":32,"column":2}},"locations":[{"start":{"line":22,"column":34},"end":{"line":32,"column":2}}]},"1":{"type":"branch","line":23,"loc":{"start":{"line":23,"column":15},"end":{"line":26,"column":5}},"locations":[{"start":{"line":23,"column":15},"end":{"line":26,"column":5}}]},"2":{"type":"branch","line":28,"loc":{"start":{"line":28,"column":14},"end":{"line":31,"column":5}},"locations":[{"start":{"line":28,"column":14},"end":{"line":31,"column":5}}]}},"b":{"0":[3],"1":[8],"2":[8]},"fnMap":{"0":{"name":"getRemainingTimeInMillis","decl":{"start":{"line":15,"column":30},"end":{"line":15,"column":40}},"loc":{"start":{"line":15,"column":30},"end":{"line":15,"column":40}},"line":15},"1":{"name":"done","decl":{"start":{"line":16,"column":10},"end":{"line":16,"column":18}},"loc":{"start":{"line":16,"column":10},"end":{"line":16,"column":18}},"line":16},"2":{"name":"fail","decl":{"start":{"line":17,"column":10},"end":{"line":17,"column":18}},"loc":{"start":{"line":17,"column":10},"end":{"line":17,"column":18}},"line":17},"3":{"name":"succeed","decl":{"start":{"line":18,"column":13},"end":{"line":18,"column":21}},"loc":{"start":{"line":18,"column":13},"end":{"line":18,"column":21}},"line":18},"4":{"name":"setupMockContainer","decl":{"start":{"line":22,"column":34},"end":{"line":32,"column":2}},"loc":{"start":{"line":22,"column":34},"end":{"line":32,"column":2}},"line":22}},"f":{"0":0,"1":0,"2":0,"3":0,"4":3}}
}
