TN:
SF:dist\app\di\iocContainer.js
FN:1,Object.<anonymous>
FNF:1
FNH:1
FNDA:4,Object.<anonymous>
DA:1,4
DA:2,4
DA:3,4
DA:4,4
DA:5,4
DA:6,4
DA:7,4
DA:8,4
DA:9,4
DA:10,4
DA:11,4
DA:12,4
DA:13,4
DA:14,4
DA:15,4
DA:16,4
DA:17,4
DA:18,4
DA:19,4
DA:20,4
DA:21,4
DA:22,4
DA:23,4
DA:24,4
DA:25,4
DA:26,4
DA:27,4
DA:28,4
DA:29,4
DA:30,4
DA:31,4
DA:32,4
DA:33,4
DA:34,4
DA:35,4
DA:36,4
DA:37,4
DA:38,4
DA:39,4
DA:40,4
DA:41,4
DA:42,4
DA:43,4
DA:44,4
DA:45,4
DA:46,4
DA:47,4
DA:48,4
DA:49,4
DA:50,4
DA:51,4
DA:52,4
DA:53,4
DA:54,4
DA:55,4
DA:56,4
DA:57,4
DA:58,4
DA:59,4
DA:60,4
DA:61,4
DA:62,4
DA:63,4
DA:64,4
DA:65,4
DA:66,4
DA:67,4
DA:68,4
LF:68
LH:68
BRDA:1,0,0,4
BRDA:1,1,0,4
BRDA:38,2,0,0
BRF:3
BRH:2
end_of_record
TN:
SF:dist\app\handlers\planets\createPlanet.js
FN:1,Object.<anonymous>
FN:15,Object.<anonymous>.__setModuleDefault
FN:18,Object.<anonymous>.__importStar
FN:25,Object.<anonymous>.__awaiter
FN:26,adopt
FN:28,fulfilled
FN:29,rejected
FN:30,step
FN:38,handler
FNF:9
FNH:8
FNDA:1,Object.<anonymous>
FNDA:0,Object.<anonymous>.__setModuleDefault
FNDA:1,Object.<anonymous>.__importStar
FNDA:3,Object.<anonymous>.__awaiter
FNDA:2,adopt
FNDA:1,fulfilled
FNDA:1,rejected
FNDA:5,step
FNDA:3,handler
DA:1,1
DA:2,1
DA:3,0
DA:4,0
DA:5,0
DA:6,0
DA:7,0
DA:8,0
DA:9,1
DA:10,0
DA:11,0
DA:12,1
DA:13,1
DA:14,0
DA:15,1
DA:16,0
DA:17,1
DA:18,1
DA:19,1
DA:20,0
DA:21,0
DA:22,0
DA:23,0
DA:24,1
DA:25,1
DA:26,3
DA:27,3
DA:28,3
DA:29,3
DA:30,3
DA:31,3
DA:32,3
DA:33,1
DA:34,1
DA:35,1
DA:36,1
DA:37,1
DA:38,1
DA:39,3
DA:40,3
DA:41,1
DA:42,1
DA:43,1
DA:44,1
DA:45,1
DA:46,2
DA:47,2
DA:48,2
DA:49,2
DA:50,1
DA:51,1
DA:52,1
DA:53,1
DA:54,1
DA:55,1
DA:56,1
DA:57,1
DA:58,1
DA:59,1
DA:60,1
DA:61,1
DA:62,1
DA:63,1
DA:64,1
DA:65,1
DA:66,1
DA:67,1
DA:68,1
LF:68
LH:54
BRDA:1,0,0,1
BRDA:1,1,0,1
BRDA:9,2,0,0
BRDA:15,3,0,0
BRDA:2,4,0,0
BRDA:9,5,0,0
BRDA:13,6,0,0
BRDA:18,7,0,1
BRDA:20,8,0,0
BRDA:25,9,0,3
BRDA:26,10,0,2
BRDA:26,11,0,0
BRDA:27,12,0,3
BRDA:28,13,0,1
BRDA:28,14,0,0
BRDA:29,15,0,1
BRDA:29,16,0,0
BRDA:30,17,0,5
BRDA:30,18,0,3
BRDA:30,19,0,2
BRDA:38,20,0,3
BRDA:38,21,0,3
BRDA:40,22,0,1
BRDA:46,23,0,2
BRDA:50,24,0,1
BRDA:63,25,0,0
BRF:26
BRH:16
end_of_record
TN:
SF:dist\app\handlers\planets\getPlanets.js
FN:1,Object.<anonymous>
FN:15,Object.<anonymous>.__setModuleDefault
FN:18,Object.<anonymous>.__importStar
FN:25,Object.<anonymous>.__awaiter
FN:26,adopt
FN:28,fulfilled
FN:29,rejected
FN:30,step
FN:37,handler
FNF:9
FNH:8
FNDA:1,Object.<anonymous>
FNDA:0,Object.<anonymous>.__setModuleDefault
FNDA:1,Object.<anonymous>.__importStar
FNDA:2,Object.<anonymous>.__awaiter
FNDA:2,adopt
FNDA:1,fulfilled
FNDA:1,rejected
FNDA:4,step
FNDA:2,handler
DA:1,1
DA:2,1
DA:3,0
DA:4,0
DA:5,0
DA:6,0
DA:7,0
DA:8,0
DA:9,1
DA:10,0
DA:11,0
DA:12,1
DA:13,1
DA:14,0
DA:15,1
DA:16,0
DA:17,1
DA:18,1
DA:19,1
DA:20,0
DA:21,0
DA:22,0
DA:23,0
DA:24,1
DA:25,1
DA:26,2
DA:27,2
DA:28,2
DA:29,2
DA:30,2
DA:31,2
DA:32,2
DA:33,1
DA:34,1
DA:35,1
DA:36,1
DA:37,1
DA:38,2
DA:39,2
DA:40,2
DA:41,1
DA:42,1
DA:43,1
DA:44,1
DA:45,1
DA:46,1
DA:47,1
DA:48,1
DA:49,1
DA:50,1
DA:51,1
DA:52,1
DA:53,1
DA:54,1
DA:55,1
DA:56,1
DA:57,1
LF:57
LH:43
BRDA:1,0,0,1
BRDA:1,1,0,1
BRDA:9,2,0,0
BRDA:15,3,0,0
BRDA:2,4,0,0
BRDA:9,5,0,0
BRDA:13,6,0,0
BRDA:18,7,0,1
BRDA:20,8,0,0
BRDA:25,9,0,2
BRDA:26,10,0,2
BRDA:26,11,0,0
BRDA:27,12,0,2
BRDA:28,13,0,1
BRDA:28,14,0,0
BRDA:29,15,0,1
BRDA:29,16,0,0
BRDA:30,17,0,4
BRDA:30,18,0,2
BRDA:30,19,0,2
BRDA:37,20,0,2
BRDA:37,21,0,2
BRDA:41,22,0,1
BRDA:52,23,0,0
BRDA:41,24,0,2
BRF:25
BRH:15
end_of_record
TN:
SF:dist\app\handlers\planets\getPlanetsSWApi.js
FN:1,Object.<anonymous>
FN:15,Object.<anonymous>.__setModuleDefault
FN:18,Object.<anonymous>.__importStar
FN:25,Object.<anonymous>.__awaiter
FN:26,adopt
FN:28,fulfilled
FN:29,rejected
FN:30,step
FN:37,handler
FNF:9
FNH:8
FNDA:1,Object.<anonymous>
FNDA:0,Object.<anonymous>.__setModuleDefault
FNDA:1,Object.<anonymous>.__importStar
FNDA:3,Object.<anonymous>.__awaiter
FNDA:2,adopt
FNDA:1,fulfilled
FNDA:1,rejected
FNDA:5,step
FNDA:3,handler
DA:1,1
DA:2,1
DA:3,0
DA:4,0
DA:5,0
DA:6,0
DA:7,0
DA:8,0
DA:9,1
DA:10,0
DA:11,0
DA:12,1
DA:13,1
DA:14,0
DA:15,1
DA:16,0
DA:17,1
DA:18,1
DA:19,1
DA:20,0
DA:21,0
DA:22,0
DA:23,0
DA:24,1
DA:25,1
DA:26,3
DA:27,3
DA:28,3
DA:29,3
DA:30,3
DA:31,3
DA:32,3
DA:33,1
DA:34,1
DA:35,1
DA:36,1
DA:37,1
DA:38,3
DA:39,3
DA:40,3
DA:41,3
DA:42,3
DA:43,1
DA:44,1
DA:45,1
DA:46,1
DA:47,1
DA:48,2
DA:49,1
DA:50,1
DA:51,1
DA:52,1
DA:53,1
DA:54,1
DA:55,1
DA:56,1
DA:57,1
DA:58,1
DA:59,1
DA:60,1
DA:61,1
DA:62,1
DA:63,1
DA:64,1
LF:64
LH:50
BRDA:1,0,0,1
BRDA:1,1,0,1
BRDA:9,2,0,0
BRDA:15,3,0,0
BRDA:2,4,0,0
BRDA:9,5,0,0
BRDA:13,6,0,0
BRDA:18,7,0,1
BRDA:20,8,0,0
BRDA:25,9,0,3
BRDA:26,10,0,2
BRDA:26,11,0,0
BRDA:27,12,0,3
BRDA:28,13,0,1
BRDA:28,14,0,0
BRDA:29,15,0,1
BRDA:29,16,0,0
BRDA:30,17,0,5
BRDA:30,18,0,3
BRDA:30,19,0,2
BRDA:37,20,0,3
BRDA:37,21,0,3
BRDA:41,22,0,2
BRDA:41,23,0,1
BRDA:41,24,0,2
BRDA:42,25,0,1
BRDA:48,26,0,2
BRDA:49,27,0,1
BRDA:59,28,0,0
BRF:29
BRH:19
end_of_record
TN:
SF:dist\contexts\people\application\commands\CreatePeopleCommand.js
FN:1,Object.<anonymous>
FN:5,CreatePeopleCommand
FN:8,validate
FNF:3
FNH:1
FNDA:4,Object.<anonymous>
FNDA:0,CreatePeopleCommand
FNDA:0,validate
DA:1,4
DA:2,4
DA:3,4
DA:4,4
DA:5,4
DA:6,0
DA:7,0
DA:8,4
DA:9,0
DA:10,0
DA:11,0
DA:12,0
DA:13,4
DA:14,4
LF:14
LH:8
BRDA:1,0,0,4
BRDA:1,1,0,4
BRF:2
BRH:2
end_of_record
TN:
SF:dist\contexts\people\application\commands\CreatePeopleCommandHandler.js
FN:1,Object.<anonymous>
FN:2,Object.<anonymous>.__esDecorate
FN:3,accept
FN:12,context.addInitializer
FN:29,Object.<anonymous>.__runInitializers
FN:36,Object.<anonymous>.__awaiter
FN:45,Object.<anonymous>.__setFunctionName
FN:59,_classThis
FN:62,handle
FNF:9
FNH:6
FNDA:4,Object.<anonymous>
FNDA:4,Object.<anonymous>.__esDecorate
FNDA:4,accept
FNDA:0,context.addInitializer
FNDA:4,Object.<anonymous>.__runInitializers
FNDA:0,Object.<anonymous>.__awaiter
FNDA:4,Object.<anonymous>.__setFunctionName
FNDA:4,_classThis
FNDA:0,handle
DA:1,4
DA:2,4
DA:3,4
DA:4,4
DA:5,4
DA:6,4
DA:7,4
DA:8,4
DA:9,4
DA:10,4
DA:11,4
DA:12,0
DA:13,4
DA:14,4
DA:15,0
DA:16,0
DA:17,0
DA:18,0
DA:19,0
DA:20,0
DA:21,4
DA:22,0
DA:23,0
DA:24,0
DA:25,4
DA:26,4
DA:27,4
DA:28,4
DA:29,4
DA:30,4
DA:31,4
DA:32,0
DA:33,0
DA:34,4
DA:35,4
DA:36,4
DA:37,0
DA:38,0
DA:39,0
DA:40,0
DA:41,0
DA:42,0
DA:43,0
DA:44,4
DA:45,4
DA:46,4
DA:47,4
DA:48,4
DA:49,4
DA:50,4
DA:51,4
DA:52,4
DA:53,4
DA:54,4
DA:55,4
DA:56,4
DA:57,4
DA:58,4
DA:59,4
DA:60,4
DA:61,4
DA:62,4
DA:63,0
DA:64,0
DA:65,0
DA:66,0
DA:67,0
DA:68,0
DA:69,0
DA:70,0
DA:71,0
DA:72,0
DA:73,0
DA:74,0
DA:75,0
DA:76,0
DA:77,0
DA:78,0
DA:79,0
DA:80,0
DA:81,0
DA:82,0
DA:83,0
DA:84,0
DA:85,0
DA:86,0
DA:87,0
DA:88,0
DA:89,0
DA:90,0
DA:91,0
DA:92,0
DA:93,0
DA:94,0
DA:95,0
DA:96,0
DA:97,0
DA:98,0
DA:99,0
DA:100,0
DA:101,0
DA:102,0
DA:103,0
DA:104,4
DA:105,4
DA:106,4
DA:107,4
DA:108,4
DA:109,4
DA:110,4
DA:111,4
DA:112,4
DA:113,4
DA:114,4
DA:115,4
LF:115
LH:55
BRDA:1,0,0,4
BRDA:1,1,0,4
BRDA:2,2,0,4
BRDA:4,3,0,0
BRDA:4,4,0,0
BRDA:5,5,0,0
BRDA:5,6,0,0
BRDA:6,7,0,0
BRDA:10,8,0,12
BRDA:10,9,0,0
BRDA:11,10,0,0
BRDA:14,11,0,0
BRDA:21,12,0,0
BRDA:26,13,0,0
BRDA:3,14,0,4
BRDA:3,15,0,0
BRDA:3,16,0,0
BRDA:29,17,0,4
BRDA:31,18,0,0
BRDA:34,19,0,0
BRDA:45,20,0,4
BRDA:46,21,0,0
BRDA:47,22,0,0
BRDA:53,23,0,4
BRDA:59,24,0,4
BRDA:106,25,0,4
BRDA:107,26,0,0
BRDA:110,27,0,0
BRF:28
BRH:10
end_of_record
TN:
SF:dist\contexts\people\application\dtos\People.js
FN:1,Object.<anonymous>
FN:6,People
FNF:2
FNH:2
FNDA:5,Object.<anonymous>
FNDA:2,People
DA:1,5
DA:2,5
DA:3,5
DA:4,5
DA:5,5
DA:6,5
DA:7,2
DA:8,2
DA:9,2
DA:10,2
DA:11,2
DA:12,2
DA:13,2
DA:14,2
DA:15,2
DA:16,2
DA:17,2
DA:18,2
DA:19,2
DA:20,5
DA:21,5
LF:21
LH:21
BRDA:1,0,0,5
BRDA:1,1,0,5
BRDA:6,2,0,2
BRF:3
BRH:3
end_of_record
TN:
SF:dist\contexts\people\application\dtos\PeopleDataEnglishApp.js
FN:1,Object.<anonymous>
FN:6,PeopleDataEnglishApp
FNF:2
FNH:1
FNDA:4,Object.<anonymous>
FNDA:0,PeopleDataEnglishApp
DA:1,4
DA:2,4
DA:3,4
DA:4,4
DA:5,4
DA:6,4
DA:7,0
DA:8,0
DA:9,0
DA:10,0
DA:11,0
DA:12,0
DA:13,0
DA:14,0
DA:15,0
DA:16,0
DA:17,0
DA:18,0
DA:19,0
DA:20,4
DA:21,4
LF:21
LH:8
BRDA:1,0,0,4
BRDA:1,1,0,4
BRF:2
BRH:2
end_of_record
TN:
SF:dist\contexts\people\application\dtos\PeopleDataSpanishApp.js
FN:1,Object.<anonymous>
FN:5,PeopleDataSpanishApp
FNF:2
FNH:2
FNDA:5,Object.<anonymous>
FNDA:2,PeopleDataSpanishApp
DA:1,5
DA:2,5
DA:3,5
DA:4,5
DA:5,5
DA:6,2
DA:7,2
DA:8,2
DA:9,2
DA:10,2
DA:11,2
DA:12,2
DA:13,2
DA:14,2
DA:15,2
DA:16,2
DA:17,2
DA:18,2
DA:19,5
DA:20,5
LF:20
LH:20
BRDA:1,0,0,5
BRDA:1,1,0,5
BRDA:5,2,0,2
BRF:3
BRH:3
end_of_record
TN:
SF:dist\contexts\people\application\queries\GetPeopleQueryHandler.js
FN:1,Object.<anonymous>
FN:2,Object.<anonymous>.__esDecorate
FN:3,accept
FN:12,context.addInitializer
FN:29,Object.<anonymous>.__runInitializers
FN:36,Object.<anonymous>.__awaiter
FN:45,Object.<anonymous>.__setFunctionName
FN:58,_classThis
FN:61,execute
FNF:9
FNH:6
FNDA:4,Object.<anonymous>
FNDA:4,Object.<anonymous>.__esDecorate
FNDA:4,accept
FNDA:0,context.addInitializer
FNDA:4,Object.<anonymous>.__runInitializers
FNDA:0,Object.<anonymous>.__awaiter
FNDA:4,Object.<anonymous>.__setFunctionName
FNDA:4,_classThis
FNDA:0,execute
DA:1,4
DA:2,4
DA:3,4
DA:4,4
DA:5,4
DA:6,4
DA:7,4
DA:8,4
DA:9,4
DA:10,4
DA:11,4
DA:12,0
DA:13,4
DA:14,4
DA:15,0
DA:16,0
DA:17,0
DA:18,0
DA:19,0
DA:20,0
DA:21,4
DA:22,0
DA:23,0
DA:24,0
DA:25,4
DA:26,4
DA:27,4
DA:28,4
DA:29,4
DA:30,4
DA:31,4
DA:32,0
DA:33,0
DA:34,4
DA:35,4
DA:36,4
DA:37,0
DA:38,0
DA:39,0
DA:40,0
DA:41,0
DA:42,0
DA:43,0
DA:44,4
DA:45,4
DA:46,4
DA:47,4
DA:48,4
DA:49,4
DA:50,4
DA:51,4
DA:52,4
DA:53,4
DA:54,4
DA:55,4
DA:56,4
DA:57,4
DA:58,4
DA:59,4
DA:60,4
DA:61,4
DA:62,0
DA:63,0
DA:64,0
DA:65,0
DA:66,0
DA:67,0
DA:68,0
DA:69,0
DA:70,0
DA:71,0
DA:72,4
DA:73,4
DA:74,4
DA:75,4
DA:76,4
DA:77,4
DA:78,4
DA:79,4
DA:80,4
DA:81,4
DA:82,4
DA:83,4
LF:83
LH:54
BRDA:1,0,0,4
BRDA:1,1,0,4
BRDA:2,2,0,4
BRDA:4,3,0,0
BRDA:4,4,0,0
BRDA:5,5,0,0
BRDA:5,6,0,0
BRDA:6,7,0,0
BRDA:10,8,0,12
BRDA:10,9,0,0
BRDA:11,10,0,0
BRDA:14,11,0,0
BRDA:21,12,0,0
BRDA:26,13,0,0
BRDA:3,14,0,4
BRDA:3,15,0,0
BRDA:3,16,0,0
BRDA:29,17,0,4
BRDA:31,18,0,0
BRDA:34,19,0,0
BRDA:45,20,0,4
BRDA:46,21,0,0
BRDA:47,22,0,0
BRDA:52,23,0,4
BRDA:58,24,0,4
BRDA:74,25,0,4
BRDA:75,26,0,0
BRDA:78,27,0,0
BRF:28
BRH:10
end_of_record
TN:
SF:dist\contexts\people\application\queries\PeopleQueryValues.js
FN:1,Object.<anonymous>
FN:5,PeopleQueryValues
FNF:2
FNH:1
FNDA:4,Object.<anonymous>
FNDA:0,PeopleQueryValues
DA:1,4
DA:2,4
DA:3,4
DA:4,4
DA:5,4
DA:6,4
DA:7,4
LF:7
LH:7
BRDA:1,0,0,4
BRDA:1,1,0,4
BRF:2
BRH:2
end_of_record
TN:
SF:dist\contexts\people\application\queries\RetrievePeopleQueryHandler.js
FN:1,Object.<anonymous>
FN:2,Object.<anonymous>.__esDecorate
FN:3,accept
FN:12,context.addInitializer
FN:29,Object.<anonymous>.__runInitializers
FN:36,Object.<anonymous>.__awaiter
FN:45,Object.<anonymous>.__setFunctionName
FN:58,_classThis
FN:61,execute
FNF:9
FNH:6
FNDA:4,Object.<anonymous>
FNDA:4,Object.<anonymous>.__esDecorate
FNDA:4,accept
FNDA:0,context.addInitializer
FNDA:4,Object.<anonymous>.__runInitializers
FNDA:0,Object.<anonymous>.__awaiter
FNDA:4,Object.<anonymous>.__setFunctionName
FNDA:4,_classThis
FNDA:0,execute
DA:1,4
DA:2,4
DA:3,4
DA:4,4
DA:5,4
DA:6,4
DA:7,4
DA:8,4
DA:9,4
DA:10,4
DA:11,4
DA:12,0
DA:13,4
DA:14,4
DA:15,0
DA:16,0
DA:17,0
DA:18,0
DA:19,0
DA:20,0
DA:21,4
DA:22,0
DA:23,0
DA:24,0
DA:25,4
DA:26,4
DA:27,4
DA:28,4
DA:29,4
DA:30,4
DA:31,4
DA:32,0
DA:33,0
DA:34,4
DA:35,4
DA:36,4
DA:37,0
DA:38,0
DA:39,0
DA:40,0
DA:41,0
DA:42,0
DA:43,0
DA:44,4
DA:45,4
DA:46,4
DA:47,4
DA:48,4
DA:49,4
DA:50,4
DA:51,4
DA:52,4
DA:53,4
DA:54,4
DA:55,4
DA:56,4
DA:57,4
DA:58,4
DA:59,4
DA:60,4
DA:61,4
DA:62,0
DA:63,0
DA:64,0
DA:65,0
DA:66,0
DA:67,4
DA:68,4
DA:69,4
DA:70,4
DA:71,4
DA:72,4
DA:73,4
DA:74,4
DA:75,4
DA:76,4
DA:77,4
DA:78,4
LF:78
LH:54
BRDA:1,0,0,4
BRDA:1,1,0,4
BRDA:2,2,0,4
BRDA:4,3,0,0
BRDA:4,4,0,0
BRDA:5,5,0,0
BRDA:5,6,0,0
BRDA:6,7,0,0
BRDA:10,8,0,12
BRDA:10,9,0,0
BRDA:11,10,0,0
BRDA:14,11,0,0
BRDA:21,12,0,0
BRDA:26,13,0,0
BRDA:3,14,0,4
BRDA:3,15,0,0
BRDA:3,16,0,0
BRDA:29,17,0,4
BRDA:31,18,0,0
BRDA:34,19,0,0
BRDA:45,20,0,4
BRDA:46,21,0,0
BRDA:47,22,0,0
BRDA:52,23,0,4
BRDA:58,24,0,4
BRDA:69,25,0,4
BRDA:70,26,0,0
BRDA:73,27,0,0
BRF:28
BRH:10
end_of_record
TN:
SF:dist\contexts\people\application\services\PeopleRegistryService.js
FN:1,Object.<anonymous>
FN:2,Object.<anonymous>.__esDecorate
FN:3,accept
FN:12,context.addInitializer
FN:29,Object.<anonymous>.__runInitializers
FN:36,Object.<anonymous>.__awaiter
FN:37,adopt
FN:39,fulfilled
FN:40,rejected
FN:41,step
FN:45,Object.<anonymous>.__setFunctionName
FN:58,_classThis
FN:63,createPeople
FN:68,listPeople
FN:73,getPeopleFromApi
FNF:15
FNH:13
FNDA:5,Object.<anonymous>
FNDA:5,Object.<anonymous>.__esDecorate
FNDA:5,accept
FNDA:0,context.addInitializer
FNDA:5,Object.<anonymous>.__runInitializers
FNDA:3,Object.<anonymous>.__awaiter
FNDA:3,adopt
FNDA:3,fulfilled
FNDA:0,rejected
FNDA:6,step
FNDA:5,Object.<anonymous>.__setFunctionName
FNDA:7,_classThis
FNDA:1,createPeople
FNDA:1,listPeople
FNDA:1,getPeopleFromApi
DA:1,5
DA:2,5
DA:3,5
DA:4,5
DA:5,5
DA:6,5
DA:7,5
DA:8,5
DA:9,5
DA:10,5
DA:11,5
DA:12,0
DA:13,5
DA:14,5
DA:15,0
DA:16,0
DA:17,0
DA:18,0
DA:19,0
DA:20,0
DA:21,5
DA:22,0
DA:23,0
DA:24,0
DA:25,5
DA:26,5
DA:27,5
DA:28,5
DA:29,5
DA:30,5
DA:31,5
DA:32,0
DA:33,0
DA:34,5
DA:35,5
DA:36,5
DA:37,3
DA:38,3
DA:39,3
DA:40,3
DA:41,3
DA:42,3
DA:43,3
DA:44,5
DA:45,5
DA:46,5
DA:47,5
DA:48,5
DA:49,5
DA:50,5
DA:51,5
DA:52,5
DA:53,5
DA:54,5
DA:55,5
DA:56,5
DA:57,5
DA:58,5
DA:59,7
DA:60,7
DA:61,7
DA:62,7
DA:63,5
DA:64,1
DA:65,1
DA:66,1
DA:67,1
DA:68,5
DA:69,1
DA:70,1
DA:71,1
DA:72,1
DA:73,5
DA:74,1
DA:75,1
DA:76,1
DA:77,1
DA:78,1
DA:79,5
DA:80,5
DA:81,5
DA:82,5
DA:83,5
DA:84,5
DA:85,5
DA:86,5
DA:87,5
DA:88,5
DA:89,5
DA:90,5
LF:90
LH:78
BRDA:1,0,0,5
BRDA:1,1,0,5
BRDA:2,2,0,5
BRDA:4,3,0,0
BRDA:4,4,0,0
BRDA:5,5,0,0
BRDA:5,6,0,0
BRDA:6,7,0,0
BRDA:10,8,0,15
BRDA:10,9,0,0
BRDA:11,10,0,0
BRDA:14,11,0,0
BRDA:21,12,0,0
BRDA:26,13,0,0
BRDA:3,14,0,5
BRDA:3,15,0,0
BRDA:3,16,0,0
BRDA:29,17,0,5
BRDA:31,18,0,0
BRDA:34,19,0,0
BRDA:36,20,0,3
BRDA:37,21,0,3
BRDA:37,22,0,0
BRDA:38,23,0,3
BRDA:39,24,0,3
BRDA:39,25,0,0
BRDA:41,26,0,6
BRDA:41,27,0,3
BRDA:41,28,0,3
BRDA:45,29,0,5
BRDA:46,30,0,0
BRDA:47,31,0,0
BRDA:52,32,0,5
BRDA:58,33,0,7
BRDA:63,34,0,1
BRDA:64,35,0,1
BRDA:68,36,0,1
BRDA:69,37,0,1
BRDA:73,38,0,1
BRDA:74,39,0,1
BRDA:81,40,0,5
BRDA:82,41,0,0
BRDA:85,42,0,0
BRF:43
BRH:23
end_of_record
TN:
SF:dist\contexts\people\application\usecases\PlanetCreationUseCase.js
FN:1,Object.<anonymous>
FN:2,Object.<anonymous>.__esDecorate
FN:3,accept
FN:12,context.addInitializer
FN:29,Object.<anonymous>.__runInitializers
FN:36,Object.<anonymous>.__awaiter
FN:45,Object.<anonymous>.__setFunctionName
FN:60,_classThis
FN:63,createPeople
FNF:9
FNH:6
FNDA:4,Object.<anonymous>
FNDA:4,Object.<anonymous>.__esDecorate
FNDA:4,accept
FNDA:0,context.addInitializer
FNDA:4,Object.<anonymous>.__runInitializers
FNDA:0,Object.<anonymous>.__awaiter
FNDA:4,Object.<anonymous>.__setFunctionName
FNDA:4,_classThis
FNDA:0,createPeople
DA:1,4
DA:2,4
DA:3,4
DA:4,4
DA:5,4
DA:6,4
DA:7,4
DA:8,4
DA:9,4
DA:10,4
DA:11,4
DA:12,0
DA:13,4
DA:14,4
DA:15,0
DA:16,0
DA:17,0
DA:18,0
DA:19,0
DA:20,0
DA:21,4
DA:22,0
DA:23,0
DA:24,0
DA:25,4
DA:26,4
DA:27,4
DA:28,4
DA:29,4
DA:30,4
DA:31,4
DA:32,0
DA:33,0
DA:34,4
DA:35,4
DA:36,4
DA:37,0
DA:38,0
DA:39,0
DA:40,0
DA:41,0
DA:42,0
DA:43,0
DA:44,4
DA:45,4
DA:46,4
DA:47,4
DA:48,4
DA:49,4
DA:50,4
DA:51,4
DA:52,4
DA:53,4
DA:54,4
DA:55,4
DA:56,4
DA:57,4
DA:58,4
DA:59,4
DA:60,4
DA:61,4
DA:62,4
DA:63,4
DA:64,0
DA:65,0
DA:66,0
DA:67,0
DA:68,0
DA:69,0
DA:70,0
DA:71,0
DA:72,0
DA:73,0
DA:74,4
DA:75,4
DA:76,4
DA:77,4
DA:78,4
DA:79,4
DA:80,4
DA:81,4
DA:82,4
DA:83,4
DA:84,4
DA:85,4
LF:85
LH:56
BRDA:1,0,0,4
BRDA:1,1,0,4
BRDA:2,2,0,4
BRDA:4,3,0,0
BRDA:4,4,0,0
BRDA:5,5,0,0
BRDA:5,6,0,0
BRDA:6,7,0,0
BRDA:10,8,0,12
BRDA:10,9,0,0
BRDA:11,10,0,0
BRDA:14,11,0,0
BRDA:21,12,0,0
BRDA:26,13,0,0
BRDA:3,14,0,4
BRDA:3,15,0,0
BRDA:3,16,0,0
BRDA:29,17,0,4
BRDA:31,18,0,0
BRDA:34,19,0,0
BRDA:45,20,0,4
BRDA:46,21,0,0
BRDA:47,22,0,0
BRDA:54,23,0,4
BRDA:60,24,0,4
BRDA:76,25,0,4
BRDA:77,26,0,0
BRDA:80,27,0,0
BRF:28
BRH:10
end_of_record
TN:
SF:dist\contexts\people\application\usecases\RetrievePlanetFromApiUseCase.js
FN:1,Object.<anonymous>
FN:2,Object.<anonymous>.__esDecorate
FN:3,accept
FN:12,context.addInitializer
FN:29,Object.<anonymous>.__runInitializers
FN:36,Object.<anonymous>.__awaiter
FN:45,Object.<anonymous>.__setFunctionName
FN:59,_classThis
FN:62,execute
FNF:9
FNH:6
FNDA:4,Object.<anonymous>
FNDA:4,Object.<anonymous>.__esDecorate
FNDA:4,accept
FNDA:0,context.addInitializer
FNDA:4,Object.<anonymous>.__runInitializers
FNDA:0,Object.<anonymous>.__awaiter
FNDA:4,Object.<anonymous>.__setFunctionName
FNDA:4,_classThis
FNDA:0,execute
DA:1,4
DA:2,4
DA:3,4
DA:4,4
DA:5,4
DA:6,4
DA:7,4
DA:8,4
DA:9,4
DA:10,4
DA:11,4
DA:12,0
DA:13,4
DA:14,4
DA:15,0
DA:16,0
DA:17,0
DA:18,0
DA:19,0
DA:20,0
DA:21,4
DA:22,0
DA:23,0
DA:24,0
DA:25,4
DA:26,4
DA:27,4
DA:28,4
DA:29,4
DA:30,4
DA:31,4
DA:32,0
DA:33,0
DA:34,4
DA:35,4
DA:36,4
DA:37,0
DA:38,0
DA:39,0
DA:40,0
DA:41,0
DA:42,0
DA:43,0
DA:44,4
DA:45,4
DA:46,4
DA:47,4
DA:48,4
DA:49,4
DA:50,4
DA:51,4
DA:52,4
DA:53,4
DA:54,4
DA:55,4
DA:56,4
DA:57,4
DA:58,4
DA:59,4
DA:60,4
DA:61,4
DA:62,4
DA:63,0
DA:64,0
DA:65,0
DA:66,0
DA:67,0
DA:68,0
DA:69,0
DA:70,0
DA:71,0
DA:72,0
DA:73,0
DA:74,0
DA:75,0
DA:76,0
DA:77,0
DA:78,0
DA:79,0
DA:80,0
DA:81,0
DA:82,0
DA:83,0
DA:84,0
DA:85,0
DA:86,0
DA:87,0
DA:88,0
DA:89,0
DA:90,0
DA:91,4
DA:92,4
DA:93,4
DA:94,4
DA:95,4
DA:96,4
DA:97,4
DA:98,4
DA:99,4
DA:100,4
DA:101,4
DA:102,4
LF:102
LH:55
BRDA:1,0,0,4
BRDA:1,1,0,4
BRDA:2,2,0,4
BRDA:4,3,0,0
BRDA:4,4,0,0
BRDA:5,5,0,0
BRDA:5,6,0,0
BRDA:6,7,0,0
BRDA:10,8,0,12
BRDA:10,9,0,0
BRDA:11,10,0,0
BRDA:14,11,0,0
BRDA:21,12,0,0
BRDA:26,13,0,0
BRDA:3,14,0,4
BRDA:3,15,0,0
BRDA:3,16,0,0
BRDA:29,17,0,4
BRDA:31,18,0,0
BRDA:34,19,0,0
BRDA:45,20,0,4
BRDA:46,21,0,0
BRDA:47,22,0,0
BRDA:53,23,0,4
BRDA:59,24,0,4
BRDA:93,25,0,4
BRDA:94,26,0,0
BRDA:97,27,0,0
BRF:28
BRH:10
end_of_record
TN:
SF:dist\contexts\people\application\usecases\RetrievePlanetsUseCase.js
FN:1,Object.<anonymous>
FN:2,Object.<anonymous>.__esDecorate
FN:3,accept
FN:12,context.addInitializer
FN:29,Object.<anonymous>.__runInitializers
FN:36,Object.<anonymous>.__awaiter
FN:45,Object.<anonymous>.__setFunctionName
FN:59,_classThis
FN:62,execute
FNF:9
FNH:6
FNDA:4,Object.<anonymous>
FNDA:4,Object.<anonymous>.__esDecorate
FNDA:4,accept
FNDA:0,context.addInitializer
FNDA:4,Object.<anonymous>.__runInitializers
FNDA:0,Object.<anonymous>.__awaiter
FNDA:4,Object.<anonymous>.__setFunctionName
FNDA:4,_classThis
FNDA:0,execute
DA:1,4
DA:2,4
DA:3,4
DA:4,4
DA:5,4
DA:6,4
DA:7,4
DA:8,4
DA:9,4
DA:10,4
DA:11,4
DA:12,0
DA:13,4
DA:14,4
DA:15,0
DA:16,0
DA:17,0
DA:18,0
DA:19,0
DA:20,0
DA:21,4
DA:22,0
DA:23,0
DA:24,0
DA:25,4
DA:26,4
DA:27,4
DA:28,4
DA:29,4
DA:30,4
DA:31,4
DA:32,0
DA:33,0
DA:34,4
DA:35,4
DA:36,4
DA:37,0
DA:38,0
DA:39,0
DA:40,0
DA:41,0
DA:42,0
DA:43,0
DA:44,4
DA:45,4
DA:46,4
DA:47,4
DA:48,4
DA:49,4
DA:50,4
DA:51,4
DA:52,4
DA:53,4
DA:54,4
DA:55,4
DA:56,4
DA:57,4
DA:58,4
DA:59,4
DA:60,4
DA:61,4
DA:62,4
DA:63,0
DA:64,0
DA:65,0
DA:66,0
DA:67,0
DA:68,4
DA:69,4
DA:70,4
DA:71,4
DA:72,4
DA:73,4
DA:74,4
DA:75,4
DA:76,4
DA:77,4
DA:78,4
DA:79,4
LF:79
LH:55
BRDA:1,0,0,4
BRDA:1,1,0,4
BRDA:2,2,0,4
BRDA:4,3,0,0
BRDA:4,4,0,0
BRDA:5,5,0,0
BRDA:5,6,0,0
BRDA:6,7,0,0
BRDA:10,8,0,12
BRDA:10,9,0,0
BRDA:11,10,0,0
BRDA:14,11,0,0
BRDA:21,12,0,0
BRDA:26,13,0,0
BRDA:3,14,0,4
BRDA:3,15,0,0
BRDA:3,16,0,0
BRDA:29,17,0,4
BRDA:31,18,0,0
BRDA:34,19,0,0
BRDA:45,20,0,4
BRDA:46,21,0,0
BRDA:47,22,0,0
BRDA:53,23,0,4
BRDA:59,24,0,4
BRDA:70,25,0,4
BRDA:71,26,0,0
BRDA:74,27,0,0
BRF:28
BRH:10
end_of_record
TN:
SF:dist\contexts\people\infraestructure\api\externalServices\PeopleApiClient.js
FN:1,Object.<anonymous>
FN:2,Object.<anonymous>.__esDecorate
FN:3,accept
FN:12,context.addInitializer
FN:29,Object.<anonymous>.__runInitializers
FN:36,Object.<anonymous>.__awaiter
FN:45,Object.<anonymous>.__setFunctionName
FN:49,Object.<anonymous>.__importDefault
FN:63,_classThis
FN:66,get
FNF:10
FNH:7
FNDA:4,Object.<anonymous>
FNDA:4,Object.<anonymous>.__esDecorate
FNDA:4,accept
FNDA:0,context.addInitializer
FNDA:4,Object.<anonymous>.__runInitializers
FNDA:0,Object.<anonymous>.__awaiter
FNDA:4,Object.<anonymous>.__setFunctionName
FNDA:4,Object.<anonymous>.__importDefault
FNDA:4,_classThis
FNDA:0,get
DA:1,4
DA:2,4
DA:3,4
DA:4,4
DA:5,4
DA:6,4
DA:7,4
DA:8,4
DA:9,4
DA:10,4
DA:11,4
DA:12,0
DA:13,4
DA:14,4
DA:15,0
DA:16,0
DA:17,0
DA:18,0
DA:19,0
DA:20,0
DA:21,4
DA:22,0
DA:23,0
DA:24,0
DA:25,4
DA:26,4
DA:27,4
DA:28,4
DA:29,4
DA:30,4
DA:31,4
DA:32,0
DA:33,0
DA:34,4
DA:35,4
DA:36,4
DA:37,0
DA:38,0
DA:39,0
DA:40,0
DA:41,0
DA:42,0
DA:43,0
DA:44,4
DA:45,4
DA:46,4
DA:47,4
DA:48,4
DA:49,4
DA:50,4
DA:51,4
DA:52,4
DA:53,4
DA:54,4
DA:55,4
DA:56,4
DA:57,4
DA:58,4
DA:59,4
DA:60,4
DA:61,4
DA:62,4
DA:63,4
DA:64,4
DA:65,4
DA:66,4
DA:67,0
DA:68,0
DA:69,0
DA:70,0
DA:71,0
DA:72,0
DA:73,0
DA:74,0
DA:75,0
DA:76,0
DA:77,0
DA:78,0
DA:79,0
DA:80,0
DA:81,0
DA:82,0
DA:83,0
DA:84,0
DA:85,0
DA:86,0
DA:87,0
DA:88,0
DA:89,0
DA:90,0
DA:91,0
DA:92,0
DA:93,0
DA:94,0
DA:95,0
DA:96,0
DA:97,0
DA:98,0
DA:99,4
DA:100,4
DA:101,4
DA:102,4
DA:103,4
DA:104,4
DA:105,4
DA:106,4
DA:107,4
DA:108,4
DA:109,4
DA:110,4
LF:110
LH:59
BRDA:1,0,0,4
BRDA:1,1,0,4
BRDA:2,2,0,4
BRDA:4,3,0,0
BRDA:4,4,0,0
BRDA:5,5,0,0
BRDA:5,6,0,0
BRDA:6,7,0,0
BRDA:10,8,0,12
BRDA:10,9,0,0
BRDA:11,10,0,0
BRDA:14,11,0,0
BRDA:21,12,0,0
BRDA:26,13,0,0
BRDA:3,14,0,4
BRDA:3,15,0,0
BRDA:3,16,0,0
BRDA:29,17,0,4
BRDA:31,18,0,0
BRDA:34,19,0,0
BRDA:45,20,0,4
BRDA:46,21,0,0
BRDA:47,22,0,0
BRDA:49,23,0,4
BRDA:50,24,0,0
BRDA:57,25,0,4
BRDA:63,26,0,4
BRDA:101,27,0,4
BRDA:102,28,0,0
BRDA:105,29,0,0
BRF:30
BRH:11
end_of_record
TN:
SF:dist\contexts\people\infraestructure\repositories\PlanetRepository.js
FN:1,Object.<anonymous>
FN:3,Object.<anonymous>.__awaiter
FN:16,PeopleRepository
FN:19,save
FN:39,findById
FN:50,findAll
FNF:6
FNH:2
FNDA:4,Object.<anonymous>
FNDA:0,Object.<anonymous>.__awaiter
FNDA:4,PeopleRepository
FNDA:0,save
FNDA:0,findById
FNDA:0,findAll
DA:1,4
DA:2,4
DA:3,4
DA:4,0
DA:5,0
DA:6,0
DA:7,0
DA:8,0
DA:9,0
DA:10,0
DA:11,4
DA:12,4
DA:13,4
DA:14,4
DA:15,4
DA:16,4
DA:17,4
DA:18,4
DA:19,4
DA:20,0
DA:21,0
DA:22,0
DA:23,0
DA:24,0
DA:25,0
DA:26,0
DA:27,0
DA:28,0
DA:29,0
DA:30,0
DA:31,0
DA:32,0
DA:33,0
DA:34,0
DA:35,0
DA:36,0
DA:37,0
DA:38,0
DA:39,4
DA:40,0
DA:41,0
DA:42,0
DA:43,0
DA:44,0
DA:45,0
DA:46,0
DA:47,0
DA:48,0
DA:49,0
DA:50,4
DA:51,0
DA:52,0
DA:53,0
DA:54,0
DA:55,0
DA:56,4
DA:57,4
LF:57
LH:16
BRDA:1,0,0,4
BRDA:1,1,0,4
BRDA:16,2,0,4
BRF:3
BRH:3
end_of_record
TN:
SF:dist\contexts\planets\application\commands\CreatePlanetCommand.js
FN:1,Object.<anonymous>
FN:5,CreatePlanetCommand
FN:8,validate
FNF:3
FNH:2
FNDA:4,Object.<anonymous>
FNDA:2,CreatePlanetCommand
FNDA:0,validate
DA:1,4
DA:2,4
DA:3,4
DA:4,4
DA:5,4
DA:6,2
DA:7,2
DA:8,4
DA:9,0
DA:10,0
DA:11,0
DA:12,0
DA:13,4
DA:14,4
LF:14
LH:10
BRDA:1,0,0,4
BRDA:1,1,0,4
BRDA:5,2,0,2
BRF:3
BRH:3
end_of_record
TN:
SF:dist\contexts\planets\application\commands\CreatePlanetCommandHandler.js
FN:1,Object.<anonymous>
FN:2,Object.<anonymous>.__esDecorate
FN:3,accept
FN:12,context.addInitializer
FN:29,Object.<anonymous>.__runInitializers
FN:36,Object.<anonymous>.__awaiter
FN:45,Object.<anonymous>.__setFunctionName
FN:59,_classThis
FN:62,handle
FNF:9
FNH:6
FNDA:4,Object.<anonymous>
FNDA:4,Object.<anonymous>.__esDecorate
FNDA:4,accept
FNDA:0,context.addInitializer
FNDA:4,Object.<anonymous>.__runInitializers
FNDA:0,Object.<anonymous>.__awaiter
FNDA:4,Object.<anonymous>.__setFunctionName
FNDA:4,_classThis
FNDA:0,handle
DA:1,4
DA:2,4
DA:3,4
DA:4,4
DA:5,4
DA:6,4
DA:7,4
DA:8,4
DA:9,4
DA:10,4
DA:11,4
DA:12,0
DA:13,4
DA:14,4
DA:15,0
DA:16,0
DA:17,0
DA:18,0
DA:19,0
DA:20,0
DA:21,4
DA:22,0
DA:23,0
DA:24,0
DA:25,4
DA:26,4
DA:27,4
DA:28,4
DA:29,4
DA:30,4
DA:31,4
DA:32,0
DA:33,0
DA:34,4
DA:35,4
DA:36,4
DA:37,0
DA:38,0
DA:39,0
DA:40,0
DA:41,0
DA:42,0
DA:43,0
DA:44,4
DA:45,4
DA:46,4
DA:47,4
DA:48,4
DA:49,4
DA:50,4
DA:51,4
DA:52,4
DA:53,4
DA:54,4
DA:55,4
DA:56,4
DA:57,4
DA:58,4
DA:59,4
DA:60,4
DA:61,4
DA:62,4
DA:63,0
DA:64,0
DA:65,0
DA:66,0
DA:67,0
DA:68,0
DA:69,0
DA:70,0
DA:71,0
DA:72,0
DA:73,0
DA:74,0
DA:75,0
DA:76,0
DA:77,0
DA:78,0
DA:79,0
DA:80,0
DA:81,0
DA:82,0
DA:83,0
DA:84,0
DA:85,0
DA:86,0
DA:87,0
DA:88,0
DA:89,0
DA:90,0
DA:91,0
DA:92,0
DA:93,4
DA:94,4
DA:95,4
DA:96,4
DA:97,4
DA:98,4
DA:99,4
DA:100,4
DA:101,4
DA:102,4
DA:103,4
DA:104,4
LF:104
LH:55
BRDA:1,0,0,4
BRDA:1,1,0,4
BRDA:2,2,0,4
BRDA:4,3,0,0
BRDA:4,4,0,0
BRDA:5,5,0,0
BRDA:5,6,0,0
BRDA:6,7,0,0
BRDA:10,8,0,12
BRDA:10,9,0,0
BRDA:11,10,0,0
BRDA:14,11,0,0
BRDA:21,12,0,0
BRDA:26,13,0,0
BRDA:3,14,0,4
BRDA:3,15,0,0
BRDA:3,16,0,0
BRDA:29,17,0,4
BRDA:31,18,0,0
BRDA:34,19,0,0
BRDA:45,20,0,4
BRDA:46,21,0,0
BRDA:47,22,0,0
BRDA:53,23,0,4
BRDA:59,24,0,4
BRDA:95,25,0,4
BRDA:96,26,0,0
BRDA:99,27,0,0
BRF:28
BRH:10
end_of_record
TN:
SF:dist\contexts\planets\application\dtos\Planet.js
FN:1,Object.<anonymous>
FN:5,Planet
FNF:2
FNH:2
FNDA:5,Object.<anonymous>
FNDA:13,Planet
DA:1,5
DA:2,5
DA:3,5
DA:4,5
DA:5,5
DA:6,13
DA:7,13
DA:8,13
DA:9,13
DA:10,13
DA:11,13
DA:12,13
DA:13,13
DA:14,13
DA:15,13
DA:16,5
DA:17,5
LF:17
LH:17
BRDA:1,0,0,5
BRDA:1,1,0,5
BRDA:5,2,0,13
BRF:3
BRH:3
end_of_record
TN:
SF:dist\contexts\planets\application\dtos\PlanetDataEnglishApp.js
FN:1,Object.<anonymous>
FN:5,PlanetDataEnglishApp
FNF:2
FNH:2
FNDA:1,Object.<anonymous>
FNDA:1,PlanetDataEnglishApp
DA:1,1
DA:2,1
DA:3,1
DA:4,1
DA:5,1
DA:6,1
DA:7,1
DA:8,1
DA:9,1
DA:10,1
DA:11,1
DA:12,1
DA:13,1
DA:14,1
DA:15,1
DA:16,1
DA:17,1
LF:17
LH:17
BRDA:1,0,0,1
BRDA:1,1,0,1
BRDA:5,2,0,1
BRDA:7,3,0,0
BRDA:8,4,0,0
BRDA:9,5,0,0
BRDA:13,6,0,0
BRDA:14,7,0,0
BRF:8
BRH:3
end_of_record
TN:
SF:dist\contexts\planets\application\dtos\PlanetDataSpanishApp.js
FN:1,Object.<anonymous>
FN:5,PlanetDataSpanishApp
FNF:2
FNH:2
FNDA:6,Object.<anonymous>
FNDA:6,PlanetDataSpanishApp
DA:1,6
DA:2,6
DA:3,6
DA:4,6
DA:5,6
DA:6,6
DA:7,6
DA:8,6
DA:9,6
DA:10,6
DA:11,6
DA:12,6
DA:13,6
DA:14,6
DA:15,6
DA:16,6
DA:17,6
LF:17
LH:17
BRDA:1,0,0,6
BRDA:1,1,0,6
BRDA:5,2,0,6
BRDA:7,3,0,0
BRDA:8,4,0,0
BRDA:9,5,0,0
BRDA:13,6,0,0
BRDA:14,7,0,0
BRF:8
BRH:3
end_of_record
TN:
SF:dist\contexts\planets\application\queries\GetPlanetQueryHandler.js
FN:1,Object.<anonymous>
FN:2,Object.<anonymous>.__esDecorate
FN:3,accept
FN:12,context.addInitializer
FN:29,Object.<anonymous>.__runInitializers
FN:36,Object.<anonymous>.__awaiter
FN:45,Object.<anonymous>.__setFunctionName
FN:59,_classThis
FN:62,execute
FNF:9
FNH:6
FNDA:4,Object.<anonymous>
FNDA:4,Object.<anonymous>.__esDecorate
FNDA:4,accept
FNDA:0,context.addInitializer
FNDA:4,Object.<anonymous>.__runInitializers
FNDA:0,Object.<anonymous>.__awaiter
FNDA:4,Object.<anonymous>.__setFunctionName
FNDA:4,_classThis
FNDA:0,execute
DA:1,4
DA:2,4
DA:3,4
DA:4,4
DA:5,4
DA:6,4
DA:7,4
DA:8,4
DA:9,4
DA:10,4
DA:11,4
DA:12,0
DA:13,4
DA:14,4
DA:15,0
DA:16,0
DA:17,0
DA:18,0
DA:19,0
DA:20,0
DA:21,4
DA:22,0
DA:23,0
DA:24,0
DA:25,4
DA:26,4
DA:27,4
DA:28,4
DA:29,4
DA:30,4
DA:31,4
DA:32,0
DA:33,0
DA:34,4
DA:35,4
DA:36,4
DA:37,0
DA:38,0
DA:39,0
DA:40,0
DA:41,0
DA:42,0
DA:43,0
DA:44,4
DA:45,4
DA:46,4
DA:47,4
DA:48,4
DA:49,4
DA:50,4
DA:51,4
DA:52,4
DA:53,4
DA:54,4
DA:55,4
DA:56,4
DA:57,4
DA:58,4
DA:59,4
DA:60,4
DA:61,4
DA:62,4
DA:63,0
DA:64,0
DA:65,0
DA:66,0
DA:67,0
DA:68,0
DA:69,0
DA:70,0
DA:71,0
DA:72,0
DA:73,0
DA:74,0
DA:75,0
DA:76,4
DA:77,4
DA:78,4
DA:79,4
DA:80,4
DA:81,4
DA:82,4
DA:83,4
DA:84,4
DA:85,4
DA:86,4
DA:87,4
LF:87
LH:55
BRDA:1,0,0,4
BRDA:1,1,0,4
BRDA:2,2,0,4
BRDA:4,3,0,0
BRDA:4,4,0,0
BRDA:5,5,0,0
BRDA:5,6,0,0
BRDA:6,7,0,0
BRDA:10,8,0,12
BRDA:10,9,0,0
BRDA:11,10,0,0
BRDA:14,11,0,0
BRDA:21,12,0,0
BRDA:26,13,0,0
BRDA:3,14,0,4
BRDA:3,15,0,0
BRDA:3,16,0,0
BRDA:29,17,0,4
BRDA:31,18,0,0
BRDA:34,19,0,0
BRDA:45,20,0,4
BRDA:46,21,0,0
BRDA:47,22,0,0
BRDA:53,23,0,4
BRDA:59,24,0,4
BRDA:78,25,0,4
BRDA:79,26,0,0
BRDA:82,27,0,0
BRF:28
BRH:10
end_of_record
TN:
SF:dist\contexts\planets\application\queries\PlanetQueryValues.js
FN:1,Object.<anonymous>
FN:5,PlanetQueryValues
FNF:2
FNH:2
FNDA:4,Object.<anonymous>
FNDA:2,PlanetQueryValues
DA:1,4
DA:2,4
DA:3,4
DA:4,4
DA:5,4
DA:6,4
DA:7,4
LF:7
LH:7
BRDA:1,0,0,4
BRDA:1,1,0,4
BRDA:5,2,0,2
BRF:3
BRH:3
end_of_record
TN:
SF:dist\contexts\planets\application\queries\RetrievePlanetsQueryHandler.js
FN:1,Object.<anonymous>
FN:3,Object.<anonymous>.__esDecorate
FN:4,accept
FN:13,context.addInitializer
FN:30,Object.<anonymous>.__runInitializers
FN:37,Object.<anonymous>.__awaiter
FN:46,Object.<anonymous>.__setFunctionName
FN:59,_classThis
FN:62,execute
FNF:9
FNH:6
FNDA:4,Object.<anonymous>
FNDA:4,Object.<anonymous>.__esDecorate
FNDA:4,accept
FNDA:0,context.addInitializer
FNDA:4,Object.<anonymous>.__runInitializers
FNDA:0,Object.<anonymous>.__awaiter
FNDA:4,Object.<anonymous>.__setFunctionName
FNDA:4,_classThis
FNDA:0,execute
DA:1,4
DA:2,4
DA:3,4
DA:4,4
DA:5,4
DA:6,4
DA:7,4
DA:8,4
DA:9,4
DA:10,4
DA:11,4
DA:12,4
DA:13,0
DA:14,4
DA:15,4
DA:16,0
DA:17,0
DA:18,0
DA:19,0
DA:20,0
DA:21,0
DA:22,4
DA:23,0
DA:24,0
DA:25,0
DA:26,4
DA:27,4
DA:28,4
DA:29,4
DA:30,4
DA:31,4
DA:32,4
DA:33,0
DA:34,0
DA:35,4
DA:36,4
DA:37,4
DA:38,0
DA:39,0
DA:40,0
DA:41,0
DA:42,0
DA:43,0
DA:44,0
DA:45,4
DA:46,4
DA:47,4
DA:48,4
DA:49,4
DA:50,4
DA:51,4
DA:52,4
DA:53,4
DA:54,4
DA:55,4
DA:56,4
DA:57,4
DA:58,4
DA:59,4
DA:60,4
DA:61,4
DA:62,4
DA:63,0
DA:64,0
DA:65,0
DA:66,0
DA:67,0
DA:68,4
DA:69,4
DA:70,4
DA:71,4
DA:72,4
DA:73,4
DA:74,4
DA:75,4
DA:76,4
DA:77,4
DA:78,4
DA:79,4
LF:79
LH:55
BRDA:1,0,0,4
BRDA:1,1,0,4
BRDA:3,2,0,4
BRDA:5,3,0,0
BRDA:5,4,0,0
BRDA:6,5,0,0
BRDA:6,6,0,0
BRDA:7,7,0,0
BRDA:11,8,0,12
BRDA:11,9,0,0
BRDA:12,10,0,0
BRDA:15,11,0,0
BRDA:22,12,0,0
BRDA:27,13,0,0
BRDA:4,14,0,4
BRDA:4,15,0,0
BRDA:4,16,0,0
BRDA:30,17,0,4
BRDA:32,18,0,0
BRDA:35,19,0,0
BRDA:46,20,0,4
BRDA:47,21,0,0
BRDA:48,22,0,0
BRDA:53,23,0,4
BRDA:59,24,0,4
BRDA:70,25,0,4
BRDA:71,26,0,0
BRDA:74,27,0,0
BRF:28
BRH:10
end_of_record
TN:
SF:dist\contexts\planets\application\services\PlanetRegistryService.js
FN:1,Object.<anonymous>
FN:2,Object.<anonymous>.__esDecorate
FN:3,accept
FN:12,context.addInitializer
FN:29,Object.<anonymous>.__runInitializers
FN:36,Object.<anonymous>.__awaiter
FN:37,adopt
FN:39,fulfilled
FN:40,rejected
FN:41,step
FN:45,Object.<anonymous>.__setFunctionName
FN:58,_classThis
FN:63,createPlanet
FN:68,listPlanets
FN:73,getPlanetsFromApi
FNF:15
FNH:13
FNDA:5,Object.<anonymous>
FNDA:5,Object.<anonymous>.__esDecorate
FNDA:5,accept
FNDA:0,context.addInitializer
FNDA:5,Object.<anonymous>.__runInitializers
FNDA:3,Object.<anonymous>.__awaiter
FNDA:3,adopt
FNDA:3,fulfilled
FNDA:0,rejected
FNDA:6,step
FNDA:5,Object.<anonymous>.__setFunctionName
FNDA:7,_classThis
FNDA:1,createPlanet
FNDA:1,listPlanets
FNDA:1,getPlanetsFromApi
DA:1,5
DA:2,5
DA:3,5
DA:4,5
DA:5,5
DA:6,5
DA:7,5
DA:8,5
DA:9,5
DA:10,5
DA:11,5
DA:12,0
DA:13,5
DA:14,5
DA:15,0
DA:16,0
DA:17,0
DA:18,0
DA:19,0
DA:20,0
DA:21,5
DA:22,0
DA:23,0
DA:24,0
DA:25,5
DA:26,5
DA:27,5
DA:28,5
DA:29,5
DA:30,5
DA:31,5
DA:32,0
DA:33,0
DA:34,5
DA:35,5
DA:36,5
DA:37,3
DA:38,3
DA:39,3
DA:40,3
DA:41,3
DA:42,3
DA:43,3
DA:44,5
DA:45,5
DA:46,5
DA:47,5
DA:48,5
DA:49,5
DA:50,5
DA:51,5
DA:52,5
DA:53,5
DA:54,5
DA:55,5
DA:56,5
DA:57,5
DA:58,5
DA:59,7
DA:60,7
DA:61,7
DA:62,7
DA:63,5
DA:64,1
DA:65,1
DA:66,1
DA:67,1
DA:68,5
DA:69,1
DA:70,1
DA:71,1
DA:72,1
DA:73,5
DA:74,1
DA:75,1
DA:76,1
DA:77,1
DA:78,1
DA:79,5
DA:80,5
DA:81,5
DA:82,5
DA:83,5
DA:84,5
DA:85,5
DA:86,5
DA:87,5
DA:88,5
DA:89,5
DA:90,5
LF:90
LH:78
BRDA:1,0,0,5
BRDA:1,1,0,5
BRDA:2,2,0,5
BRDA:4,3,0,0
BRDA:4,4,0,0
BRDA:5,5,0,0
BRDA:5,6,0,0
BRDA:6,7,0,0
BRDA:10,8,0,15
BRDA:10,9,0,0
BRDA:11,10,0,0
BRDA:14,11,0,0
BRDA:21,12,0,0
BRDA:26,13,0,0
BRDA:3,14,0,5
BRDA:3,15,0,0
BRDA:3,16,0,0
BRDA:29,17,0,5
BRDA:31,18,0,0
BRDA:34,19,0,0
BRDA:36,20,0,3
BRDA:37,21,0,3
BRDA:37,22,0,0
BRDA:38,23,0,3
BRDA:39,24,0,3
BRDA:39,25,0,0
BRDA:41,26,0,6
BRDA:41,27,0,3
BRDA:41,28,0,3
BRDA:45,29,0,5
BRDA:46,30,0,0
BRDA:47,31,0,0
BRDA:52,32,0,5
BRDA:58,33,0,7
BRDA:63,34,0,1
BRDA:64,35,0,1
BRDA:68,36,0,1
BRDA:69,37,0,1
BRDA:73,38,0,1
BRDA:74,39,0,1
BRDA:81,40,0,5
BRDA:82,41,0,0
BRDA:85,42,0,0
BRF:43
BRH:23
end_of_record
TN:
SF:dist\contexts\planets\application\usecases\PlanetCreationUseCase.js
FN:1,Object.<anonymous>
FN:2,Object.<anonymous>.__esDecorate
FN:3,accept
FN:12,context.addInitializer
FN:29,Object.<anonymous>.__runInitializers
FN:36,Object.<anonymous>.__awaiter
FN:37,adopt
FN:39,fulfilled
FN:40,rejected
FN:41,step
FN:45,Object.<anonymous>.__setFunctionName
FN:60,_classThis
FN:63,createPlanet
FNF:13
FNH:11
FNDA:4,Object.<anonymous>
FNDA:4,Object.<anonymous>.__esDecorate
FNDA:4,accept
FNDA:0,context.addInitializer
FNDA:4,Object.<anonymous>.__runInitializers
FNDA:1,Object.<anonymous>.__awaiter
FNDA:1,adopt
FNDA:1,fulfilled
FNDA:0,rejected
FNDA:2,step
FNDA:4,Object.<anonymous>.__setFunctionName
FNDA:5,_classThis
FNDA:1,createPlanet
DA:1,4
DA:2,4
DA:3,4
DA:4,4
DA:5,4
DA:6,4
DA:7,4
DA:8,4
DA:9,4
DA:10,4
DA:11,4
DA:12,0
DA:13,4
DA:14,4
DA:15,0
DA:16,0
DA:17,0
DA:18,0
DA:19,0
DA:20,0
DA:21,4
DA:22,0
DA:23,0
DA:24,0
DA:25,4
DA:26,4
DA:27,4
DA:28,4
DA:29,4
DA:30,4
DA:31,4
DA:32,0
DA:33,0
DA:34,4
DA:35,4
DA:36,4
DA:37,1
DA:38,1
DA:39,1
DA:40,1
DA:41,1
DA:42,1
DA:43,1
DA:44,4
DA:45,4
DA:46,4
DA:47,4
DA:48,4
DA:49,4
DA:50,4
DA:51,4
DA:52,4
DA:53,4
DA:54,4
DA:55,4
DA:56,4
DA:57,4
DA:58,4
DA:59,4
DA:60,4
DA:61,5
DA:62,5
DA:63,4
DA:64,1
DA:65,1
DA:66,1
DA:67,1
DA:68,0
DA:69,0
DA:70,1
DA:71,1
DA:72,1
DA:73,4
DA:74,4
DA:75,4
DA:76,4
DA:77,4
DA:78,4
DA:79,4
DA:80,4
DA:81,4
DA:82,4
DA:83,4
DA:84,4
LF:84
LH:70
BRDA:1,0,0,4
BRDA:1,1,0,4
BRDA:2,2,0,4
BRDA:4,3,0,0
BRDA:4,4,0,0
BRDA:5,5,0,0
BRDA:5,6,0,0
BRDA:6,7,0,0
BRDA:10,8,0,12
BRDA:10,9,0,0
BRDA:11,10,0,0
BRDA:14,11,0,0
BRDA:21,12,0,0
BRDA:26,13,0,0
BRDA:3,14,0,4
BRDA:3,15,0,0
BRDA:3,16,0,0
BRDA:29,17,0,4
BRDA:31,18,0,0
BRDA:34,19,0,0
BRDA:36,20,0,1
BRDA:37,21,0,1
BRDA:37,22,0,0
BRDA:38,23,0,1
BRDA:39,24,0,1
BRDA:39,25,0,0
BRDA:41,26,0,2
BRDA:41,27,0,1
BRDA:41,28,0,1
BRDA:45,29,0,4
BRDA:46,30,0,0
BRDA:47,31,0,0
BRDA:54,32,0,4
BRDA:60,33,0,5
BRDA:63,34,0,1
BRDA:64,35,0,1
BRDA:67,36,0,0
BRDA:75,37,0,4
BRDA:76,38,0,0
BRDA:79,39,0,0
BRF:40
BRH:19
end_of_record
TN:
SF:dist\contexts\planets\application\usecases\RetrievePlanetFromApiUseCase.js
FN:1,Object.<anonymous>
FN:2,Object.<anonymous>.__esDecorate
FN:3,accept
FN:12,context.addInitializer
FN:29,Object.<anonymous>.__runInitializers
FN:36,Object.<anonymous>.__awaiter
FN:37,adopt
FN:39,fulfilled
FN:40,rejected
FN:41,step
FN:45,Object.<anonymous>.__setFunctionName
FN:59,_classThis
FN:62,execute
FNF:13
FNH:11
FNDA:5,Object.<anonymous>
FNDA:5,Object.<anonymous>.__esDecorate
FNDA:5,accept
FNDA:0,context.addInitializer
FNDA:5,Object.<anonymous>.__runInitializers
FNDA:1,Object.<anonymous>.__awaiter
FNDA:1,adopt
FNDA:1,fulfilled
FNDA:0,rejected
FNDA:2,step
FNDA:5,Object.<anonymous>.__setFunctionName
FNDA:5,_classThis
FNDA:1,execute
DA:1,5
DA:2,5
DA:3,5
DA:4,5
DA:5,5
DA:6,5
DA:7,5
DA:8,5
DA:9,5
DA:10,5
DA:11,5
DA:12,0
DA:13,5
DA:14,5
DA:15,0
DA:16,0
DA:17,0
DA:18,0
DA:19,0
DA:20,0
DA:21,5
DA:22,0
DA:23,0
DA:24,0
DA:25,5
DA:26,5
DA:27,5
DA:28,5
DA:29,5
DA:30,5
DA:31,5
DA:32,0
DA:33,0
DA:34,5
DA:35,5
DA:36,5
DA:37,1
DA:38,1
DA:39,1
DA:40,1
DA:41,1
DA:42,1
DA:43,1
DA:44,5
DA:45,5
DA:46,5
DA:47,5
DA:48,5
DA:49,5
DA:50,5
DA:51,5
DA:52,5
DA:53,5
DA:54,5
DA:55,5
DA:56,5
DA:57,5
DA:58,5
DA:59,5
DA:60,5
DA:61,5
DA:62,5
DA:63,1
DA:64,1
DA:65,1
DA:66,1
DA:67,1
DA:68,1
DA:69,1
DA:70,1
DA:71,1
DA:72,1
DA:73,1
DA:74,1
DA:75,1
DA:76,1
DA:77,1
DA:78,1
DA:79,1
DA:80,0
DA:81,0
DA:82,1
DA:83,1
DA:84,5
DA:85,5
DA:86,5
DA:87,5
DA:88,5
DA:89,5
DA:90,5
DA:91,5
DA:92,5
DA:93,5
DA:94,5
DA:95,5
LF:95
LH:81
BRDA:1,0,0,5
BRDA:1,1,0,5
BRDA:2,2,0,5
BRDA:4,3,0,0
BRDA:4,4,0,0
BRDA:5,5,0,0
BRDA:5,6,0,0
BRDA:6,7,0,0
BRDA:10,8,0,15
BRDA:10,9,0,0
BRDA:11,10,0,0
BRDA:14,11,0,0
BRDA:21,12,0,0
BRDA:26,13,0,0
BRDA:3,14,0,5
BRDA:3,15,0,0
BRDA:3,16,0,0
BRDA:29,17,0,5
BRDA:31,18,0,0
BRDA:34,19,0,0
BRDA:36,20,0,1
BRDA:37,21,0,1
BRDA:37,22,0,0
BRDA:38,23,0,1
BRDA:39,24,0,1
BRDA:39,25,0,0
BRDA:41,26,0,2
BRDA:41,27,0,1
BRDA:41,28,0,1
BRDA:45,29,0,5
BRDA:46,30,0,0
BRDA:47,31,0,0
BRDA:53,32,0,5
BRDA:59,33,0,5
BRDA:62,34,0,1
BRDA:63,35,0,1
BRDA:79,36,0,0
BRDA:86,37,0,5
BRDA:87,38,0,0
BRDA:90,39,0,0
BRF:40
BRH:19
end_of_record
TN:
SF:dist\contexts\planets\application\usecases\RetrievePlanetsUseCase.js
FN:1,Object.<anonymous>
FN:2,Object.<anonymous>.__esDecorate
FN:3,accept
FN:12,context.addInitializer
FN:29,Object.<anonymous>.__runInitializers
FN:36,Object.<anonymous>.__awaiter
FN:37,adopt
FN:39,fulfilled
FN:40,rejected
FN:41,step
FN:45,Object.<anonymous>.__setFunctionName
FN:59,_classThis
FN:62,execute
FNF:13
FNH:11
FNDA:4,Object.<anonymous>
FNDA:4,Object.<anonymous>.__esDecorate
FNDA:4,accept
FNDA:0,context.addInitializer
FNDA:4,Object.<anonymous>.__runInitializers
FNDA:1,Object.<anonymous>.__awaiter
FNDA:1,adopt
FNDA:1,fulfilled
FNDA:0,rejected
FNDA:2,step
FNDA:4,Object.<anonymous>.__setFunctionName
FNDA:4,_classThis
FNDA:1,execute
DA:1,4
DA:2,4
DA:3,4
DA:4,4
DA:5,4
DA:6,4
DA:7,4
DA:8,4
DA:9,4
DA:10,4
DA:11,4
DA:12,0
DA:13,4
DA:14,4
DA:15,0
DA:16,0
DA:17,0
DA:18,0
DA:19,0
DA:20,0
DA:21,4
DA:22,0
DA:23,0
DA:24,0
DA:25,4
DA:26,4
DA:27,4
DA:28,4
DA:29,4
DA:30,4
DA:31,4
DA:32,0
DA:33,0
DA:34,4
DA:35,4
DA:36,4
DA:37,1
DA:38,1
DA:39,1
DA:40,1
DA:41,1
DA:42,1
DA:43,1
DA:44,4
DA:45,4
DA:46,4
DA:47,4
DA:48,4
DA:49,4
DA:50,4
DA:51,4
DA:52,4
DA:53,4
DA:54,4
DA:55,4
DA:56,4
DA:57,4
DA:58,4
DA:59,4
DA:60,4
DA:61,4
DA:62,4
DA:63,1
DA:64,1
DA:65,1
DA:66,1
DA:67,1
DA:68,4
DA:69,4
DA:70,4
DA:71,4
DA:72,4
DA:73,4
DA:74,4
DA:75,4
DA:76,4
DA:77,4
DA:78,4
DA:79,4
LF:79
LH:67
BRDA:1,0,0,4
BRDA:1,1,0,4
BRDA:2,2,0,4
BRDA:4,3,0,0
BRDA:4,4,0,0
BRDA:5,5,0,0
BRDA:5,6,0,0
BRDA:6,7,0,0
BRDA:10,8,0,12
BRDA:10,9,0,0
BRDA:11,10,0,0
BRDA:14,11,0,0
BRDA:21,12,0,0
BRDA:26,13,0,0
BRDA:3,14,0,4
BRDA:3,15,0,0
BRDA:3,16,0,0
BRDA:29,17,0,4
BRDA:31,18,0,0
BRDA:34,19,0,0
BRDA:36,20,0,1
BRDA:37,21,0,1
BRDA:37,22,0,0
BRDA:38,23,0,1
BRDA:39,24,0,1
BRDA:39,25,0,0
BRDA:41,26,0,2
BRDA:41,27,0,1
BRDA:41,28,0,1
BRDA:45,29,0,4
BRDA:46,30,0,0
BRDA:47,31,0,0
BRDA:53,32,0,4
BRDA:59,33,0,4
BRDA:62,34,0,1
BRDA:63,35,0,1
BRDA:70,36,0,4
BRDA:71,37,0,0
BRDA:74,38,0,0
BRF:39
BRH:19
end_of_record
TN:
SF:dist\contexts\planets\infraestructure\api\externalServices\PlanetApiClient.js
FN:1,Object.<anonymous>
FN:2,Object.<anonymous>.__esDecorate
FN:3,accept
FN:12,context.addInitializer
FN:29,Object.<anonymous>.__runInitializers
FN:36,Object.<anonymous>.__awaiter
FN:45,Object.<anonymous>.__setFunctionName
FN:49,Object.<anonymous>.__importDefault
FN:62,_classThis
FN:65,getPlanet
FNF:10
FNH:7
FNDA:4,Object.<anonymous>
FNDA:4,Object.<anonymous>.__esDecorate
FNDA:4,accept
FNDA:0,context.addInitializer
FNDA:4,Object.<anonymous>.__runInitializers
FNDA:0,Object.<anonymous>.__awaiter
FNDA:4,Object.<anonymous>.__setFunctionName
FNDA:4,Object.<anonymous>.__importDefault
FNDA:4,_classThis
FNDA:0,getPlanet
DA:1,4
DA:2,4
DA:3,4
DA:4,4
DA:5,4
DA:6,4
DA:7,4
DA:8,4
DA:9,4
DA:10,4
DA:11,4
DA:12,0
DA:13,4
DA:14,4
DA:15,0
DA:16,0
DA:17,0
DA:18,0
DA:19,0
DA:20,0
DA:21,4
DA:22,0
DA:23,0
DA:24,0
DA:25,4
DA:26,4
DA:27,4
DA:28,4
DA:29,4
DA:30,4
DA:31,4
DA:32,0
DA:33,0
DA:34,4
DA:35,4
DA:36,4
DA:37,0
DA:38,0
DA:39,0
DA:40,0
DA:41,0
DA:42,0
DA:43,0
DA:44,4
DA:45,4
DA:46,4
DA:47,4
DA:48,4
DA:49,4
DA:50,4
DA:51,4
DA:52,4
DA:53,4
DA:54,4
DA:55,4
DA:56,4
DA:57,4
DA:58,4
DA:59,4
DA:60,4
DA:61,4
DA:62,4
DA:63,4
DA:64,4
DA:65,4
DA:66,0
DA:67,0
DA:68,0
DA:69,0
DA:70,0
DA:71,0
DA:72,0
DA:73,0
DA:74,0
DA:75,0
DA:76,0
DA:77,0
DA:78,0
DA:79,0
DA:80,0
DA:81,0
DA:82,0
DA:83,0
DA:84,4
DA:85,4
DA:86,4
DA:87,4
DA:88,4
DA:89,4
DA:90,4
DA:91,4
DA:92,4
DA:93,4
DA:94,4
DA:95,4
LF:95
LH:58
BRDA:1,0,0,4
BRDA:1,1,0,4
BRDA:2,2,0,4
BRDA:4,3,0,0
BRDA:4,4,0,0
BRDA:5,5,0,0
BRDA:5,6,0,0
BRDA:6,7,0,0
BRDA:10,8,0,12
BRDA:10,9,0,0
BRDA:11,10,0,0
BRDA:14,11,0,0
BRDA:21,12,0,0
BRDA:26,13,0,0
BRDA:3,14,0,4
BRDA:3,15,0,0
BRDA:3,16,0,0
BRDA:29,17,0,4
BRDA:31,18,0,0
BRDA:34,19,0,0
BRDA:45,20,0,4
BRDA:46,21,0,0
BRDA:47,22,0,0
BRDA:49,23,0,4
BRDA:50,24,0,0
BRDA:56,25,0,4
BRDA:62,26,0,4
BRDA:86,27,0,4
BRDA:87,28,0,0
BRDA:90,29,0,0
BRF:30
BRH:11
end_of_record
TN:
SF:dist\contexts\planets\infraestructure\repositories\PlanetRepository.js
FN:1,Object.<anonymous>
FN:2,Object.<anonymous>.__awaiter
FN:15,PlanetRepository
FN:34,save
FN:55,findById
FN:76,findAll
FNF:6
FNH:2
FNDA:4,Object.<anonymous>
FNDA:0,Object.<anonymous>.__awaiter
FNDA:4,PlanetRepository
FNDA:0,save
FNDA:0,findById
FNDA:0,findAll
DA:1,4
DA:2,4
DA:3,0
DA:4,0
DA:5,0
DA:6,0
DA:7,0
DA:8,0
DA:9,0
DA:10,4
DA:11,4
DA:12,4
DA:13,4
DA:14,4
DA:15,4
DA:16,4
DA:17,4
DA:18,4
DA:19,4
DA:20,4
DA:21,4
DA:22,4
DA:23,4
DA:24,4
DA:25,4
DA:26,4
DA:27,4
DA:28,4
DA:29,4
DA:30,4
DA:31,4
DA:32,4
DA:33,4
DA:34,4
DA:35,0
DA:36,0
DA:37,0
DA:38,0
DA:39,0
DA:40,0
DA:41,0
DA:42,0
DA:43,0
DA:44,0
DA:45,0
DA:46,0
DA:47,0
DA:48,0
DA:49,0
DA:50,0
DA:51,0
DA:52,0
DA:53,0
DA:54,0
DA:55,4
DA:56,0
DA:57,0
DA:58,0
DA:59,0
DA:60,0
DA:61,0
DA:62,0
DA:63,0
DA:64,0
DA:65,0
DA:66,0
DA:67,0
DA:68,0
DA:69,0
DA:70,0
DA:71,0
DA:72,0
DA:73,0
DA:74,0
DA:75,0
DA:76,4
DA:77,0
DA:78,0
DA:79,0
DA:80,0
DA:81,0
DA:82,0
DA:83,0
DA:84,0
DA:85,0
DA:86,0
DA:87,0
DA:88,0
DA:89,0
DA:90,0
DA:91,0
DA:92,4
DA:93,4
LF:93
LH:31
BRDA:1,0,0,4
BRDA:1,1,0,4
BRDA:15,2,0,4
BRF:3
BRH:3
end_of_record
TN:
SF:dist\tests\app\handlers\planets\data\planetTestData.js
FN:1,Object.<anonymous>
FNF:1
FNH:1
FNDA:2,Object.<anonymous>
DA:1,2
DA:2,2
DA:3,2
DA:4,2
DA:5,2
DA:6,2
DA:7,2
DA:8,2
DA:9,2
DA:10,2
DA:11,2
DA:12,2
DA:13,2
DA:14,2
DA:15,2
DA:16,2
DA:17,2
DA:18,2
DA:19,2
LF:19
LH:19
BRDA:1,0,0,2
BRDA:1,1,0,2
BRF:2
BRH:2
end_of_record
TN:
SF:dist\tests\app\handlers\planets\mocks\mockPlanetRegistryService.js
FN:1,Object.<anonymous>
FNF:1
FNH:1
FNDA:3,Object.<anonymous>
DA:1,3
DA:2,3
DA:3,3
DA:4,3
DA:5,3
DA:6,3
DA:7,3
DA:8,3
LF:8
LH:8
BRDA:1,0,0,3
BRDA:1,1,0,3
BRF:2
BRH:2
end_of_record
TN:
SF:dist\tests\app\handlers\planets\utils\testFunctions.js
FN:1,Object.<anonymous>
FN:2,Object.<anonymous>.__awaiter
FN:3,adopt
FN:5,fulfilled
FN:6,rejected
FN:7,step
FN:19,testCreatePlanetSuccess
FN:29,testCreatePlanetFailure
FNF:8
FNH:7
FNDA:1,Object.<anonymous>
FNDA:2,Object.<anonymous>.__awaiter
FNDA:2,adopt
FNDA:2,fulfilled
FNDA:0,rejected
FNDA:4,step
FNDA:1,testCreatePlanetSuccess
FNDA:1,testCreatePlanetFailure
DA:1,1
DA:2,1
DA:3,2
DA:4,2
DA:5,2
DA:6,2
DA:7,2
DA:8,2
DA:9,2
DA:10,1
DA:11,1
DA:12,1
DA:13,1
DA:14,1
DA:15,1
DA:16,1
DA:17,1
DA:18,1
DA:19,1
DA:20,1
DA:21,1
DA:22,1
DA:23,1
DA:24,1
DA:25,1
DA:26,1
DA:27,1
DA:28,1
DA:29,1
DA:30,1
DA:31,1
DA:32,1
DA:33,1
DA:34,1
DA:35,1
DA:36,1
DA:37,1
DA:38,1
LF:38
LH:38
BRDA:1,0,0,1
BRDA:1,1,0,1
BRDA:2,2,0,2
BRDA:3,3,0,2
BRDA:3,4,0,0
BRDA:4,5,0,2
BRDA:5,6,0,2
BRDA:5,7,0,0
BRDA:7,8,0,4
BRDA:7,9,0,2
BRDA:7,10,0,2
BRDA:19,11,0,1
BRDA:20,12,0,1
BRDA:29,13,0,1
BRDA:30,14,0,1
BRF:15
BRH:13
end_of_record
TN:
SF:dist\tests\app\handlers\planets\utils\testUtils.js
FN:1,Object.<anonymous>
FN:2,Object.<anonymous>.__importDefault
FN:19,getRemainingTimeInMillis
FN:20,done
FN:21,fail
FN:22,succeed
FN:25,setupMockContainer
FNF:7
FNH:3
FNDA:3,Object.<anonymous>
FNDA:3,Object.<anonymous>.__importDefault
FNDA:0,getRemainingTimeInMillis
FNDA:0,done
FNDA:0,fail
FNDA:0,succeed
FNDA:3,setupMockContainer
DA:1,3
DA:2,3
DA:3,3
DA:4,3
DA:5,3
DA:6,3
DA:7,3
DA:8,3
DA:9,3
DA:10,3
DA:11,3
DA:12,3
DA:13,3
DA:14,3
DA:15,3
DA:16,3
DA:17,3
DA:18,3
DA:19,3
DA:20,3
DA:21,3
DA:22,3
DA:23,3
DA:24,3
DA:25,3
DA:26,3
DA:27,8
DA:28,8
DA:29,3
DA:30,3
DA:31,8
DA:32,8
DA:33,3
DA:34,3
DA:35,3
LF:35
LH:35
BRDA:1,0,0,3
BRDA:1,1,0,3
BRDA:2,2,0,3
BRDA:3,3,0,0
BRDA:25,4,0,3
BRDA:26,5,0,8
BRDA:30,6,0,8
BRF:7
BRH:6
end_of_record
TN:
SF:src\app\di\iocContainer.ts
FNF:0
FNH:0
DA:1,1
DA:2,1
DA:3,1
DA:4,1
DA:5,1
DA:6,1
DA:7,1
DA:8,1
DA:9,1
DA:10,1
DA:11,1
DA:12,1
DA:13,1
DA:14,1
DA:15,1
DA:16,1
DA:17,1
DA:18,1
DA:19,1
DA:20,1
DA:21,1
DA:22,1
DA:23,1
DA:24,1
DA:25,1
DA:26,1
DA:27,1
DA:28,1
DA:29,1
DA:30,1
DA:31,1
DA:32,1
DA:33,1
DA:34,1
DA:35,1
DA:36,1
DA:37,1
DA:38,1
DA:39,1
DA:40,1
DA:41,1
DA:42,1
DA:43,1
DA:44,1
DA:45,1
DA:46,1
DA:47,1
DA:48,1
DA:49,1
DA:50,1
DA:51,1
DA:52,1
DA:53,1
DA:54,1
DA:55,1
DA:56,1
DA:57,1
DA:58,1
DA:59,1
DA:60,1
DA:61,1
DA:62,1
DA:63,1
DA:64,1
DA:65,1
DA:66,1
DA:67,1
DA:68,1
DA:69,1
DA:70,1
DA:71,1
DA:72,1
DA:73,1
DA:74,1
DA:75,1
DA:76,1
DA:77,1
DA:78,1
DA:79,1
DA:80,1
DA:81,1
DA:82,1
DA:83,1
DA:84,1
DA:85,1
DA:86,1
DA:87,1
DA:88,1
DA:89,1
DA:90,1
DA:91,1
DA:92,1
DA:93,1
DA:94,1
DA:95,1
DA:96,1
DA:97,1
DA:98,1
DA:99,1
DA:100,1
DA:101,1
DA:102,1
DA:103,1
DA:104,1
DA:105,1
DA:106,1
DA:107,1
DA:108,1
DA:109,1
DA:110,1
DA:111,1
DA:112,1
LF:112
LH:112
BRDA:53,0,0,0
BRF:1
BRH:0
end_of_record
TN:
SF:src\app\handlers\planets\createPlanet.ts
FN:6,handler
FNF:1
FNH:1
FNDA:3,handler
DA:1,1
DA:2,1
DA:3,1
DA:4,1
DA:5,1
DA:6,1
DA:7,3
DA:8,3
DA:9,1
DA:10,1
DA:11,1
DA:12,1
DA:13,1
DA:14,2
DA:15,2
DA:16,2
DA:17,2
DA:18,2
DA:19,1
DA:20,1
DA:21,1
DA:22,1
DA:23,1
DA:24,1
DA:25,1
DA:26,1
DA:27,1
DA:28,1
DA:29,1
DA:30,1
DA:31,1
DA:32,1
DA:33,1
DA:34,1
DA:35,1
DA:36,3
LF:36
LH:36
BRDA:6,0,0,3
BRDA:6,1,0,3
BRDA:8,2,0,1
BRDA:14,3,0,2
BRDA:19,4,0,1
BRDA:32,5,0,0
BRF:6
BRH:5
end_of_record
TN:
SF:src\app\handlers\planets\getPlanets.ts
FN:6,handler
FNF:1
FNH:1
FNDA:2,handler
DA:1,1
DA:2,1
DA:3,1
DA:4,1
DA:5,1
DA:6,1
DA:7,2
DA:8,2
DA:9,2
DA:10,2
DA:11,1
DA:12,1
DA:13,2
DA:14,1
DA:15,1
DA:16,1
DA:17,1
DA:18,1
DA:19,1
DA:20,1
DA:21,1
DA:22,1
DA:23,1
DA:24,1
DA:25,1
DA:26,1
DA:27,1
DA:28,1
DA:29,2
LF:29
LH:29
BRDA:6,0,0,2
BRDA:6,1,0,2
BRDA:11,2,0,1
BRDA:25,3,0,0
BRDA:12,4,0,2
BRF:5
BRH:4
end_of_record
TN:
SF:src\app\handlers\planets\getPlanetsSWApi.ts
FN:5,handler
FNF:1
FNH:1
FNDA:3,handler
DA:1,1
DA:2,1
DA:3,1
DA:4,1
DA:5,1
DA:6,3
DA:7,3
DA:8,3
DA:9,3
DA:10,3
DA:11,3
DA:12,1
DA:13,1
DA:14,1
DA:15,1
DA:16,1
DA:17,2
DA:18,1
DA:19,1
DA:20,1
DA:21,1
DA:22,1
DA:23,1
DA:24,1
DA:25,1
DA:26,1
DA:27,1
DA:28,1
DA:29,1
DA:30,1
DA:31,1
DA:32,3
LF:32
LH:32
BRDA:5,0,0,3
BRDA:5,1,0,3
BRDA:9,2,0,2
BRDA:9,3,0,1
BRDA:9,4,0,2
BRDA:11,5,0,1
BRDA:17,6,0,2
BRDA:18,7,0,1
BRDA:28,8,0,0
BRF:9
BRH:8
end_of_record
TN:
SF:src\contexts\people\application\commands\CreatePeopleCommand.ts
FN:5,CreatePeopleCommand
FN:7,validate
FNF:2
FNH:0
FNDA:0,CreatePeopleCommand
FNDA:0,validate
DA:1,1
DA:2,1
DA:3,1
DA:4,1
DA:5,1
DA:6,1
DA:7,1
DA:8,0
DA:9,0
DA:10,0
DA:11,0
DA:12,1
LF:12
LH:8
BRF:0
BRH:0
end_of_record
TN:
SF:src\contexts\people\application\commands\CreatePeopleCommandHandler.ts
FN:11,_classThis
FN:15,handle
FNF:2
FNH:1
FNDA:1,_classThis
FNDA:0,handle
DA:1,1
DA:2,1
DA:3,1
DA:4,1
DA:5,1
DA:6,1
DA:7,1
DA:8,1
DA:9,1
DA:10,1
DA:11,1
DA:12,1
DA:13,1
DA:14,1
DA:15,1
DA:16,0
DA:17,0
DA:18,0
DA:19,0
DA:20,0
DA:21,0
DA:22,0
DA:23,0
DA:24,0
DA:25,0
DA:26,0
DA:27,0
DA:28,0
DA:29,0
DA:30,0
DA:31,0
DA:32,0
DA:33,0
DA:34,0
DA:35,0
DA:36,0
DA:37,0
DA:38,0
DA:39,0
DA:40,0
DA:41,0
DA:42,0
DA:43,0
DA:44,0
DA:45,0
DA:46,0
DA:47,0
DA:48,0
DA:49,0
DA:50,0
DA:51,0
DA:52,0
DA:53,0
DA:54,0
DA:55,0
DA:56,1
LF:56
LH:16
BRDA:11,0,0,1
BRF:1
BRH:1
end_of_record
TN:
SF:src\contexts\people\application\dtos\People.ts
FN:17,People
FNF:1
FNH:1
FNDA:2,People
DA:1,1
DA:2,1
DA:3,1
DA:4,1
DA:5,1
DA:6,1
DA:7,1
DA:8,1
DA:9,1
DA:10,1
DA:11,1
DA:12,1
DA:13,1
DA:14,1
DA:15,1
DA:16,1
DA:17,1
DA:18,2
DA:19,2
DA:20,2
DA:21,2
DA:22,2
DA:23,2
DA:24,2
DA:25,2
DA:26,2
DA:27,2
DA:28,2
DA:29,2
DA:30,2
DA:31,2
DA:32,2
DA:33,2
DA:34,2
DA:35,2
DA:36,2
DA:37,2
DA:38,2
DA:39,2
DA:40,2
DA:41,2
DA:42,2
DA:43,2
DA:44,1
LF:44
LH:44
BRDA:17,0,0,2
BRF:1
BRH:1
end_of_record
TN:
SF:src\contexts\people\application\dtos\PeopleDataEnglishApp.ts
FN:17,PeopleDataEnglishApp
FNF:1
FNH:0
FNDA:0,PeopleDataEnglishApp
DA:1,1
DA:2,1
DA:3,1
DA:4,1
DA:5,1
DA:6,1
DA:7,1
DA:8,1
DA:9,1
DA:10,1
DA:11,1
DA:12,1
DA:13,1
DA:14,1
DA:15,1
DA:16,1
DA:17,1
DA:18,0
DA:19,0
DA:20,0
DA:21,0
DA:22,0
DA:23,0
DA:24,0
DA:25,0
DA:26,0
DA:27,0
DA:28,0
DA:29,0
DA:30,0
DA:31,0
DA:32,0
DA:33,0
DA:34,0
DA:35,0
DA:36,0
DA:37,0
DA:38,0
DA:39,0
DA:40,0
DA:41,0
DA:42,0
DA:43,0
DA:44,1
LF:44
LH:18
BRF:0
BRH:0
end_of_record
TN:
SF:src\contexts\people\application\dtos\PeopleDataSpanishApp.ts
FN:16,PeopleDataSpanishApp
FNF:1
FNH:1
FNDA:2,PeopleDataSpanishApp
DA:1,1
DA:2,1
DA:3,1
DA:4,1
DA:5,1
DA:6,1
DA:7,1
DA:8,1
DA:9,1
DA:10,1
DA:11,1
DA:12,1
DA:13,1
DA:14,1
DA:15,1
DA:16,1
DA:17,2
DA:18,2
DA:19,2
DA:20,2
DA:21,2
DA:22,2
DA:23,2
DA:24,2
DA:25,2
DA:26,2
DA:27,2
DA:28,2
DA:29,2
DA:30,2
DA:31,2
DA:32,2
DA:33,2
DA:34,2
DA:35,2
DA:36,2
DA:37,2
DA:38,2
DA:39,2
DA:40,2
DA:41,2
DA:42,2
DA:43,1
LF:43
LH:43
BRDA:16,0,0,2
BRF:1
BRH:1
end_of_record
TN:
SF:src\contexts\people\application\queries\GetPeopleQueryHandler.ts
FN:9,_classThis
FN:13,execute
FNF:2
FNH:1
FNDA:1,_classThis
FNDA:0,execute
DA:1,1
DA:2,1
DA:3,1
DA:4,1
DA:5,1
DA:6,1
DA:7,1
DA:8,1
DA:9,1
DA:10,1
DA:11,1
DA:12,1
DA:13,1
DA:14,0
DA:15,0
DA:16,0
DA:17,0
DA:18,0
DA:19,0
DA:20,0
DA:21,0
DA:22,1
LF:22
LH:14
BRDA:9,0,0,1
BRF:1
BRH:1
end_of_record
TN:
SF:src\contexts\people\application\queries\PeopleQueryValues.ts
FN:2,PeopleQueryValues
FNF:1
FNH:0
FNDA:0,PeopleQueryValues
DA:1,1
DA:2,1
DA:3,1
LF:3
LH:3
BRF:0
BRH:0
end_of_record
TN:
SF:src\contexts\people\application\queries\RetrievePeopleQueryHandler.ts
FN:10,_classThis
FN:14,execute
FNF:2
FNH:1
FNDA:1,_classThis
FNDA:0,execute
DA:1,1
DA:2,1
DA:3,1
DA:4,1
DA:5,1
DA:6,1
DA:7,1
DA:8,1
DA:9,1
DA:10,1
DA:11,1
DA:12,1
DA:13,1
DA:14,1
DA:15,0
DA:16,0
DA:17,0
DA:18,1
LF:18
LH:15
BRDA:10,0,0,1
BRF:1
BRH:1
end_of_record
TN:
SF:src\contexts\people\application\services\PeopleRegistryService.ts
FN:12,_classThis
FN:18,createPeople
FN:22,listPeople
FN:26,getPeopleFromApi
FNF:4
FNH:4
FNDA:4,_classThis
FNDA:1,createPeople
FNDA:1,listPeople
FNDA:1,getPeopleFromApi
DA:1,1
DA:2,1
DA:3,1
DA:4,1
DA:5,1
DA:6,1
DA:7,1
DA:8,1
DA:9,1
DA:10,1
DA:11,1
DA:12,1
DA:13,4
DA:14,4
DA:15,4
DA:16,4
DA:17,1
DA:18,1
DA:19,1
DA:20,1
DA:21,1
DA:22,1
DA:23,1
DA:24,1
DA:25,1
DA:26,1
DA:27,1
DA:28,1
DA:29,1
DA:30,1
LF:30
LH:30
BRDA:12,0,0,4
BRDA:18,1,0,1
BRDA:22,2,0,1
BRDA:26,3,0,1
BRF:4
BRH:4
end_of_record
TN:
SF:src\contexts\people\application\usecases\PlanetCreationUseCase.ts
FN:15,_classThis
FN:19,createPeople
FNF:2
FNH:1
FNDA:1,_classThis
FNDA:0,createPeople
DA:1,1
DA:2,1
DA:3,1
DA:4,1
DA:5,1
DA:6,1
DA:7,1
DA:8,1
DA:9,1
DA:10,1
DA:11,1
DA:12,1
DA:13,1
DA:14,1
DA:15,1
DA:16,1
DA:17,1
DA:18,1
DA:19,1
DA:20,0
DA:21,0
DA:22,0
DA:23,0
DA:24,0
DA:25,0
DA:26,0
DA:27,0
DA:28,0
DA:29,1
LF:29
LH:20
BRDA:15,0,0,1
BRF:1
BRH:1
end_of_record
TN:
SF:src\contexts\people\application\usecases\RetrievePlanetFromApiUseCase.ts
FN:10,_classThis
FN:14,execute
FNF:2
FNH:1
FNDA:1,_classThis
FNDA:0,execute
DA:1,1
DA:2,1
DA:3,1
DA:4,1
DA:5,1
DA:6,1
DA:7,1
DA:8,1
DA:9,1
DA:10,1
DA:11,1
DA:12,1
DA:13,1
DA:14,1
DA:15,0
DA:16,0
DA:17,0
DA:18,0
DA:19,0
DA:20,0
DA:21,0
DA:22,0
DA:23,0
DA:24,0
DA:25,0
DA:26,0
DA:27,0
DA:28,0
DA:29,0
DA:30,0
DA:31,0
DA:32,0
DA:33,0
DA:34,0
DA:35,0
DA:36,0
DA:37,0
DA:38,0
DA:39,0
DA:40,0
DA:41,0
DA:42,0
DA:43,1
LF:43
LH:15
BRDA:10,0,0,1
BRF:1
BRH:1
end_of_record
TN:
SF:src\contexts\people\application\usecases\RetrievePlanetsUseCase.ts
FN:10,_classThis
FN:14,execute
FNF:2
FNH:1
FNDA:1,_classThis
FNDA:0,execute
DA:1,1
DA:2,1
DA:3,1
DA:4,1
DA:5,1
DA:6,1
DA:7,1
DA:8,1
DA:9,1
DA:10,1
DA:11,1
DA:12,1
DA:13,1
DA:14,1
DA:15,0
DA:16,0
DA:17,0
DA:18,1
LF:18
LH:15
BRDA:10,0,0,1
BRF:1
BRH:1
end_of_record
TN:
SF:src\contexts\people\infraestructure\api\externalServices\PeopleApiClient.ts
FN:10,_classThis
FN:14,get
FNF:2
FNH:1
FNDA:1,_classThis
FNDA:0,get
DA:1,1
DA:2,1
DA:3,1
DA:4,1
DA:5,1
DA:6,1
DA:7,1
DA:8,1
DA:9,1
DA:10,1
DA:11,1
DA:12,1
DA:13,1
DA:14,1
DA:15,0
DA:16,0
DA:17,0
DA:18,0
DA:19,0
DA:20,0
DA:21,0
DA:22,0
DA:23,0
DA:24,0
DA:25,0
DA:26,0
DA:27,0
DA:28,0
DA:29,0
DA:30,0
DA:31,0
DA:32,0
DA:33,0
DA:34,0
DA:35,0
DA:36,0
DA:37,0
DA:38,0
DA:39,0
DA:40,0
DA:41,0
DA:42,0
DA:43,1
LF:43
LH:15
BRDA:10,0,0,1
BRF:1
BRH:1
end_of_record
TN:
SF:src\contexts\people\infraestructure\repositories\PlanetRepository.ts
FN:10,PeopleRepository
FN:14,save
FN:34,findById
FN:46,findAll
FNF:4
FNH:1
FNDA:1,PeopleRepository
FNDA:0,save
FNDA:0,findById
FNDA:0,findAll
DA:1,1
DA:2,1
DA:3,1
DA:4,1
DA:5,1
DA:6,1
DA:7,1
DA:8,1
DA:9,1
DA:10,1
DA:11,1
DA:12,1
DA:13,1
DA:14,1
DA:15,0
DA:16,0
DA:17,0
DA:18,0
DA:19,0
DA:20,0
DA:21,0
DA:22,0
DA:23,0
DA:24,0
DA:25,0
DA:26,0
DA:27,0
DA:28,0
DA:29,0
DA:30,0
DA:31,0
DA:32,0
DA:33,1
DA:34,1
DA:35,0
DA:36,0
DA:37,0
DA:38,0
DA:39,0
DA:40,0
DA:41,0
DA:42,0
DA:43,0
DA:44,0
DA:45,1
DA:46,1
DA:47,0
DA:48,0
DA:49,0
DA:50,1
LF:50
LH:19
BRDA:10,0,0,1
BRF:1
BRH:1
end_of_record
TN:
SF:src\contexts\planets\application\commands\CreatePlanetCommand.ts
FN:5,CreatePlanetCommand
FN:7,validate
FNF:2
FNH:1
FNDA:2,CreatePlanetCommand
FNDA:0,validate
DA:1,1
DA:2,1
DA:3,1
DA:4,1
DA:5,1
DA:6,1
DA:7,1
DA:8,0
DA:9,0
DA:10,0
DA:11,0
DA:12,1
LF:12
LH:8
BRDA:5,0,0,2
BRF:1
BRH:1
end_of_record
TN:
SF:src\contexts\planets\application\commands\CreatePlanetCommandHandler.ts
FN:11,_classThis
FN:15,handle
FNF:2
FNH:0
FNDA:0,_classThis
FNDA:0,handle
DA:1,1
DA:2,1
DA:3,1
DA:4,1
DA:5,1
DA:6,1
DA:7,1
DA:8,1
DA:9,1
DA:10,1
DA:11,1
DA:12,0
DA:13,0
DA:14,1
DA:15,1
DA:16,0
DA:17,0
DA:18,0
DA:19,0
DA:20,0
DA:21,0
DA:22,0
DA:23,0
DA:24,0
DA:25,0
DA:26,0
DA:27,0
DA:28,0
DA:29,0
DA:30,0
DA:31,0
DA:32,0
DA:33,0
DA:34,0
DA:35,0
DA:36,0
DA:37,0
DA:38,0
DA:39,0
DA:40,0
DA:41,0
DA:42,0
DA:43,0
DA:44,1
LF:44
LH:14
BRF:0
BRH:0
end_of_record
TN:
SF:src\contexts\planets\application\dtos\Planet.ts
FN:13,Planet
FNF:1
FNH:1
FNDA:13,Planet
DA:1,1
DA:2,1
DA:3,1
DA:4,1
DA:5,1
DA:6,1
DA:7,1
DA:8,1
DA:9,1
DA:10,1
DA:11,1
DA:12,1
DA:13,1
DA:14,13
DA:15,13
DA:16,13
DA:17,13
DA:18,13
DA:19,13
DA:20,13
DA:21,13
DA:22,13
DA:23,13
DA:24,13
DA:25,13
DA:26,13
DA:27,13
DA:28,13
DA:29,13
DA:30,13
DA:31,13
DA:32,13
DA:33,13
DA:34,1
LF:34
LH:34
BRDA:13,0,0,13
BRF:1
BRH:1
end_of_record
TN:
SF:src\contexts\planets\application\dtos\PlanetDataEnglishApp.ts
FN:12,PlanetDataEnglishApp
FNF:1
FNH:1
FNDA:1,PlanetDataEnglishApp
DA:1,1
DA:2,1
DA:3,1
DA:4,1
DA:5,1
DA:6,1
DA:7,1
DA:8,1
DA:9,1
DA:10,1
DA:11,1
DA:12,1
DA:13,1
DA:14,1
DA:15,1
DA:16,1
DA:17,1
DA:18,1
DA:19,1
DA:20,1
DA:21,1
DA:22,1
DA:23,1
DA:24,1
DA:25,1
DA:26,1
DA:27,1
DA:28,1
DA:29,1
DA:30,1
DA:31,1
DA:32,1
DA:33,1
LF:33
LH:33
BRDA:12,0,0,1
BRDA:24,1,0,0
BRDA:25,2,0,0
BRDA:26,3,0,0
BRDA:30,4,0,0
BRDA:31,5,0,0
BRF:6
BRH:1
end_of_record
TN:
SF:src\contexts\planets\application\dtos\PlanetDataSpanishApp.ts
FN:12,PlanetDataSpanishApp
FNF:1
FNH:1
FNDA:6,PlanetDataSpanishApp
DA:1,1
DA:2,1
DA:3,1
DA:4,1
DA:5,1
DA:6,1
DA:7,1
DA:8,1
DA:9,1
DA:10,1
DA:11,1
DA:12,1
DA:13,6
DA:14,6
DA:15,6
DA:16,6
DA:17,6
DA:18,6
DA:19,6
DA:20,6
DA:21,6
DA:22,6
DA:23,6
DA:24,6
DA:25,6
DA:26,6
DA:27,6
DA:28,6
DA:29,6
DA:30,6
DA:31,6
DA:32,6
DA:33,1
LF:33
LH:33
BRDA:12,0,0,6
BRDA:24,1,0,0
BRDA:25,2,0,0
BRDA:26,3,0,0
BRDA:30,4,0,0
BRDA:31,5,0,0
BRF:6
BRH:1
end_of_record
TN:
SF:src\contexts\planets\application\queries\GetPlanetQueryHandler.ts
FN:10,_classThis
FN:14,execute
FNF:2
FNH:1
FNDA:1,_classThis
FNDA:0,execute
DA:1,1
DA:2,1
DA:3,1
DA:4,1
DA:5,1
DA:6,1
DA:7,1
DA:8,1
DA:9,1
DA:10,1
DA:11,1
DA:12,1
DA:13,1
DA:14,1
DA:15,0
DA:16,0
DA:17,0
DA:18,0
DA:19,0
DA:20,0
DA:21,0
DA:22,0
DA:23,0
DA:24,0
DA:25,0
DA:26,1
LF:26
LH:15
BRDA:10,0,0,1
BRF:1
BRH:1
end_of_record
TN:
SF:src\contexts\planets\application\queries\PlanetQueryValues.ts
FN:2,PlanetQueryValues
FNF:1
FNH:1
FNDA:2,PlanetQueryValues
DA:1,1
DA:2,1
DA:3,1
LF:3
LH:3
BRDA:2,0,0,2
BRF:1
BRH:1
end_of_record
TN:
SF:src\contexts\planets\application\queries\RetrievePlanetsQueryHandler.ts
FN:11,_classThis
FN:15,execute
FNF:2
FNH:1
FNDA:1,_classThis
FNDA:0,execute
DA:1,1
DA:2,1
DA:3,1
DA:4,1
DA:5,1
DA:6,1
DA:7,1
DA:8,1
DA:9,1
DA:10,1
DA:11,1
DA:12,1
DA:13,1
DA:14,1
DA:15,1
DA:16,0
DA:17,0
DA:18,0
DA:19,1
LF:19
LH:16
BRDA:11,0,0,1
BRF:1
BRH:1
end_of_record
TN:
SF:src\contexts\planets\application\services\PlanetRegistryService.ts
FN:11,_classThis
FN:17,createPlanet
FN:21,listPlanets
FN:25,getPlanetsFromApi
FNF:4
FNH:4
FNDA:4,_classThis
FNDA:1,createPlanet
FNDA:1,listPlanets
FNDA:1,getPlanetsFromApi
DA:1,1
DA:2,1
DA:3,1
DA:4,1
DA:5,1
DA:6,1
DA:7,1
DA:8,1
DA:9,1
DA:10,1
DA:11,1
DA:12,4
DA:13,4
DA:14,4
DA:15,4
DA:16,1
DA:17,1
DA:18,1
DA:19,1
DA:20,1
DA:21,1
DA:22,1
DA:23,1
DA:24,1
DA:25,1
DA:26,1
DA:27,1
DA:28,1
DA:29,1
LF:29
LH:29
BRDA:11,0,0,4
BRDA:17,1,0,1
BRDA:21,2,0,1
BRDA:25,3,0,1
BRF:4
BRH:4
end_of_record
TN:
SF:src\contexts\planets\application\usecases\PlanetCreationUseCase.ts
FN:15,_classThis
FN:19,createPlanet
FNF:2
FNH:2
FNDA:2,_classThis
FNDA:1,createPlanet
DA:1,1
DA:2,1
DA:3,1
DA:4,1
DA:5,1
DA:6,1
DA:7,1
DA:8,1
DA:9,1
DA:10,1
DA:11,1
DA:12,1
DA:13,1
DA:14,1
DA:15,1
DA:16,2
DA:17,2
DA:18,1
DA:19,1
DA:20,1
DA:21,1
DA:22,1
DA:23,1
DA:24,0
DA:25,0
DA:26,1
DA:27,1
DA:28,1
LF:28
LH:26
BRDA:15,0,0,2
BRDA:19,1,0,1
BRDA:23,2,0,0
BRF:3
BRH:2
end_of_record
TN:
SF:src\contexts\planets\application\usecases\RetrievePlanetFromApiUseCase.ts
FN:10,_classThis
FN:14,execute
FNF:2
FNH:2
FNDA:2,_classThis
FNDA:1,execute
DA:1,1
DA:2,1
DA:3,1
DA:4,1
DA:5,1
DA:6,1
DA:7,1
DA:8,1
DA:9,1
DA:10,1
DA:11,2
DA:12,2
DA:13,1
DA:14,1
DA:15,1
DA:16,1
DA:17,1
DA:18,1
DA:19,1
DA:20,1
DA:21,1
DA:22,1
DA:23,1
DA:24,1
DA:25,1
DA:26,1
DA:27,1
DA:28,1
DA:29,1
DA:30,1
DA:31,0
DA:32,0
DA:33,1
DA:34,1
LF:34
LH:32
BRDA:10,0,0,2
BRDA:14,1,0,1
BRDA:30,2,0,0
BRF:3
BRH:2
end_of_record
TN:
SF:src\contexts\planets\application\usecases\RetrievePlanetsUseCase.ts
FN:10,_classThis
FN:14,execute
FNF:2
FNH:2
FNDA:2,_classThis
FNDA:1,execute
DA:1,1
DA:2,1
DA:3,1
DA:4,1
DA:5,1
DA:6,1
DA:7,1
DA:8,1
DA:9,1
DA:10,1
DA:11,2
DA:12,2
DA:13,1
DA:14,1
DA:15,1
DA:16,1
DA:17,1
DA:18,1
LF:18
LH:18
BRDA:10,0,0,2
BRDA:14,1,0,1
BRF:2
BRH:2
end_of_record
TN:
SF:src\contexts\planets\infraestructure\api\externalServices\PlanetApiClient.ts
FN:10,_classThis
FN:14,getPlanet
FNF:2
FNH:1
FNDA:1,_classThis
FNDA:0,getPlanet
DA:1,1
DA:2,1
DA:3,1
DA:4,1
DA:5,1
DA:6,1
DA:7,1
DA:8,1
DA:9,1
DA:10,1
DA:11,1
DA:12,1
DA:13,1
DA:14,1
DA:15,0
DA:16,0
DA:17,0
DA:18,0
DA:19,0
DA:20,0
DA:21,0
DA:22,0
DA:23,0
DA:24,0
DA:25,0
DA:26,0
DA:27,0
DA:28,0
DA:29,1
LF:29
LH:15
BRDA:10,0,0,1
BRF:1
BRH:1
end_of_record
TN:
SF:src\contexts\planets\infraestructure\repositories\PlanetRepository.ts
FN:8,PlanetRepository
FN:29,save
FN:52,findById
FN:75,findAll
FNF:4
FNH:1
FNDA:1,PlanetRepository
FNDA:0,save
FNDA:0,findById
FNDA:0,findAll
DA:1,1
DA:2,1
DA:3,1
DA:4,1
DA:5,1
DA:6,1
DA:7,1
DA:8,1
DA:9,1
DA:10,1
DA:11,1
DA:12,1
DA:13,1
DA:14,1
DA:15,1
DA:16,1
DA:17,1
DA:18,1
DA:19,1
DA:20,1
DA:21,1
DA:22,1
DA:23,1
DA:24,1
DA:25,1
DA:26,1
DA:27,1
DA:28,1
DA:29,1
DA:30,0
DA:31,0
DA:32,0
DA:33,0
DA:34,0
DA:35,0
DA:36,0
DA:37,0
DA:38,0
DA:39,0
DA:40,0
DA:41,0
DA:42,0
DA:43,0
DA:44,0
DA:45,0
DA:46,0
DA:47,0
DA:48,0
DA:49,0
DA:50,1
DA:51,1
DA:52,1
DA:53,0
DA:54,0
DA:55,0
DA:56,0
DA:57,0
DA:58,0
DA:59,0
DA:60,0
DA:61,0
DA:62,0
DA:63,0
DA:64,0
DA:65,0
DA:66,0
DA:67,0
DA:68,0
DA:69,0
DA:70,0
DA:71,0
DA:72,0
DA:73,0
DA:74,1
DA:75,1
DA:76,0
DA:77,0
DA:78,0
DA:79,0
DA:80,0
DA:81,0
DA:82,0
DA:83,0
DA:84,0
DA:85,0
DA:86,0
DA:87,0
DA:88,0
DA:89,1
LF:89
LH:35
BRDA:8,0,0,1
BRF:1
BRH:1
end_of_record
TN:
SF:src\tests\app\handlers\planets\data\planetTestData.ts
FNF:0
FNH:0
DA:1,1
DA:2,1
DA:3,1
DA:4,1
DA:5,1
DA:6,1
DA:7,1
DA:8,1
DA:9,1
DA:10,1
DA:11,1
DA:12,1
DA:13,1
DA:14,1
DA:15,1
DA:16,1
DA:17,1
DA:18,1
LF:18
LH:18
BRF:0
BRH:0
end_of_record
TN:
SF:src\tests\app\handlers\planets\mocks\mockPlanetRegistryService.ts
FNF:0
FNH:0
DA:1,1
DA:2,1
DA:3,1
DA:4,1
DA:5,1
DA:6,1
DA:7,1
LF:7
LH:7
BRF:0
BRH:0
end_of_record
TN:
SF:src\tests\app\handlers\planets\utils\testFunctions.ts
FN:8,testCreatePlanetSuccess
FN:19,testCreatePlanetFailure
FNF:2
FNH:2
FNDA:1,testCreatePlanetSuccess
FNDA:1,testCreatePlanetFailure
DA:1,1
DA:2,1
DA:3,1
DA:4,1
DA:5,1
DA:6,1
DA:7,1
DA:8,1
DA:9,1
DA:10,1
DA:11,1
DA:12,1
DA:13,1
DA:14,1
DA:15,1
DA:16,1
DA:17,1
DA:18,1
DA:19,1
DA:20,1
DA:21,1
DA:22,1
DA:23,1
DA:24,1
DA:25,1
DA:26,1
DA:27,1
DA:28,1
LF:28
LH:28
BRDA:8,0,0,1
BRDA:19,1,0,1
BRF:2
BRH:2
end_of_record
TN:
SF:src\tests\app\handlers\planets\utils\testUtils.ts
FN:15,getRemainingTimeInMillis
FN:16,done
FN:17,fail
FN:18,succeed
FN:22,setupMockContainer
FNF:5
FNH:1
FNDA:0,getRemainingTimeInMillis
FNDA:0,done
FNDA:0,fail
FNDA:0,succeed
FNDA:3,setupMockContainer
DA:1,1
DA:2,1
DA:3,1
DA:4,1
DA:5,1
DA:6,1
DA:7,1
DA:8,1
DA:9,1
DA:10,1
DA:11,1
DA:12,1
DA:13,1
DA:14,1
DA:15,1
DA:16,1
DA:17,1
DA:18,1
DA:19,1
DA:20,1
DA:21,1
DA:22,1
DA:23,3
DA:24,8
DA:25,8
DA:26,3
DA:27,3
DA:28,3
DA:29,8
DA:30,8
DA:31,3
DA:32,3
LF:32
LH:32
BRDA:22,0,0,3
BRDA:23,1,0,8
BRDA:28,2,0,8
BRF:3
BRH:3
end_of_record
